nohup: ignoring input
/home/brc05/anaconda3/envs/BeatAML/lib/python3.11/site-packages/sklearn/model_selection/_validation.py:378: FitFailedWarning: 
5 fits failed out of a total of 500.
The score on these train-test partitions for these parameters will be set to nan.
If these failures are not expected, you can try to debug them by setting error_score='raise'.

Below are more details about the failures:
--------------------------------------------------------------------------------
5 fits failed with the following error:
Traceback (most recent call last):
  File "/home/brc05/anaconda3/envs/BeatAML/lib/python3.11/site-packages/sklearn/model_selection/_validation.py", line 686, in _fit_and_score
    estimator.fit(X_train, y_train, **fit_params)
  File "/home/brc05/anaconda3/envs/BeatAML/lib/python3.11/site-packages/catboost/core.py", line 5734, in fit
    return self._fit(X, y, cat_features, text_features, embedding_features, None, sample_weight, None, None, None, None, baseline,
           ^^^^^^^^^^^^^^^^^^^^^^^^^^^^^^^^^^^^^^^^^^^^^^^^^^^^^^^^^^^^^^^^^^^^^^^^^^^^^^^^^^^^^^^^^^^^^^^^^^^^^^^^^^^^^^^^^^^^^^^
  File "/home/brc05/anaconda3/envs/BeatAML/lib/python3.11/site-packages/catboost/core.py", line 2341, in _fit
    train_params = self._prepare_train_params(
                   ^^^^^^^^^^^^^^^^^^^^^^^^^^^
  File "/home/brc05/anaconda3/envs/BeatAML/lib/python3.11/site-packages/catboost/core.py", line 2268, in _prepare_train_params
    _check_train_params(params)
  File "_catboost.pyx", line 6084, in _catboost._check_train_params
  File "_catboost.pyx", line 6103, in _catboost._check_train_params
_catboost.CatBoostError: /src/catboost/catboost/private/libs/options/boosting_options.cpp:79: Learning rate should be non-zero

  warnings.warn(some_fits_failed_message, FitFailedWarning)
/home/brc05/anaconda3/envs/BeatAML/lib/python3.11/site-packages/sklearn/model_selection/_search.py:952: UserWarning: One or more of the test scores are non-finite: [-0.05368704 -0.05237297  0.04547835  0.04750499  0.02413664 -0.05434429
 -0.05800398 -0.20435532 -0.05237238 -0.05236923 -0.05907521 -0.05378874
 -0.0416523  -0.05237386 -0.0480192  -0.430362   -0.05348135 -0.05547377
 -0.05291159 -0.05232794         nan -0.05308589 -0.05239048 -0.05238174
 -0.0609996  -0.06207809 -0.0551004   0.0468367  -0.0414521  -0.05313158
 -0.05262595 -0.06300321 -0.0523794  -0.05237125  0.04298045 -0.05236971
 -0.04532777 -0.05241104  0.04502015 -0.05240134 -0.05241301 -0.05440212
 -0.06890712 -0.05237172 -0.00640322 -0.10243394 -0.0470633  -0.02921934
 -0.03682134  0.01522182 -0.05237215 -0.05252297 -0.01772134 -0.32905118
  0.00219497 -0.04164113 -0.05217506  0.05960491 -0.0524334  -0.05370205
 -0.05265517 -0.05340844 -0.05237378 -0.05237886  0.05522766 -0.05237665
  0.04682988  0.01535111 -0.05319084  0.04759266 -0.0524721  -0.05249551
 -0.05239836 -0.04749022  0.01434743  0.01938563  0.01768064 -0.17325784
 -0.05237354 -0.05333543 -0.05237563 -0.05569298 -0.05243602 -0.05746816
 -0.05235955 -0.0806177   0.03945288 -0.05270589 -0.05865688 -0.29936364
 -0.05244769 -0.02519723 -0.0257317  -0.05592847  0.05605398 -0.05239119
 -0.01832923 -0.05774965  0.03817761 -0.05237281]
  warnings.warn(
