Loaded training file
Shape of training set after removing non-numeric cols
(34387, 1437)
(19184, 1437)
Shape of training set after removing cols with NaNs
(34387, 1424)
(19184, 1424)
Fitting 5 folds for each of 50 candidates, totalling 250 fits
[CV] END criterion=absolute_error, max_depth=3, max_features=0.3, min_samples_leaf=8, n_estimators=100; total time=464.9min
[CV] END criterion=absolute_error, max_depth=3, max_features=0.2, min_samples_leaf=4, n_estimators=100; total time=341.9min
[CV] END criterion=squared_error, max_depth=9, max_features=0.3, min_samples_leaf=8, n_estimators=200; total time=10.6min
[CV] END criterion=squared_error, max_depth=9, max_features=0.3, min_samples_leaf=8, n_estimators=200; total time=11.2min
[CV] END criterion=absolute_error, max_depth=3, max_features=0.1, min_samples_leaf=16, n_estimators=100; total time=147.1min
[CV] END criterion=absolute_error, max_depth=7, max_features=0.2, min_samples_leaf=8, n_estimators=200; total time=810.7min
[CV] END criterion=squared_error, max_depth=3, max_features=0.3, min_samples_leaf=8, n_estimators=200; total time= 3.2min
[CV] END criterion=squared_error, max_depth=None, max_features=0.2, min_samples_leaf=12, n_estimators=200; total time=11.7min
[CV] END criterion=squared_error, max_depth=9, max_features=0.2, min_samples_leaf=16, n_estimators=100; total time= 3.5min
[CV] END criterion=squared_error, max_depth=3, max_features=0.2, min_samples_leaf=12, n_estimators=100; total time= 1.1min
[CV] END criterion=absolute_error, max_depth=7, max_features=0.2, min_samples_leaf=12, n_estimators=100; total time=502.7min
[CV] END criterion=absolute_error, max_depth=7, max_features=0.1, min_samples_leaf=12, n_estimators=200; total time=446.7min
[CV] END criterion=absolute_error, max_depth=1, max_features=0.3, min_samples_leaf=12, n_estimators=200; total time=439.5min
[CV] END criterion=absolute_error, max_depth=3, max_features=0.1, min_samples_leaf=4, n_estimators=200; total time=294.8min
[CV] END criterion=absolute_error, max_depth=9, max_features=sqrt, min_samples_leaf=12, n_estimators=200; total time=106.4min
[CV] END criterion=squared_error, max_depth=None, max_features=0.2, min_samples_leaf=12, n_estimators=200; total time=11.7min
[CV] END criterion=squared_error, max_depth=1, max_features=0.1, min_samples_leaf=16, n_estimators=200; total time=  54.8s
[CV] END criterion=squared_error, max_depth=1, max_features=0.1, min_samples_leaf=16, n_estimators=200; total time=  59.2s
[CV] END criterion=absolute_error, max_depth=1, max_features=0.2, min_samples_leaf=12, n_estimators=200; total time=326.2min
[CV] END criterion=absolute_error, max_depth=1, max_features=0.1, min_samples_leaf=4, n_estimators=100; total time=73.9min
[CV] END criterion=absolute_error, max_depth=5, max_features=0.2, min_samples_leaf=8, n_estimators=100; total time=416.1min
[CV] END criterion=squared_error, max_depth=9, max_features=0.3, min_samples_leaf=8, n_estimators=200; total time=11.0min
[CV] END criterion=absolute_error, max_depth=3, max_features=0.1, min_samples_leaf=16, n_estimators=100; total time=152.4min
[CV] END criterion=absolute_error, max_depth=7, max_features=0.2, min_samples_leaf=8, n_estimators=200; total time=794.1min
[CV] END criterion=squared_error, max_depth=1, max_features=0.3, min_samples_leaf=8, n_estimators=100; total time=  52.1s
[CV] END criterion=squared_error, max_depth=1, max_features=0.3, min_samples_leaf=8, n_estimators=100; total time=  51.6s
[CV] END criterion=squared_error, max_depth=9, max_features=0.3, min_samples_leaf=16, n_estimators=100; total time= 5.0min
[CV] END criterion=squared_error, max_depth=9, max_features=0.3, min_samples_leaf=16, n_estimators=100; total time= 5.0min
[CV] END criterion=squared_error, max_depth=3, max_features=0.3, min_samples_leaf=8, n_estimators=200; total time= 3.3min
[CV] END criterion=squared_error, max_depth=None, max_features=0.2, min_samples_leaf=12, n_estimators=200; total time=11.3min
[CV] END criterion=squared_error, max_depth=9, max_features=0.2, min_samples_leaf=16, n_estimators=100; total time= 3.5min
[CV] END criterion=squared_error, max_depth=1, max_features=0.1, min_samples_leaf=16, n_estimators=200; total time=  56.4s
[CV] END criterion=squared_error, max_depth=1, max_features=0.1, min_samples_leaf=16, n_estimators=200; total time=  55.3s
[CV] END criterion=absolute_error, max_depth=3, max_features=0.3, min_samples_leaf=8, n_estimators=100; total time=476.1min
[CV] END criterion=absolute_error, max_depth=9, max_features=0.3, min_samples_leaf=4, n_estimators=100; total time=890.6min
[CV] END criterion=absolute_error, max_depth=3, max_features=0.1, min_samples_leaf=4, n_estimators=200; total time=297.4min
[CV] END criterion=absolute_error, max_depth=9, max_features=sqrt, min_samples_leaf=12, n_estimators=200; total time=103.8min
[CV] END criterion=squared_error, max_depth=9, max_features=0.3, min_samples_leaf=4, n_estimators=200; total time= 8.0min
[CV] END criterion=squared_error, max_depth=9, max_features=0.3, min_samples_leaf=16, n_estimators=100; total time= 5.2min
[CV] END criterion=squared_error, max_depth=9, max_features=0.3, min_samples_leaf=16, n_estimators=100; total time= 5.0min
[CV] END criterion=squared_error, max_depth=3, max_features=0.3, min_samples_leaf=8, n_estimators=200; total time= 3.3min
[CV] END criterion=squared_error, max_depth=None, max_features=0.2, min_samples_leaf=12, n_estimators=200; total time=11.8min
[CV] END criterion=squared_error, max_depth=9, max_features=0.2, min_samples_leaf=16, n_estimators=100; total time= 3.5min
[CV] END criterion=squared_error, max_depth=1, max_features=0.1, min_samples_leaf=16, n_estimators=200; total time=  54.5s
[CV] END criterion=absolute_error, max_depth=1, max_features=0.2, min_samples_leaf=12, n_estimators=200; total time=333.0min
[CV] END criterion=squared_error, max_depth=5, max_features=sqrt, min_samples_leaf=12, n_estimators=100; total time=  53.1s
[CV] END criterion=squared_error, max_depth=9, max_features=0.1, min_samples_leaf=12, n_estimators=100; total time= 2.3min
[CV] END criterion=squared_error, max_depth=9, max_features=0.1, min_samples_leaf=12, n_estimators=100; total time= 2.3min
[CV] END criterion=squared_error, max_depth=9, max_features=0.1, min_samples_leaf=12, n_estimators=100; total time= 2.2min
[CV] END criterion=absolute_error, max_depth=None, max_features=0.2, min_samples_leaf=12, n_estimators=100; total time=883.7min
[CV] END criterion=absolute_error, max_depth=None, max_features=0.1, min_samples_leaf=16, n_estimators=200; total time=551.7min
[CV] END criterion=squared_error, max_depth=9, max_features=0.3, min_samples_leaf=16, n_estimators=100; total time= 5.1min
[CV] END criterion=squared_error, max_depth=3, max_features=0.3, min_samples_leaf=8, n_estimators=200; total time= 3.3min
[CV] END criterion=squared_error, max_depth=3, max_features=0.3, min_samples_leaf=8, n_estimators=200; total time= 3.3min
[CV] END criterion=squared_error, max_depth=None, max_features=0.2, min_samples_leaf=12, n_estimators=200; total time=11.9min
[CV] END criterion=squared_error, max_depth=9, max_features=0.2, min_samples_leaf=16, n_estimators=100; total time= 3.4min
[CV] END criterion=squared_error, max_depth=9, max_features=0.2, min_samples_leaf=16, n_estimators=100; total time= 3.3min
[CV] END criterion=absolute_error, max_depth=7, max_features=0.2, min_samples_leaf=12, n_estimators=100; total time=464.7min
[CV] END criterion=absolute_error, max_depth=3, max_features=0.2, min_samples_leaf=4, n_estimators=100; total time=345.4min
[CV] END criterion=squared_error, max_depth=9, max_features=0.3, min_samples_leaf=8, n_estimators=200; total time=11.2min
[CV] END criterion=squared_error, max_depth=5, max_features=sqrt, min_samples_leaf=4, n_estimators=200; total time= 1.3min
[CV] END criterion=squared_error, max_depth=5, max_features=sqrt, min_samples_leaf=4, n_estimators=200; total time= 1.3min
[CV] END criterion=squared_error, max_depth=5, max_features=sqrt, min_samples_leaf=4, n_estimators=200; total time= 1.3min
[CV] END criterion=squared_error, max_depth=5, max_features=sqrt, min_samples_leaf=4, n_estimators=200; total time= 1.2min
[CV] END criterion=squared_error, max_depth=5, max_features=sqrt, min_samples_leaf=4, n_estimators=200; total time= 1.2min
[CV] END criterion=absolute_error, max_depth=3, max_features=0.1, min_samples_leaf=16, n_estimators=100; total time=154.1min
[CV] END criterion=absolute_error, max_depth=7, max_features=0.2, min_samples_leaf=8, n_estimators=200; total time=824.9min
[CV] END criterion=squared_error, max_depth=3, max_features=0.2, min_samples_leaf=12, n_estimators=100; total time= 1.1min
[CV] END criterion=absolute_error, max_depth=7, max_features=0.2, min_samples_leaf=12, n_estimators=100; total time=454.0min
[CV] END criterion=absolute_error, max_depth=3, max_features=0.2, min_samples_leaf=4, n_estimators=100; total time=341.9min
[CV] END criterion=absolute_error, max_depth=None, max_features=sqrt, min_samples_leaf=8, n_estimators=200; total time=158.1min
[CV] END criterion=absolute_error, max_depth=1, max_features=0.3, min_samples_leaf=12, n_estimators=200; total time=439.9min
[CV] END criterion=absolute_error, max_depth=3, max_features=0.1, min_samples_leaf=4, n_estimators=200; total time=292.2min
[CV] END criterion=squared_error, max_depth=9, max_features=0.1, min_samples_leaf=16, n_estimators=100; total time= 2.1min
[CV] END criterion=squared_error, max_depth=9, max_features=0.1, min_samples_leaf=16, n_estimators=100; total time= 2.1min
[CV] END criterion=squared_error, max_depth=9, max_features=0.1, min_samples_leaf=16, n_estimators=100; total time= 2.1min
[CV] END criterion=squared_error, max_depth=9, max_features=0.1, min_samples_leaf=16, n_estimators=100; total time= 2.1min
[CV] END criterion=squared_error, max_depth=9, max_features=0.1, min_samples_leaf=16, n_estimators=100; total time= 2.0min
[CV] END criterion=squared_error, max_depth=3, max_features=0.3, min_samples_leaf=12, n_estimators=100; total time= 2.0min
[CV] END criterion=squared_error, max_depth=3, max_features=0.3, min_samples_leaf=12, n_estimators=100; total time= 2.0min
[CV] END criterion=absolute_error, max_depth=9, max_features=sqrt, min_samples_leaf=4, n_estimators=100; total time=57.4min
[CV] END criterion=absolute_error, max_depth=9, max_features=sqrt, min_samples_leaf=4, n_estimators=100; total time=54.5min
[CV] END criterion=absolute_error, max_depth=1, max_features=0.2, min_samples_leaf=12, n_estimators=200; total time=331.0min
[CV] END criterion=squared_error, max_depth=5, max_features=sqrt, min_samples_leaf=12, n_estimators=100; total time=  51.0s
[CV] END criterion=squared_error, max_depth=5, max_features=sqrt, min_samples_leaf=12, n_estimators=100; total time=  51.2s
[CV] END criterion=squared_error, max_depth=5, max_features=sqrt, min_samples_leaf=12, n_estimators=100; total time=  54.1s
[CV] END criterion=squared_error, max_depth=5, max_features=sqrt, min_samples_leaf=12, n_estimators=100; total time=  55.0s
[CV] END criterion=squared_error, max_depth=9, max_features=0.1, min_samples_leaf=12, n_estimators=100; total time= 2.3min
[CV] END criterion=squared_error, max_depth=9, max_features=0.1, min_samples_leaf=12, n_estimators=100; total time= 2.3min
[CV] END criterion=absolute_error, max_depth=None, max_features=0.2, min_samples_leaf=12, n_estimators=100; total time=703.9min
[CV] END criterion=absolute_error, max_depth=None, max_features=0.1, min_samples_leaf=16, n_estimators=200; total time=658.2min
[CV] END criterion=absolute_error, max_depth=9, max_features=sqrt, min_samples_leaf=4, n_estimators=100; total time=58.3min
[CV] END criterion=absolute_error, max_depth=9, max_features=sqrt, min_samples_leaf=4, n_estimators=100; total time=54.3min
