Loaded training file
Shape of training set after removing non-numeric cols
(34387, 1437)
(19184, 1437)
Shape of training set after removing cols with NaNs
(34387, 1424)
(19184, 1424)
Fitting 5 folds for each of 100 candidates, totalling 500 fits
[CV] END C=0.7424908231815005, epsilon=0.43194501864211576, max_iter=5000; total time=22.4min
[CV] END C=0.019853681526881356, epsilon=0.5986584841970366, max_iter=5000; total time= 6.2min
[CV] END C=0.9085962729593783, epsilon=0.5986584841970366, max_iter=5000; total time=20.4min
[CV] END C=0.08993930726120071, epsilon=0.5986584841970366, max_iter=5000; total time= 8.2min
[CV] END C=0.09030397288885929, epsilon=0.9699098521619943, max_iter=5000; total time= 7.2min
[CV] END C=0.07382751981499336, epsilon=0.2912291401980419, max_iter=5000; total time= 8.8min
[CV] END C=0.0870271969973679, epsilon=0.18182496720710062, max_iter=10000; total time=10.4min
[CV] END C=4.3187351443496365, epsilon=0.18340450985343382, max_iter=10000; total time=26.5min
[CV] END C=0.05172237564581168, epsilon=0.5986584841970366, max_iter=10000; total time= 7.3min
[CV] END C=1.1006115690601632, epsilon=0.8661761457749352, max_iter=10000; total time=17.2min
[CV] END C=3.2228217847874063, epsilon=0.6011150117432088, max_iter=10000; total time=22.2min
[CV] END C=0.019853681526881356, epsilon=0.5986584841970366, max_iter=5000; total time= 4.0min
[CV] END C=0.12334805700860013, epsilon=0.020584494295802447, max_iter=5000; total time=10.6min
[CV] END C=0.9310837957239838, epsilon=0.5247564316322378, max_iter=10000; total time=23.5min
[CV] END C=0.024853845095262, epsilon=0.3745401188473625, max_iter=5000; total time= 5.2min
[CV] END C=0.5748291778269795, epsilon=0.6011150117432088, max_iter=10000; total time=17.1min
[CV] END C=0.14137957607647123, epsilon=0.7080725777960455, max_iter=5000; total time=13.2min
[CV] END C=0.023521225662317322, epsilon=0.2912291401980419, max_iter=5000; total time= 6.9min
[CV] END C=0.03980976140397892, epsilon=0.15601864044243652, max_iter=5000; total time= 6.1min
[CV] END C=0.03119481895713797, epsilon=0.6011150117432088, max_iter=5000; total time= 6.9min
[CV] END C=0.04531564033681055, epsilon=0.8324426408004217, max_iter=10000; total time= 6.5min
[CV] END C=0.03457888877316664, epsilon=0.18182496720710062, max_iter=10000; total time= 9.2min
[CV] END C=0.01000382464797508, epsilon=0.6011150117432088, max_iter=10000; total time= 3.6min
[CV] END C=0.2710162626224751, epsilon=0.8661761457749352, max_iter=10000; total time=13.8min
[CV] END C=0.026919058249260688, epsilon=0.3745401188473625, max_iter=10000; total time= 7.2min
[CV] END C=5.102645844032955, epsilon=0.020584494295802447, max_iter=5000; total time=28.1min
[CV] END C=0.08993930726120071, epsilon=0.5986584841970366, max_iter=5000; total time= 9.9min
[CV] END C=0.09030397288885929, epsilon=0.9699098521619943, max_iter=5000; total time= 6.5min
[CV] END C=0.5748291778269795, epsilon=0.6011150117432088, max_iter=10000; total time=17.9min
[CV] END C=4.3187351443496365, epsilon=0.18340450985343382, max_iter=10000; total time=30.9min
[CV] END C=0.45996766787494736, epsilon=0.7319939418114051, max_iter=10000; total time=17.6min
[CV] END C=0.01000382464797508, epsilon=0.6011150117432088, max_iter=10000; total time= 3.6min
[CV] END C=7.4381593279204035, epsilon=0.18340450985343382, max_iter=10000; total time=32.4min
[CV] END C=0.25057187257477664, epsilon=0.5986584841970366, max_iter=5000; total time=11.1min
[CV] END C=3.2646356775235206, epsilon=0.7319939418114051, max_iter=5000; total time=20.5min
[CV] END C=0.07382751981499336, epsilon=0.2912291401980419, max_iter=5000; total time= 8.8min
[CV] END C=0.1547095854930993, epsilon=0.3042422429595377, max_iter=5000; total time=12.9min
[CV] END C=0.018928738363913202, epsilon=0.9507143064099162, max_iter=10000; total time= 5.2min
[CV] END C=0.11400790983431013, epsilon=0.9699098521619943, max_iter=10000; total time= 7.8min
[CV] END C=0.13178690305790589, epsilon=0.18182496720710062, max_iter=5000; total time=10.5min
[CV] END C=0.03119481895713797, epsilon=0.6011150117432088, max_iter=5000; total time= 6.8min
[CV] END C=0.22715751293247397, epsilon=0.18340450985343382, max_iter=10000; total time=16.2min
[CV] END C=0.01000382464797508, epsilon=0.6011150117432088, max_iter=10000; total time= 3.3min
[CV] END C=3.748321662847926, epsilon=0.8661761457749352, max_iter=10000; total time=19.4min
[CV] END C=0.04644769479292789, epsilon=0.5247564316322378, max_iter=10000; total time= 7.5min
[CV] END C=0.12334805700860013, epsilon=0.020584494295802447, max_iter=5000; total time=13.5min
[CV] END C=0.03888186473153665, epsilon=0.3745401188473625, max_iter=10000; total time= 7.7min
[CV] END C=0.07053763390632227, epsilon=0.7319939418114051, max_iter=10000; total time= 7.2min
[CV] END C=0.3713164249534621, epsilon=0.7080725777960455, max_iter=5000; total time=13.0min
[CV] END C=0.1994638447276318, epsilon=0.6011150117432088, max_iter=10000; total time=11.8min
[CV] END C=0.26582911549201454, epsilon=0.05808361216819946, max_iter=10000; total time=13.7min
[CV] END C=0.030724074111466444, epsilon=0.2912291401980419, max_iter=10000; total time= 7.7min
[CV] END C=0.1202082275041248, epsilon=0.9507143064099162, max_iter=5000; total time= 8.0min
[CV] END C=0.03119481895713797, epsilon=0.6011150117432088, max_iter=5000; total time= 7.3min
[CV] END C=1.1006115690601632, epsilon=0.8661761457749352, max_iter=10000; total time=15.3min
[CV] END C=0.01000382464797508, epsilon=0.6011150117432088, max_iter=10000; total time= 3.6min
[CV] END C=3.2228217847874063, epsilon=0.6011150117432088, max_iter=10000; total time=22.5min
[CV] END C=0.019853681526881356, epsilon=0.5986584841970366, max_iter=5000; total time= 6.1min
[CV] END C=0.9085962729593783, epsilon=0.5986584841970366, max_iter=5000; total time=19.9min
[CV] END C=0.08993930726120071, epsilon=0.5986584841970366, max_iter=5000; total time= 7.1min
[CV] END C=0.3713164249534621, epsilon=0.7080725777960455, max_iter=5000; total time=17.8min
[CV] END C=0.0870271969973679, epsilon=0.18182496720710062, max_iter=10000; total time= 9.1min
[CV] END C=0.14137957607647123, epsilon=0.7080725777960455, max_iter=5000; total time= 7.6min
[CV] END C=0.22068789671697564, epsilon=0.9699098521619943, max_iter=5000; total time=10.6min
[CV] END C=0.014182877282140969, epsilon=0.5986584841970366, max_iter=10000; total time= 4.3min
[CV] END C=2.404878335900933, epsilon=0.15599452033620265, max_iter=5000; total time=27.0min
[CV] END C=0.01000382464797508, epsilon=0.6011150117432088, max_iter=10000; total time= 3.7min
[CV] END C=0.4430375245218265, epsilon=0.3745401188473625, max_iter=10000; total time=20.1min
[CV] END C=5.102645844032955, epsilon=0.020584494295802447, max_iter=5000; total time=21.7min
[CV] END C=3.2646356775235206, epsilon=0.7319939418114051, max_iter=5000; total time=20.2min
[CV] END C=0.024853845095262, epsilon=0.3745401188473625, max_iter=5000; total time= 7.4min
[CV] END C=0.21947049130435387, epsilon=0.15601864044243652, max_iter=10000; total time=13.4min
[CV] END C=0.14137957607647123, epsilon=0.7080725777960455, max_iter=5000; total time=11.5min
[CV] END C=0.030724074111466444, epsilon=0.2912291401980419, max_iter=10000; total time= 5.3min
[CV] END C=0.13178690305790589, epsilon=0.18182496720710062, max_iter=5000; total time=12.5min
[CV] END C=1.0896119231290546, epsilon=0.43194501864211576, max_iter=5000; total time=25.0min
[CV] END C=0.07809150983452716, epsilon=0.8324426408004217, max_iter=5000; total time= 7.6min
[CV] END C=2.5277391559845515, epsilon=0.2912291401980419, max_iter=10000; total time=28.5min
[CV] END C=0.02998532434945438, epsilon=0.21233911067827616, max_iter=10000; total time= 7.7min
[CV] END C=8.499206771743683, epsilon=0.7319939418114051, max_iter=5000; total time=21.7min
[CV] END C=0.5748291778269795, epsilon=0.6011150117432088, max_iter=10000; total time=15.7min
[CV] END C=1.4067716049198296, epsilon=0.8661761457749352, max_iter=5000; total time=17.1min
[CV] END C=0.012579609383535598, epsilon=0.7080725777960455, max_iter=10000; total time= 3.7min
[CV] END C=0.1202082275041248, epsilon=0.9507143064099162, max_iter=5000; total time= 8.7min
[CV] END C=0.05172237564581168, epsilon=0.5986584841970366, max_iter=10000; total time= 9.3min
[CV] END C=4.395554676222921, epsilon=0.9699098521619943, max_iter=10000; total time=17.8min
[CV] END C=0.2753794429736142, epsilon=0.5247564316322378, max_iter=10000; total time=16.7min
[CV] END C=2.102330874348011, epsilon=0.7319939418114051, max_iter=5000; total time=18.1min
[CV] END C=0.02998532434945438, epsilon=0.21233911067827616, max_iter=10000; total time= 8.0min
[CV] END C=3.2646356775235206, epsilon=0.7319939418114051, max_iter=5000; total time=23.3min
[CV] END C=0.010329669551879734, epsilon=0.7319939418114051, max_iter=10000; total time= 4.9min
[CV] END C=1.2544051430643322, epsilon=0.21233911067827616, max_iter=10000; total time=20.7min
[CV] END C=0.11400790983431013, epsilon=0.9699098521619943, max_iter=10000; total time=10.9min
[CV] END C=0.10428250581988632, epsilon=0.9507143064099162, max_iter=10000; total time= 7.5min
[CV] END C=0.05172237564581168, epsilon=0.5986584841970366, max_iter=10000; total time= 8.2min
[CV] END C=1.1006115690601632, epsilon=0.8661761457749352, max_iter=10000; total time=20.0min
[CV] END C=0.2753794429736142, epsilon=0.5247564316322378, max_iter=10000; total time= 8.8min
[CV] END C=2.5277391559845515, epsilon=0.2912291401980419, max_iter=10000; total time=24.1min
[CV] END C=0.25057187257477664, epsilon=0.5986584841970366, max_iter=5000; total time=13.4min
[CV] END C=8.516933662231994, epsilon=0.8661761457749352, max_iter=10000; total time=21.1min
[CV] END C=1.2918492513656108, epsilon=0.9699098521619943, max_iter=10000; total time=16.6min
[CV] END C=0.018928738363913202, epsilon=0.9507143064099162, max_iter=10000; total time= 5.2min
[CV] END C=4.893727555349509, epsilon=0.020584494295802447, max_iter=5000; total time=29.7min
[CV] END C=0.014765732560531639, epsilon=0.5247564316322378, max_iter=5000; total time= 5.5min
[CV] END C=1.0745947688453805, epsilon=0.9699098521619943, max_iter=10000; total time=14.4min
[CV] END C=0.8800667561385502, epsilon=0.3042422429595377, max_iter=10000; total time=17.9min
[CV] END C=2.102330874348011, epsilon=0.7319939418114051, max_iter=5000; total time=22.6min
[CV] END C=2.9038868465087937, epsilon=0.3745401188473625, max_iter=10000; total time=28.7min
[CV] END C=0.046692260295589774, epsilon=0.8324426408004217, max_iter=10000; total time= 7.1min
[CV] END C=0.5826332361509408, epsilon=0.2912291401980419, max_iter=10000; total time=20.8min
[CV] END C=2.6421463889976042, epsilon=0.5986584841970366, max_iter=10000; total time=23.0min
[CV] END C=4.395554676222921, epsilon=0.9699098521619943, max_iter=10000; total time=18.9min
[CV] END C=0.2710162626224751, epsilon=0.8661761457749352, max_iter=10000; total time=12.0min
[CV] END C=0.022637229697395473, epsilon=0.3745401188473625, max_iter=10000; total time= 4.9min
[CV] END C=2.102330874348011, epsilon=0.7319939418114051, max_iter=5000; total time=23.9min
[CV] END C=2.9038868465087937, epsilon=0.3745401188473625, max_iter=10000; total time=28.4min
[CV] END C=0.046692260295589774, epsilon=0.8324426408004217, max_iter=10000; total time= 5.6min
[CV] END C=0.0870271969973679, epsilon=0.18182496720710062, max_iter=10000; total time=11.2min
[CV] END C=0.012614652184315867, epsilon=0.5986584841970366, max_iter=5000; total time= 4.2min
[CV] END C=0.22068789671697564, epsilon=0.9699098521619943, max_iter=5000; total time=10.0min
[CV] END C=0.014182877282140969, epsilon=0.5986584841970366, max_iter=10000; total time= 5.4min
[CV] END C=0.10865633249460466, epsilon=0.3042422429595377, max_iter=5000; total time=10.0min
[CV] END C=0.04531564033681055, epsilon=0.8324426408004217, max_iter=10000; total time= 5.4min
[CV] END C=4.395554676222921, epsilon=0.9699098521619943, max_iter=10000; total time=18.4min
[CV] END C=7.4381593279204035, epsilon=0.18340450985343382, max_iter=10000; total time=30.3min
[CV] END C=0.9105944026265277, epsilon=0.6011150117432088, max_iter=5000; total time=23.8min
[CV] END C=0.5009615137983936, epsilon=0.5247564316322378, max_iter=5000; total time=16.9min
[CV] END C=1.2544051430643322, epsilon=0.21233911067827616, max_iter=10000; total time=20.9min
[CV] END C=0.028076625808718805, epsilon=0.18340450985343382, max_iter=5000; total time= 5.5min
[CV] END C=2.6421463889976042, epsilon=0.5986584841970366, max_iter=10000; total time=22.0min
[CV] END C=0.014765732560531639, epsilon=0.5247564316322378, max_iter=5000; total time= 4.1min
[CV] END C=1.704133586324829, epsilon=0.43194501864211576, max_iter=5000; total time=16.2min
[CV] END C=0.8800667561385502, epsilon=0.3042422429595377, max_iter=10000; total time=19.2min
[CV] END C=0.04644769479292789, epsilon=0.5247564316322378, max_iter=10000; total time= 6.8min
[CV] END C=0.12334805700860013, epsilon=0.020584494295802447, max_iter=5000; total time= 8.7min
[CV] END C=0.02998532434945438, epsilon=0.21233911067827616, max_iter=10000; total time= 6.1min
[CV] END C=2.9038868465087937, epsilon=0.3745401188473625, max_iter=10000; total time=27.8min
[CV] END C=0.15427474110183123, epsilon=0.7319939418114051, max_iter=5000; total time=12.2min
[CV] END C=0.26582911549201454, epsilon=0.05808361216819946, max_iter=10000; total time=15.4min
[CV] END C=0.023521225662317322, epsilon=0.2912291401980419, max_iter=5000; total time= 7.2min
[CV] END C=0.03980976140397892, epsilon=0.15601864044243652, max_iter=5000; total time= 8.9min
[CV] END C=1.0896119231290546, epsilon=0.43194501864211576, max_iter=5000; total time=19.2min
[CV] END C=0.14138120619090758, epsilon=0.18182496720710062, max_iter=10000; total time= 8.8min
[CV] END C=7.4381593279204035, epsilon=0.18340450985343382, max_iter=10000; total time=27.0min
[CV] END C=0.7995068220796497, epsilon=0.05808361216819946, max_iter=5000; total time=18.8min
[CV] END C=8.516933662231994, epsilon=0.8661761457749352, max_iter=10000; total time=21.1min
[CV] END C=0.010329669551879734, epsilon=0.7319939418114051, max_iter=10000; total time= 3.6min
[CV] END C=1.2544051430643322, epsilon=0.21233911067827616, max_iter=10000; total time=23.6min
[CV] END C=0.030724074111466444, epsilon=0.2912291401980419, max_iter=10000; total time= 7.0min
[CV] END C=0.011217185998132864, epsilon=0.21233911067827616, max_iter=10000; total time= 4.5min
[CV] END C=0.10865633249460466, epsilon=0.3042422429595377, max_iter=5000; total time= 8.9min
[CV] END C=0.45996766787494736, epsilon=0.7319939418114051, max_iter=10000; total time=18.2min
[CV] END C=0.18895335775423802, epsilon=0.5247564316322378, max_iter=5000; total time= 7.7min
[CV] END C=0.2753794429736142, epsilon=0.5247564316322378, max_iter=10000; total time=14.8min
[CV] END C=0.02078369792133813, epsilon=0.5986584841970366, max_iter=5000; total time= 4.0min
[CV] END C=0.011385953381489409, epsilon=0.15599452033620265, max_iter=5000; total time= 5.0min
[CV] END C=1.0278118224157007, epsilon=0.18182496720710062, max_iter=5000; total time=20.2min
[CV] END C=8.499206771743683, epsilon=0.7319939418114051, max_iter=5000; total time=24.8min
[CV] END C=0.15427474110183123, epsilon=0.7319939418114051, max_iter=5000; total time=11.9min
[CV] END C=1.4067716049198296, epsilon=0.8661761457749352, max_iter=5000; total time=16.1min
[CV] END C=2.6421463889976042, epsilon=0.5986584841970366, max_iter=10000; total time=21.5min
[CV] END C=0.014765732560531639, epsilon=0.5247564316322378, max_iter=5000; total time= 4.0min
[CV] END C=0.03457888877316664, epsilon=0.18182496720710062, max_iter=10000; total time= 8.2min
[CV] END C=0.14138120619090758, epsilon=0.18182496720710062, max_iter=10000; total time=10.3min
[CV] END C=0.2710162626224751, epsilon=0.8661761457749352, max_iter=10000; total time=10.5min
[CV] END C=0.022637229697395473, epsilon=0.3745401188473625, max_iter=10000; total time= 4.6min
[CV] END C=0.02078369792133813, epsilon=0.5986584841970366, max_iter=5000; total time= 4.4min
[CV] END C=0.04644769479292789, epsilon=0.5247564316322378, max_iter=10000; total time= 6.2min
[CV] END C=0.024365700014641993, epsilon=0.18182496720710062, max_iter=10000; total time= 5.2min
[CV] END C=0.9105944026265277, epsilon=0.6011150117432088, max_iter=5000; total time=18.1min
[CV] END C=0.08993930726120071, epsilon=0.5986584841970366, max_iter=5000; total time= 9.5min
[CV] END C=0.09030397288885929, epsilon=0.9699098521619943, max_iter=5000; total time= 7.8min
[CV] END C=0.010329669551879734, epsilon=0.7319939418114051, max_iter=10000; total time= 3.7min
[CV] END C=0.21947049130435387, epsilon=0.15601864044243652, max_iter=10000; total time=13.6min
[CV] END C=0.018928738363913202, epsilon=0.9507143064099162, max_iter=10000; total time= 4.6min
[CV] END C=4.893727555349509, epsilon=0.020584494295802447, max_iter=5000; total time=27.5min
[CV] END C=0.22715751293247397, epsilon=0.18340450985343382, max_iter=10000; total time=12.6min
[CV] END C=0.9755164770887927, epsilon=0.020584494295802447, max_iter=5000; total time=12.6min
[CV] END C=3.748321662847926, epsilon=0.8661761457749352, max_iter=10000; total time=24.5min
[CV] END C=0.024365700014641993, epsilon=0.18182496720710062, max_iter=10000; total time= 5.7min
[CV] END C=0.9105944026265277, epsilon=0.6011150117432088, max_iter=5000; total time=24.0min
[CV] END C=0.5009615137983936, epsilon=0.5247564316322378, max_iter=5000; total time=16.1min
[CV] END C=0.21947049130435387, epsilon=0.15601864044243652, max_iter=10000; total time=15.0min
[CV] END C=0.018928738363913202, epsilon=0.9507143064099162, max_iter=10000; total time= 5.3min
[CV] END C=0.11400790983431013, epsilon=0.9699098521619943, max_iter=10000; total time= 6.8min
[CV] END C=2.6421463889976042, epsilon=0.5986584841970366, max_iter=10000; total time=22.9min
[CV] END C=4.395554676222921, epsilon=0.9699098521619943, max_iter=10000; total time=20.8min
[CV] END C=0.7424908231815005, epsilon=0.43194501864211576, max_iter=5000; total time=10.5min
[CV] END C=2.5277391559845515, epsilon=0.2912291401980419, max_iter=10000; total time=24.2min
[CV] END C=0.02998532434945438, epsilon=0.21233911067827616, max_iter=10000; total time= 5.0min
[CV] END C=0.03888186473153665, epsilon=0.3745401188473625, max_iter=10000; total time= 6.6min
[CV] END C=8.516933662231994, epsilon=0.8661761457749352, max_iter=10000; total time=22.0min
[CV] END C=0.1994638447276318, epsilon=0.6011150117432088, max_iter=10000; total time=11.0min
[CV] END C=0.1529705683760267, epsilon=0.15601864044243652, max_iter=10000; total time=15.7min
[CV] END C=0.023521225662317322, epsilon=0.2912291401980419, max_iter=5000; total time= 5.8min
[CV] END C=0.011217185998132864, epsilon=0.21233911067827616, max_iter=10000; total time= 4.4min
[CV] END C=2.404878335900933, epsilon=0.15599452033620265, max_iter=5000; total time=21.4min
[CV] END C=1.0745947688453805, epsilon=0.9699098521619943, max_iter=10000; total time=14.7min
[CV] END C=3.748321662847926, epsilon=0.8661761457749352, max_iter=10000; total time=17.4min
[CV] END C=2.102330874348011, epsilon=0.7319939418114051, max_iter=5000; total time=25.8min
[CV] END C=3.2646356775235206, epsilon=0.7319939418114051, max_iter=5000; total time=37.7min
[CV] END C=0.26582911549201454, epsilon=0.05808361216819946, max_iter=10000; total time=14.2min
[CV] END C=0.023521225662317322, epsilon=0.2912291401980419, max_iter=5000; total time= 5.0min
[CV] END C=0.014182877282140969, epsilon=0.5986584841970366, max_iter=10000; total time= 3.7min
[CV] END C=2.404878335900933, epsilon=0.15599452033620265, max_iter=5000; total time=21.2min
[CV] END C=1.0745947688453805, epsilon=0.9699098521619943, max_iter=10000; total time=16.3min
[CV] END C=0.8800667561385502, epsilon=0.3042422429595377, max_iter=10000; total time=18.4min
[CV] END C=2.102330874348011, epsilon=0.7319939418114051, max_iter=5000; total time=34.3min
[CV] END C=0.01557551764150476, epsilon=0.43194501864211576, max_iter=5000; total time= 4.4min
[CV] END C=0.5343668232660405, epsilon=0.020584494295802447, max_iter=5000; total time=18.2min
[CV] END C=0.5826332361509408, epsilon=0.2912291401980419, max_iter=10000; total time=15.1min
[CV] END C=0.22068789671697564, epsilon=0.9699098521619943, max_iter=5000; total time=10.9min
[CV] END C=0.011217185998132864, epsilon=0.21233911067827616, max_iter=10000; total time= 5.2min
[CV] END C=1.297905897383722, epsilon=0.9507143064099162, max_iter=10000; total time=21.0min
[CV] END C=1.0745947688453805, epsilon=0.9699098521619943, max_iter=10000; total time=14.3min
[CV] END C=4.0762590410962485, epsilon=0.5986584841970366, max_iter=5000; total time=26.1min
[CV] END C=0.12334805700860013, epsilon=0.020584494295802447, max_iter=5000; total time=12.7min
[CV] END C=0.9310837957239838, epsilon=0.5247564316322378, max_iter=10000; total time=18.2min
[CV] END C=0.5343668232660405, epsilon=0.020584494295802447, max_iter=5000; total time=22.0min
[CV] END C=0.1529705683760267, epsilon=0.15601864044243652, max_iter=10000; total time=13.9min
[CV] END C=0.028076625808718805, epsilon=0.18340450985343382, max_iter=5000; total time= 6.1min
[CV] END C=0.13178690305790589, epsilon=0.18182496720710062, max_iter=5000; total time=13.4min
[CV] END C=1.7886803537926637, epsilon=0.9507143064099162, max_iter=5000; total time=18.4min
[CV] END C=0.14138120619090758, epsilon=0.18182496720710062, max_iter=10000; total time=11.0min
[CV] END C=0.2710162626224751, epsilon=0.8661761457749352, max_iter=10000; total time=11.4min
[CV] END C=0.022637229697395473, epsilon=0.3745401188473625, max_iter=10000; total time= 4.9min
[CV] END C=0.02078369792133813, epsilon=0.5986584841970366, max_iter=5000; total time= 6.0min
[CV] END C=0.019853681526881356, epsilon=0.5986584841970366, max_iter=5000; total time= 4.4min
[CV] END C=0.12334805700860013, epsilon=0.020584494295802447, max_iter=5000; total time=12.6min
[CV] END C=0.03888186473153665, epsilon=0.3745401188473625, max_iter=10000; total time= 7.3min
[CV] END C=1.6511660035531792, epsilon=0.3745401188473625, max_iter=5000; total time=26.5min
[CV] END C=0.0870271969973679, epsilon=0.18182496720710062, max_iter=10000; total time= 9.6min
[CV] END C=0.14137957607647123, epsilon=0.7080725777960455, max_iter=5000; total time=10.3min
[CV] END C=0.028076625808718805, epsilon=0.18340450985343382, max_iter=5000; total time= 8.0min
[CV] END C=0.014182877282140969, epsilon=0.5986584841970366, max_iter=10000; total time= 4.0min
[CV] END C=2.404878335900933, epsilon=0.15599452033620265, max_iter=5000; total time=19.1min
[CV] END C=1.0745947688453805, epsilon=0.9699098521619943, max_iter=10000; total time=18.1min
[CV] END C=0.07809150983452716, epsilon=0.8324426408004217, max_iter=5000; total time= 7.4min
[CV] END C=2.5277391559845515, epsilon=0.2912291401980419, max_iter=10000; total time=26.9min
[CV] END C=0.25057187257477664, epsilon=0.5986584841970366, max_iter=5000; total time=12.3min
[CV] END C=1.6511660035531792, epsilon=0.3745401188473625, max_iter=5000; total time=25.3min
[CV] END C=0.1547095854930993, epsilon=0.3042422429595377, max_iter=5000; total time=14.0min
[CV] END C=0.012614652184315867, epsilon=0.5986584841970366, max_iter=5000; total time= 3.6min
[CV] END C=0.20304615777978818, epsilon=0.15599452033620265, max_iter=10000; total time=12.6min
[CV] END C=0.1202082275041248, epsilon=0.9507143064099162, max_iter=5000; total time=10.6min
[CV] END C=1.7886803537926637, epsilon=0.9507143064099162, max_iter=5000; total time=20.8min
[CV] END C=0.18895335775423802, epsilon=0.5247564316322378, max_iter=5000; total time= 8.8min
[CV] END C=0.4430375245218265, epsilon=0.3745401188473625, max_iter=10000; total time=10.6min
[CV] END C=0.022637229697395473, epsilon=0.3745401188473625, max_iter=10000; total time= 5.3min
[CV] END C=0.02078369792133813, epsilon=0.5986584841970366, max_iter=5000; total time= 6.2min
[CV] END C=0.6905424378423518, epsilon=0.9507143064099162, max_iter=10000; total time=16.1min
[CV] END C=0.9310837957239838, epsilon=0.5247564316322378, max_iter=10000; total time=19.1min
[CV] END C=0.09030397288885929, epsilon=0.9699098521619943, max_iter=5000; total time= 6.2min
[CV] END C=0.07382751981499336, epsilon=0.2912291401980419, max_iter=5000; total time= 9.3min
[CV] END C=0.1547095854930993, epsilon=0.3042422429595377, max_iter=5000; total time=14.6min
[CV] END C=0.012614652184315867, epsilon=0.5986584841970366, max_iter=5000; total time= 3.9min
[CV] END C=0.11400790983431013, epsilon=0.9699098521619943, max_iter=10000; total time=10.9min
[CV] END C=0.10428250581988632, epsilon=0.9507143064099162, max_iter=10000; total time= 7.7min
[CV] END C=0.03119481895713797, epsilon=0.6011150117432088, max_iter=5000; total time= 6.7min
[CV] END C=0.22715751293247397, epsilon=0.18340450985343382, max_iter=10000; total time=16.1min
[CV] END C=0.18895335775423802, epsilon=0.5247564316322378, max_iter=5000; total time= 9.9min
[CV] END C=0.4430375245218265, epsilon=0.3745401188473625, max_iter=10000; total time=14.4min
[CV] END C=0.026919058249260688, epsilon=0.3745401188473625, max_iter=10000; total time= 7.3min
[CV] END C=0.6905424378423518, epsilon=0.9507143064099162, max_iter=10000; total time=14.7min
[CV] END C=0.9310837957239838, epsilon=0.5247564316322378, max_iter=10000; total time=23.7min
[CV] END C=0.024853845095262, epsilon=0.3745401188473625, max_iter=5000; total time= 4.6min
[CV] END C=0.5748291778269795, epsilon=0.6011150117432088, max_iter=10000; total time=16.1min
[CV] END C=0.26582911549201454, epsilon=0.05808361216819946, max_iter=10000; total time=17.0min
[CV] END C=0.012579609383535598, epsilon=0.7080725777960455, max_iter=10000; total time= 3.4min
[CV] END C=0.011217185998132864, epsilon=0.21233911067827616, max_iter=10000; total time= 4.2min
[CV] END C=0.10865633249460466, epsilon=0.3042422429595377, max_iter=5000; total time= 9.4min
[CV] END C=0.04531564033681055, epsilon=0.8324426408004217, max_iter=10000; total time= 5.8min
[CV] END C=4.395554676222921, epsilon=0.9699098521619943, max_iter=10000; total time=21.9min
[CV] END C=0.07809150983452716, epsilon=0.8324426408004217, max_iter=5000; total time= 8.6min
[CV] END C=2.5277391559845515, epsilon=0.2912291401980419, max_iter=10000; total time=21.9min
[CV] END C=0.9105944026265277, epsilon=0.6011150117432088, max_iter=5000; total time=18.9min
[CV] END C=0.01557551764150476, epsilon=0.43194501864211576, max_iter=5000; total time= 4.2min
[CV] END C=0.5009615137983936, epsilon=0.5247564316322378, max_iter=5000; total time= 9.5min
[CV] END C=0.024853845095262, epsilon=0.3745401188473625, max_iter=5000; total time= 5.0min
[CV] END C=0.1994638447276318, epsilon=0.6011150117432088, max_iter=10000; total time=12.6min
[CV] END C=0.26582911549201454, epsilon=0.05808361216819946, max_iter=10000; total time=12.5min
[CV] END C=0.028076625808718805, epsilon=0.18340450985343382, max_iter=5000; total time= 5.5min
[CV] END C=0.012579609383535598, epsilon=0.7080725777960455, max_iter=10000; total time= 3.8min
[CV] END C=0.10428250581988632, epsilon=0.9507143064099162, max_iter=10000; total time= 8.7min
[CV] END C=1.0896119231290546, epsilon=0.43194501864211576, max_iter=5000; total time=19.9min
[CV] END C=0.14138120619090758, epsilon=0.18182496720710062, max_iter=10000; total time=11.7min
[CV] END C=0.2710162626224751, epsilon=0.8661761457749352, max_iter=10000; total time=11.9min
[CV] END C=0.022637229697395473, epsilon=0.3745401188473625, max_iter=10000; total time= 6.6min
[CV] END C=0.011385953381489409, epsilon=0.15599452033620265, max_iter=5000; total time= 4.7min
[CV] END C=0.019853681526881356, epsilon=0.5986584841970366, max_iter=5000; total time= 5.9min
[CV] END C=0.9085962729593783, epsilon=0.5986584841970366, max_iter=5000; total time=23.7min
[CV] END C=0.01557551764150476, epsilon=0.43194501864211576, max_iter=5000; total time= 4.3min
[CV] END C=0.5343668232660405, epsilon=0.020584494295802447, max_iter=5000; total time=20.5min
[CV] END C=0.1529705683760267, epsilon=0.15601864044243652, max_iter=10000; total time=12.6min
[CV] END C=0.22068789671697564, epsilon=0.9699098521619943, max_iter=5000; total time=11.1min
[CV] END C=0.1202082275041248, epsilon=0.9507143064099162, max_iter=5000; total time= 5.9min
[CV] END C=1.297905897383722, epsilon=0.9507143064099162, max_iter=10000; total time=16.4min
[CV] END C=1.704133586324829, epsilon=0.43194501864211576, max_iter=5000; total time=19.1min
[CV] END C=0.07809150983452716, epsilon=0.8324426408004217, max_iter=5000; total time= 7.0min
[CV] END C=4.0762590410962485, epsilon=0.5986584841970366, max_iter=5000; total time=20.2min
[CV] END C=0.7995068220796497, epsilon=0.05808361216819946, max_iter=5000; total time=20.2min
[CV] END C=0.07053763390632227, epsilon=0.7319939418114051, max_iter=10000; total time= 6.9min
[CV] END C=0.5009615137983936, epsilon=0.5247564316322378, max_iter=5000; total time=14.2min
[CV] END C=0.15427474110183123, epsilon=0.7319939418114051, max_iter=5000; total time=10.1min
[CV] END C=0.1529705683760267, epsilon=0.15601864044243652, max_iter=10000; total time=14.8min
[CV] END C=0.030724074111466444, epsilon=0.2912291401980419, max_iter=10000; total time= 5.0min
[CV] END C=0.012579609383535598, epsilon=0.7080725777960455, max_iter=10000; total time= 3.7min
[CV] END C=0.10428250581988632, epsilon=0.9507143064099162, max_iter=10000; total time= 8.8min
[CV] END C=1.0896119231290546, epsilon=0.43194501864211576, max_iter=5000; total time=19.4min
[CV] END C=0.011533284318779018, epsilon=0.5986584841970366, max_iter=10000; total time= 3.5min
[CV] END C=0.18895335775423802, epsilon=0.5247564316322378, max_iter=5000; total time= 9.1min
[CV] END C=0.4430375245218265, epsilon=0.3745401188473625, max_iter=10000; total time=13.5min
[CV] END C=0.026919058249260688, epsilon=0.3745401188473625, max_iter=10000; total time= 5.1min
[CV] END C=0.011385953381489409, epsilon=0.15599452033620265, max_iter=5000; total time= 5.1min
[CV] END C=1.0278118224157007, epsilon=0.18182496720710062, max_iter=5000; total time=20.9min
[CV] END C=8.499206771743683, epsilon=0.7319939418114051, max_iter=5000; total time=24.0min
[CV] END C=0.15427474110183123, epsilon=0.7319939418114051, max_iter=5000; total time=10.7min
[CV] END C=0.1529705683760267, epsilon=0.15601864044243652, max_iter=10000; total time=10.5min
[CV] END C=0.20304615777978818, epsilon=0.15599452033620265, max_iter=10000; total time=16.2min
[CV] END C=1.297905897383722, epsilon=0.9507143064099162, max_iter=10000; total time=16.9min
[CV] END C=1.704133586324829, epsilon=0.43194501864211576, max_iter=5000; total time=20.0min
[CV] END C=0.7424908231815005, epsilon=0.43194501864211576, max_iter=5000; total time=19.9min
[CV] END C=5.102645844032955, epsilon=0.020584494295802447, max_iter=5000; total time=23.2min
[CV] END C=3.2646356775235206, epsilon=0.7319939418114051, max_iter=5000; total time=19.9min
[CV] END C=0.07382751981499336, epsilon=0.2912291401980419, max_iter=5000; total time= 8.7min
[CV] END C=0.1547095854930993, epsilon=0.3042422429595377, max_iter=5000; total time= 9.7min
[CV] END C=1.4067716049198296, epsilon=0.8661761457749352, max_iter=5000; total time=22.7min
[CV] END C=2.404878335900933, epsilon=0.15599452033620265, max_iter=5000; total time=26.8min
[CV] END C=0.14138120619090758, epsilon=0.18182496720710062, max_iter=10000; total time=12.2min
[CV] END C=4.0762590410962485, epsilon=0.5986584841970366, max_iter=5000; total time=21.9min
[CV] END C=0.6905424378423518, epsilon=0.9507143064099162, max_iter=10000; total time=16.4min
[CV] END C=0.9310837957239838, epsilon=0.5247564316322378, max_iter=10000; total time=23.9min
[CV] END C=0.024853845095262, epsilon=0.3745401188473625, max_iter=5000; total time= 6.9min
[CV] END C=0.046692260295589774, epsilon=0.8324426408004217, max_iter=10000; total time= 5.9min
[CV] END C=0.0870271969973679, epsilon=0.18182496720710062, max_iter=10000; total time= 8.3min
[CV] END C=4.3187351443496365, epsilon=0.18340450985343382, max_iter=10000; total time=27.5min
[CV] END C=0.05172237564581168, epsilon=0.5986584841970366, max_iter=10000; total time= 7.0min
[CV] END C=1.1006115690601632, epsilon=0.8661761457749352, max_iter=10000; total time=15.8min
[CV] END C=0.18895335775423802, epsilon=0.5247564316322378, max_iter=5000; total time=10.0min
[CV] END C=0.4430375245218265, epsilon=0.3745401188473625, max_iter=10000; total time=14.6min
[CV] END C=0.026919058249260688, epsilon=0.3745401188473625, max_iter=10000; total time= 6.6min
[CV] END C=0.6905424378423518, epsilon=0.9507143064099162, max_iter=10000; total time=18.2min
[CV] END C=0.03888186473153665, epsilon=0.3745401188473625, max_iter=10000; total time= 8.1min
[CV] END C=1.6511660035531792, epsilon=0.3745401188473625, max_iter=5000; total time=19.5min
[CV] END C=0.010329669551879734, epsilon=0.7319939418114051, max_iter=10000; total time= 3.4min
[CV] END C=0.21947049130435387, epsilon=0.15601864044243652, max_iter=10000; total time=15.6min
[CV] END C=0.012614652184315867, epsilon=0.5986584841970366, max_iter=5000; total time= 3.8min
[CV] END C=0.20304615777978818, epsilon=0.15599452033620265, max_iter=10000; total time=16.2min
[CV] END C=0.10865633249460466, epsilon=0.3042422429595377, max_iter=5000; total time= 9.1min
[CV] END C=0.04531564033681055, epsilon=0.8324426408004217, max_iter=10000; total time= 7.2min
[CV] END C=0.03457888877316664, epsilon=0.18182496720710062, max_iter=10000; total time= 5.7min
[CV] END C=9.35441950421687, epsilon=0.3745401188473625, max_iter=5000; total time=16.2min
[CV] END C=3.748321662847926, epsilon=0.8661761457749352, max_iter=10000; total time=28.5min
[CV] END C=0.7995068220796497, epsilon=0.05808361216819946, max_iter=5000; total time=22.7min
[CV] END C=0.01557551764150476, epsilon=0.43194501864211576, max_iter=5000; total time= 4.6min
[CV] END C=0.5343668232660405, epsilon=0.020584494295802447, max_iter=5000; total time=12.3min
[CV] END C=0.1994638447276318, epsilon=0.6011150117432088, max_iter=10000; total time=13.0min
[CV] END C=1.4067716049198296, epsilon=0.8661761457749352, max_iter=5000; total time=17.3min
[CV] END C=0.012579609383535598, epsilon=0.7080725777960455, max_iter=10000; total time= 3.7min
[CV] END C=0.10428250581988632, epsilon=0.9507143064099162, max_iter=10000; total time= 6.7min
[CV] END C=0.03119481895713797, epsilon=0.6011150117432088, max_iter=5000; total time= 6.4min
[CV] END C=0.04531564033681055, epsilon=0.8324426408004217, max_iter=10000; total time= 7.0min
[CV] END C=0.03457888877316664, epsilon=0.18182496720710062, max_iter=10000; total time= 6.7min
[CV] END C=0.9755164770887927, epsilon=0.020584494295802447, max_iter=5000; total time=15.3min
[CV] END C=0.7424908231815005, epsilon=0.43194501864211576, max_iter=5000; total time=24.4min
[CV] END C=0.024365700014641993, epsilon=0.18182496720710062, max_iter=10000; total time= 5.5min
[CV] END C=0.9085962729593783, epsilon=0.5986584841970366, max_iter=5000; total time=18.8min
[CV] END C=0.08993930726120071, epsilon=0.5986584841970366, max_iter=5000; total time= 8.4min
[CV] END C=0.5343668232660405, epsilon=0.020584494295802447, max_iter=5000; total time=15.1min
[CV] END C=0.1547095854930993, epsilon=0.3042422429595377, max_iter=5000; total time=12.1min
[CV] END C=0.018928738363913202, epsilon=0.9507143064099162, max_iter=10000; total time= 5.4min
[CV] END C=0.20304615777978818, epsilon=0.15599452033620265, max_iter=10000; total time=13.7min
[CV] END C=0.03980976140397892, epsilon=0.15601864044243652, max_iter=5000; total time= 8.9min
[CV] END C=1.7886803537926637, epsilon=0.9507143064099162, max_iter=5000; total time=17.0min
[CV] END C=0.9755164770887927, epsilon=0.020584494295802447, max_iter=5000; total time=15.0min
[CV] END C=3.2228217847874063, epsilon=0.6011150117432088, max_iter=10000; total time=23.7min
[CV] END C=1.0278118224157007, epsilon=0.18182496720710062, max_iter=5000; total time=23.4min
[CV] END C=1.6511660035531792, epsilon=0.3745401188473625, max_iter=5000; total time=22.2min
[CV] END C=0.046692260295589774, epsilon=0.8324426408004217, max_iter=10000; total time= 6.5min
[CV] END C=0.5826332361509408, epsilon=0.2912291401980419, max_iter=10000; total time=21.5min
[CV] END C=2.6421463889976042, epsilon=0.5986584841970366, max_iter=10000; total time=21.3min
[CV] END C=0.014765732560531639, epsilon=0.5247564316322378, max_iter=5000; total time= 4.3min
[CV] END C=1.704133586324829, epsilon=0.43194501864211576, max_iter=5000; total time=21.5min
[CV] END C=3.2228217847874063, epsilon=0.6011150117432088, max_iter=10000; total time=25.3min
[CV] END C=0.024365700014641993, epsilon=0.18182496720710062, max_iter=10000; total time= 6.1min
[CV] END C=0.25057187257477664, epsilon=0.5986584841970366, max_iter=5000; total time= 7.9min
[CV] END C=0.03888186473153665, epsilon=0.3745401188473625, max_iter=10000; total time= 8.7min
[CV] END C=0.07053763390632227, epsilon=0.7319939418114051, max_iter=10000; total time= 9.5min
[CV] END C=0.09030397288885929, epsilon=0.9699098521619943, max_iter=5000; total time=10.0min
[CV] END C=1.2918492513656108, epsilon=0.9699098521619943, max_iter=10000; total time=16.2min
[CV] END C=4.3187351443496365, epsilon=0.18340450985343382, max_iter=10000; total time=32.8min
[CV] END C=0.22715751293247397, epsilon=0.18340450985343382, max_iter=10000; total time=13.2min
[CV] END C=0.9755164770887927, epsilon=0.020584494295802447, max_iter=5000; total time=15.5min
[CV] END C=0.2753794429736142, epsilon=0.5247564316322378, max_iter=10000; total time=12.7min
[CV] END C=0.026919058249260688, epsilon=0.3745401188473625, max_iter=10000; total time= 6.5min
[CV] END C=0.011385953381489409, epsilon=0.15599452033620265, max_iter=5000; total time= 4.9min
[CV] END C=1.0278118224157007, epsilon=0.18182496720710062, max_iter=5000; total time=21.5min
[CV] END C=8.516933662231994, epsilon=0.8661761457749352, max_iter=10000; total time=23.8min
[CV] END C=0.046692260295589774, epsilon=0.8324426408004217, max_iter=10000; total time= 7.0min
[CV] END C=0.5826332361509408, epsilon=0.2912291401980419, max_iter=10000; total time=20.0min
[CV] END C=0.023521225662317322, epsilon=0.2912291401980419, max_iter=5000; total time= 6.6min
[CV] END C=0.03980976140397892, epsilon=0.15601864044243652, max_iter=5000; total time= 6.9min
[CV] END C=0.05172237564581168, epsilon=0.5986584841970366, max_iter=10000; total time= 6.8min
[CV] END C=0.22715751293247397, epsilon=0.18340450985343382, max_iter=10000; total time=13.5min
[CV] END C=0.9755164770887927, epsilon=0.020584494295802447, max_iter=5000; total time=15.2min
[CV] END C=7.4381593279204035, epsilon=0.18340450985343382, max_iter=10000; total time=29.0min
[CV] END C=0.9085962729593783, epsilon=0.5986584841970366, max_iter=5000; total time=17.7min
[CV] END C=1.6511660035531792, epsilon=0.3745401188473625, max_iter=5000; total time=18.8min
[CV] END C=0.010329669551879734, epsilon=0.7319939418114051, max_iter=10000; total time= 3.2min
[CV] END C=0.15427474110183123, epsilon=0.7319939418114051, max_iter=5000; total time=12.7min
[CV] END C=1.4067716049198296, epsilon=0.8661761457749352, max_iter=5000; total time=19.3min
[CV] END C=0.014182877282140969, epsilon=0.5986584841970366, max_iter=10000; total time= 5.3min
[CV] END C=1.297905897383722, epsilon=0.9507143064099162, max_iter=10000; total time=22.3min
[CV] END C=9.35441950421687, epsilon=0.3745401188473625, max_iter=5000; total time=17.3min
[CV] END C=0.2753794429736142, epsilon=0.5247564316322378, max_iter=10000; total time=15.4min
[CV] END C=0.02078369792133813, epsilon=0.5986584841970366, max_iter=5000; total time= 6.4min
[CV] END C=0.6905424378423518, epsilon=0.9507143064099162, max_iter=10000; total time=13.8min
[CV] END C=0.02998532434945438, epsilon=0.21233911067827616, max_iter=10000; total time= 6.2min
[CV] END C=2.9038868465087937, epsilon=0.3745401188473625, max_iter=10000; total time=22.5min
[CV] END C=0.07382751981499336, epsilon=0.2912291401980419, max_iter=5000; total time=10.7min
[CV] END C=0.5826332361509408, epsilon=0.2912291401980419, max_iter=10000; total time=18.6min
[CV] END C=0.030724074111466444, epsilon=0.2912291401980419, max_iter=10000; total time= 5.6min
[CV] END C=0.13178690305790589, epsilon=0.18182496720710062, max_iter=5000; total time=13.7min
[CV] END C=1.7886803537926637, epsilon=0.9507143064099162, max_iter=5000; total time=15.3min
[CV] END C=9.35441950421687, epsilon=0.3745401188473625, max_iter=5000; total time=17.6min
[CV] END C=4.0762590410962485, epsilon=0.5986584841970366, max_iter=5000; total time=24.5min
[CV] END C=0.024365700014641993, epsilon=0.18182496720710062, max_iter=10000; total time= 7.5min
[CV] END C=0.25057187257477664, epsilon=0.5986584841970366, max_iter=5000; total time=12.2min
[CV] END C=8.499206771743683, epsilon=0.7319939418114051, max_iter=5000; total time=26.3min
[CV] END C=1.2544051430643322, epsilon=0.21233911067827616, max_iter=10000; total time=20.4min
[CV] END C=0.11400790983431013, epsilon=0.9699098521619943, max_iter=10000; total time=10.1min
[CV] END C=0.011217185998132864, epsilon=0.21233911067827616, max_iter=10000; total time= 5.0min
[CV] END C=1.297905897383722, epsilon=0.9507143064099162, max_iter=10000; total time=17.8min
[CV] END C=1.704133586324829, epsilon=0.43194501864211576, max_iter=5000; total time=22.4min
[CV] END C=7.4381593279204035, epsilon=0.18340450985343382, max_iter=10000; total time=41.5min
[CV] END C=2.9038868465087937, epsilon=0.3745401188473625, max_iter=10000; total time=23.0min
[CV] END C=0.5748291778269795, epsilon=0.6011150117432088, max_iter=10000; total time=23.1min
[CV] END C=4.893727555349509, epsilon=0.020584494295802447, max_iter=5000; total time=25.8min
[CV] END C=0.45996766787494736, epsilon=0.7319939418114051, max_iter=10000; total time=15.1min
[CV] END C=9.35441950421687, epsilon=0.3745401188473625, max_iter=5000; total time=17.8min
[CV] END C=3.2228217847874063, epsilon=0.6011150117432088, max_iter=10000; total time=20.8min
[CV] END C=5.102645844032955, epsilon=0.020584494295802447, max_iter=5000; total time=29.3min
[CV] END C=0.01557551764150476, epsilon=0.43194501864211576, max_iter=5000; total time= 4.5min
[CV] END C=0.5009615137983936, epsilon=0.5247564316322378, max_iter=5000; total time=16.8min
[CV] END C=1.2544051430643322, epsilon=0.21233911067827616, max_iter=10000; total time=21.3min
[CV] END C=0.028076625808718805, epsilon=0.18340450985343382, max_iter=5000; total time= 6.3min
[CV] END C=0.13178690305790589, epsilon=0.18182496720710062, max_iter=5000; total time=14.8min
[CV] END C=0.45996766787494736, epsilon=0.7319939418114051, max_iter=10000; total time=14.4min
[CV] END C=9.35441950421687, epsilon=0.3745401188473625, max_iter=5000; total time=18.0min
[CV] END C=3.748321662847926, epsilon=0.8661761457749352, max_iter=10000; total time=19.9min
[CV] END C=5.102645844032955, epsilon=0.020584494295802447, max_iter=5000; total time=27.7min
[CV] END C=0.07053763390632227, epsilon=0.7319939418114051, max_iter=10000; total time= 8.0min
[CV] END C=0.3713164249534621, epsilon=0.7080725777960455, max_iter=5000; total time=12.0min
[CV] END C=1.2918492513656108, epsilon=0.9699098521619943, max_iter=10000; total time=21.7min
[CV] END C=4.893727555349509, epsilon=0.020584494295802447, max_iter=5000; total time=29.2min
[CV] END C=0.014765732560531639, epsilon=0.5247564316322378, max_iter=5000; total time= 4.3min
[CV] END C=0.03457888877316664, epsilon=0.18182496720710062, max_iter=10000; total time= 7.8min
[CV] END C=0.011533284318779018, epsilon=0.5986584841970366, max_iter=10000; total time= 3.8min
[CV] END C=7.217303539978489, epsilon=0.3745401188473625, max_iter=10000; total time=13.5min
[CV] END C=0.7424908231815005, epsilon=0.43194501864211576, max_iter=5000; total time=18.7min
[CV] END C=0.011385953381489409, epsilon=0.15599452033620265, max_iter=5000; total time= 5.3min
[CV] END C=1.0278118224157007, epsilon=0.18182496720710062, max_iter=5000; total time=19.5min
[CV] END C=8.499206771743683, epsilon=0.7319939418114051, max_iter=5000; total time=24.9min
[CV] END C=0.1994638447276318, epsilon=0.6011150117432088, max_iter=10000; total time=15.0min
[CV] END C=4.3187351443496365, epsilon=0.18340450985343382, max_iter=10000; total time=19.9min
[CV] END C=0.03980976140397892, epsilon=0.15601864044243652, max_iter=5000; total time= 9.4min
[CV] END C=1.7886803537926637, epsilon=0.9507143064099162, max_iter=5000; total time=17.7min
[CV] END C=0.011533284318779018, epsilon=0.5986584841970366, max_iter=10000; total time= 3.7min
[CV] END C=7.217303539978489, epsilon=0.3745401188473625, max_iter=10000; total time=14.4min
[CV] END C=0.8800667561385502, epsilon=0.3042422429595377, max_iter=10000; total time=19.4min
[CV] END C=0.04644769479292789, epsilon=0.5247564316322378, max_iter=10000; total time= 7.8min
[CV] END C=0.7995068220796497, epsilon=0.05808361216819946, max_iter=5000; total time=19.0min
[CV] END C=8.516933662231994, epsilon=0.8661761457749352, max_iter=10000; total time=20.8min
[CV] END C=1.2918492513656108, epsilon=0.9699098521619943, max_iter=10000; total time=14.5min
[CV] END C=0.14137957607647123, epsilon=0.7080725777960455, max_iter=5000; total time= 7.0min
[CV] END C=4.893727555349509, epsilon=0.020584494295802447, max_iter=5000; total time=25.0min
[CV] END C=0.45996766787494736, epsilon=0.7319939418114051, max_iter=10000; total time=17.1min
[CV] END C=0.011533284318779018, epsilon=0.5986584841970366, max_iter=10000; total time= 4.0min
[CV] END C=7.217303539978489, epsilon=0.3745401188473625, max_iter=10000; total time=14.1min
MAE: 2.522, MSE: 3.261, R2: 0.534, Pearson R: 0.730, Spearman R: 0.735
Parameters
----------
C : 0.010329669551879734
dual : False
epsilon : 0.7319939418114051
fit_intercept : True
intercept_scaling : 1.0
loss : squared_epsilon_insensitive
max_iter : 10000
random_state : 42
tol : 0.0001
verbose : 0
--------------------------------------------------------------------------------
Saved model to file: ../Models/svr_models/svr_LS_Feat_regressor_gs.pk
Saved model to file: ../Models/svr_models/svr_LS_Feat_regressor_best_estimator.pk
{'mean_fit_time': array([ 878.53484335, 1316.96308718, 1150.68670373,  441.89811521,
        715.63447022,  820.59862723, 1373.14643469, 1136.33124938,
       1922.263726  , 1404.0591207 , 1505.3729629 ,  314.49570408,
        392.28495774,  324.59475126, 1495.74062152,  299.9394495 ,
        427.11402817, 1560.14477358,  950.28036561,  319.15604482,
       1265.59516225,  360.34827371,  697.93218627, 1209.98415685,
       1204.47554531, 1316.43852363,  682.47816777,  395.4538413 ,
       1300.7863359 ,  459.39323087, 1565.71205034, 1459.51240149,
       1461.1538074 , 1306.27140741, 1347.21069598,  470.37346034,
        518.34246564,  263.34142051,  882.17497911,  838.28721437,
       1057.62363229,  451.48389359,  349.60920377,  556.09962497,
       1077.99122977,  223.72246542, 1094.19562154,  761.60076642,
        690.77201262,  385.79457216,  890.33581228, 1283.29795499,
        759.63515525,  582.47270856, 1151.50358639,  810.64576864,
        873.40242581, 1110.12042866,  594.78295732, 1651.00096812,
        307.91955934,  231.98547683, 1646.47024913,  893.53246317,
        649.13779707,  558.80572662,  376.43828883,  367.46007385,
        378.0190979 , 1328.51484303,  219.15360146,  778.33668108,
        272.80014715,  280.91108904,  524.26772885,  474.15744801,
        482.00723639, 1384.94575381,  602.07956653, 1131.61994166,
        410.47535324,  463.14742804, 1223.14752955, 1070.75313363,
        988.15701938,  383.72800355,  858.88918219, 1015.32358637,
        267.00296798, 1173.08553658,  451.51582942, 1189.91976786,
        933.31275187, 1041.71865697,  881.28029022,  223.22536187,
        647.31508341,  213.3059638 ,  545.32331529,  881.89530387]), 'std_fit_time': array([186.03958137, 240.61132851, 285.49818444,  44.37545825,
        63.39547799, 167.07778477,  90.40338749,  42.6096786 ,
       301.91631167, 124.93967337, 139.19719915,  41.47132302,
        46.22431405,  59.52280473, 318.72186666,  10.87220352,
        32.19584831, 179.76875853,  88.6504909 ,  56.11804312,
        79.55350523,  47.4733494 , 104.72777201,  82.39023179,
       121.08838415, 169.89123058, 112.81779312,  66.41724337,
       149.86142353,  42.98053123, 163.82328098, 406.7682727 ,
        90.79173873,  66.5691811 , 182.9468553 ,  53.74969068,
        59.59069904,   9.41348394, 167.15184903, 122.17798532,
       213.46072504,  80.28926998,  66.533793  ,  45.31283536,
       160.71855353,  35.42773656, 186.35896404,  81.14171972,
        58.0232186 ,  35.63549373,  71.38070453,  68.22558562,
       103.32748015,  60.92029341, 134.83720985, 109.02685097,
        93.09214395, 139.4885194 , 140.19832975, 266.65627373,
        16.1900354 ,  12.05889992, 110.36918672,  87.4810931 ,
        29.91410174, 100.9586641 ,  54.65899119,  62.87022597,
        48.59273084,  41.71199085,   7.70619123,  86.31711495,
        40.27208137,  22.87201708, 104.80523976,  46.87237106,
        78.28058707, 192.21743544,  84.38655614, 140.15427496,
        18.18218456,  55.41245998, 140.38605658, 107.69925626,
        88.02056973,  41.22665648,  91.05903394, 100.60945844,
        32.48643553,  93.31373641,  73.44176242, 130.30622529,
        88.55622897,  36.77656461,  64.16900188,   9.81444049,
        71.03771859,   7.89042046,  50.11983162,  66.18917574]), 'mean_score_time': array([0.06211414, 0.05990682, 0.05963926, 0.0589829 , 0.06167374,
       0.06108785, 0.06148915, 0.0648138 , 0.06308999, 0.05727105,
       0.05841308, 0.05765653, 0.05872297, 0.05766597, 0.05831113,
       0.05688691, 0.05936017, 0.0622118 , 0.05894804, 0.05782795,
       0.05952578, 0.0582128 , 0.05917945, 0.05796275, 0.05953946,
       0.05698643, 0.05815454, 0.05700703, 0.05921717, 0.05800834,
       0.05716538, 0.05774665, 0.06059127, 0.05913329, 0.05908618,
       0.0577251 , 0.05798507, 0.0579    , 0.05681872, 0.05932689,
       0.06043582, 0.06030774, 0.05703049, 0.05770159, 0.05913558,
       0.05824599, 0.05837064, 0.05836167, 0.06025143, 0.05845623,
       0.05792046, 0.06882172, 0.05918074, 0.05764813, 0.05936747,
       0.05779476, 0.05643535, 0.06024504, 0.06025181, 0.05912709,
       0.05951376, 0.05910587, 0.05825825, 0.05840988, 0.05990391,
       0.05808582, 0.05934224, 0.0571723 , 0.05777388, 0.05804243,
       0.05798779, 0.05947227, 0.05886998, 0.05811586, 0.05892067,
       0.05754743, 0.05958791, 0.05825729, 0.05927453, 0.05833836,
       0.0566298 , 0.05832543, 0.05800209, 0.05503235, 0.05790076,
       0.05763636, 0.05785923, 0.05665798, 0.0577673 , 0.03814406,
       0.05908785, 0.02420793, 0.0355855 , 0.0142674 , 0.02114973,
       0.05990257, 0.03054342, 0.05598612, 0.02525516, 0.01672168]), 'std_score_time': array([0.00386521, 0.00104376, 0.00300132, 0.00217347, 0.0037623 ,
       0.00200502, 0.00326885, 0.00233658, 0.00370524, 0.00160454,
       0.00211489, 0.00165666, 0.00180204, 0.00139023, 0.00095094,
       0.00267172, 0.00235864, 0.00260812, 0.00220137, 0.00115294,
       0.0023416 , 0.00265028, 0.0017706 , 0.00382557, 0.00183179,
       0.00452595, 0.0018133 , 0.00081034, 0.00112358, 0.00267761,
       0.00073578, 0.00468357, 0.00262055, 0.00210082, 0.00262122,
       0.00277637, 0.00146877, 0.00203291, 0.00220753, 0.00107028,
       0.00101022, 0.00334345, 0.00154505, 0.00188616, 0.00133795,
       0.0009075 , 0.00201798, 0.00186349, 0.00074337, 0.00395258,
       0.00316627, 0.02227819, 0.00108451, 0.00210583, 0.001921  ,
       0.00289611, 0.00578622, 0.00383308, 0.00210081, 0.00284437,
       0.00256868, 0.00172544, 0.00138133, 0.00266729, 0.00169768,
       0.00102807, 0.00193441, 0.00296082, 0.00115765, 0.00186289,
       0.00310576, 0.00178325, 0.00152515, 0.00246016, 0.00192543,
       0.00154446, 0.0018709 , 0.00199561, 0.00164957, 0.0017487 ,
       0.00098573, 0.00272713, 0.00342434, 0.00306456, 0.00115565,
       0.00309555, 0.00259665, 0.00374671, 0.00228805, 0.01081152,
       0.00181148, 0.01190782, 0.0038286 , 0.00708272, 0.01054734,
       0.00238797, 0.01007628, 0.00322377, 0.00768407, 0.00877592]), 'param_C': masked_array(data=[0.4430375245218265, 3.748321662847926,
                   0.7424908231815005, 0.07809150983452716,
                   0.2710162626224751, 0.2753794429736142,
                   3.2228217847874063, 0.8800667561385502,
                   7.4381593279204035, 4.0762590410962485,
                   2.5277391559845515, 0.022637229697395473,
                   0.026919058249260688, 0.02078369792133813,
                   2.102330874348011, 0.011385953381489409,
                   0.04644769479292789, 5.102645844032955,
                   0.6905424378423518, 0.019853681526881356,
                   1.0278118224157007, 0.024365700014641993,
                   0.12334805700860013, 0.7995068220796497,
                   0.9085962729593783, 0.9105944026265277,
                   0.25057187257477664, 0.02998532434945438,
                   0.9310837957239838, 0.03888186473153665,
                   2.9038868465087937, 3.2646356775235206,
                   8.499206771743683, 8.516933662231994,
                   1.6511660035531792, 0.07053763390632227,
                   0.08993930726120071, 0.01557551764150476,
                   0.5009615137983936, 0.3713164249534621,
                   0.5343668232660405, 0.09030397288885929,
                   0.024853845095262, 0.07382751981499336,
                   0.5748291778269795, 0.010329669551879734,
                   1.2918492513656108, 0.1994638447276318,
                   0.15427474110183123, 0.046692260295589774,
                   0.21947049130435387, 1.2544051430643322,
                   0.1547095854930993, 0.0870271969973679,
                   0.5826332361509408, 0.1529705683760267,
                   0.26582911549201454, 1.4067716049198296,
                   0.14137957607647123, 4.3187351443496365,
                   0.018928738363913202, 0.012614652184315867,
                   4.893727555349509, 0.20304615777978818,
                   0.22068789671697564, 0.11400790983431013,
                   0.028076625808718805, 0.030724074111466444,
                   0.023521225662317322, 2.6421463889976042,
                   0.012579609383535598, 0.13178690305790589,
                   0.014182877282140969, 0.011217185998132864,
                   0.1202082275041248, 0.10428250581988632,
                   0.03980976140397892, 2.404878335900933,
                   0.10865633249460466, 1.297905897383722,
                   0.03119481895713797, 0.05172237564581168,
                   1.0896119231290546, 1.7886803537926637,
                   0.45996766787494736, 0.04531564033681055,
                   0.22715751293247397, 1.1006115690601632,
                   0.014765732560531639, 4.395554676222921,
                   0.03457888877316664, 1.704133586324829,
                   1.0745947688453805, 9.35441950421687,
                   0.9755164770887927, 0.011533284318779018,
                   0.14138120619090758, 0.01000382464797508,
                   0.18895335775423802, 7.217303539978489],
             mask=[False, False, False, False, False, False, False, False,
                   False, False, False, False, False, False, False, False,
                   False, False, False, False, False, False, False, False,
                   False, False, False, False, False, False, False, False,
                   False, False, False, False, False, False, False, False,
                   False, False, False, False, False, False, False, False,
                   False, False, False, False, False, False, False, False,
                   False, False, False, False, False, False, False, False,
                   False, False, False, False, False, False, False, False,
                   False, False, False, False, False, False, False, False,
                   False, False, False, False, False, False, False, False,
                   False, False, False, False, False, False, False, False,
                   False, False, False, False],
       fill_value='?',
            dtype=object), 'param_epsilon': masked_array(data=[0.3745401188473625, 0.8661761457749352,
                   0.43194501864211576, 0.8324426408004217,
                   0.8661761457749352, 0.5247564316322378,
                   0.6011150117432088, 0.3042422429595377,
                   0.18340450985343382, 0.5986584841970366,
                   0.2912291401980419, 0.3745401188473625,
                   0.3745401188473625, 0.5986584841970366,
                   0.7319939418114051, 0.15599452033620265,
                   0.5247564316322378, 0.020584494295802447,
                   0.9507143064099162, 0.5986584841970366,
                   0.18182496720710062, 0.18182496720710062,
                   0.020584494295802447, 0.05808361216819946,
                   0.5986584841970366, 0.6011150117432088,
                   0.5986584841970366, 0.21233911067827616,
                   0.5247564316322378, 0.3745401188473625,
                   0.3745401188473625, 0.7319939418114051,
                   0.7319939418114051, 0.8661761457749352,
                   0.3745401188473625, 0.7319939418114051,
                   0.5986584841970366, 0.43194501864211576,
                   0.5247564316322378, 0.7080725777960455,
                   0.020584494295802447, 0.9699098521619943,
                   0.3745401188473625, 0.2912291401980419,
                   0.6011150117432088, 0.7319939418114051,
                   0.9699098521619943, 0.6011150117432088,
                   0.7319939418114051, 0.8324426408004217,
                   0.15601864044243652, 0.21233911067827616,
                   0.3042422429595377, 0.18182496720710062,
                   0.2912291401980419, 0.15601864044243652,
                   0.05808361216819946, 0.8661761457749352,
                   0.7080725777960455, 0.18340450985343382,
                   0.9507143064099162, 0.5986584841970366,
                   0.020584494295802447, 0.15599452033620265,
                   0.9699098521619943, 0.9699098521619943,
                   0.18340450985343382, 0.2912291401980419,
                   0.2912291401980419, 0.5986584841970366,
                   0.7080725777960455, 0.18182496720710062,
                   0.5986584841970366, 0.21233911067827616,
                   0.9507143064099162, 0.9507143064099162,
                   0.15601864044243652, 0.15599452033620265,
                   0.3042422429595377, 0.9507143064099162,
                   0.6011150117432088, 0.5986584841970366,
                   0.43194501864211576, 0.9507143064099162,
                   0.7319939418114051, 0.8324426408004217,
                   0.18340450985343382, 0.8661761457749352,
                   0.5247564316322378, 0.9699098521619943,
                   0.18182496720710062, 0.43194501864211576,
                   0.9699098521619943, 0.3745401188473625,
                   0.020584494295802447, 0.5986584841970366,
                   0.18182496720710062, 0.6011150117432088,
                   0.5247564316322378, 0.3745401188473625],
             mask=[False, False, False, False, False, False, False, False,
                   False, False, False, False, False, False, False, False,
                   False, False, False, False, False, False, False, False,
                   False, False, False, False, False, False, False, False,
                   False, False, False, False, False, False, False, False,
                   False, False, False, False, False, False, False, False,
                   False, False, False, False, False, False, False, False,
                   False, False, False, False, False, False, False, False,
                   False, False, False, False, False, False, False, False,
                   False, False, False, False, False, False, False, False,
                   False, False, False, False, False, False, False, False,
                   False, False, False, False, False, False, False, False,
                   False, False, False, False],
       fill_value='?',
            dtype=object), 'param_max_iter': masked_array(data=[10000, 10000, 5000, 5000, 10000, 10000, 10000, 10000,
                   10000, 5000, 10000, 10000, 10000, 5000, 5000, 5000,
                   10000, 5000, 10000, 5000, 5000, 10000, 5000, 5000,
                   5000, 5000, 5000, 10000, 10000, 10000, 10000, 5000,
                   5000, 10000, 5000, 10000, 5000, 5000, 5000, 5000, 5000,
                   5000, 5000, 5000, 10000, 10000, 10000, 10000, 5000,
                   10000, 10000, 10000, 5000, 10000, 10000, 10000, 10000,
                   5000, 5000, 10000, 10000, 5000, 5000, 10000, 5000,
                   10000, 5000, 10000, 5000, 10000, 10000, 5000, 10000,
                   10000, 5000, 10000, 5000, 5000, 5000, 10000, 5000,
                   10000, 5000, 5000, 10000, 10000, 10000, 10000, 5000,
                   10000, 10000, 5000, 10000, 5000, 5000, 10000, 10000,
                   10000, 5000, 10000],
             mask=[False, False, False, False, False, False, False, False,
                   False, False, False, False, False, False, False, False,
                   False, False, False, False, False, False, False, False,
                   False, False, False, False, False, False, False, False,
                   False, False, False, False, False, False, False, False,
                   False, False, False, False, False, False, False, False,
                   False, False, False, False, False, False, False, False,
                   False, False, False, False, False, False, False, False,
                   False, False, False, False, False, False, False, False,
                   False, False, False, False, False, False, False, False,
                   False, False, False, False, False, False, False, False,
                   False, False, False, False, False, False, False, False,
                   False, False, False, False],
       fill_value='?',
            dtype=object), 'params': [{'C': 0.4430375245218265, 'epsilon': 0.3745401188473625, 'max_iter': 10000}, {'C': 3.748321662847926, 'epsilon': 0.8661761457749352, 'max_iter': 10000}, {'C': 0.7424908231815005, 'epsilon': 0.43194501864211576, 'max_iter': 5000}, {'C': 0.07809150983452716, 'epsilon': 0.8324426408004217, 'max_iter': 5000}, {'C': 0.2710162626224751, 'epsilon': 0.8661761457749352, 'max_iter': 10000}, {'C': 0.2753794429736142, 'epsilon': 0.5247564316322378, 'max_iter': 10000}, {'C': 3.2228217847874063, 'epsilon': 0.6011150117432088, 'max_iter': 10000}, {'C': 0.8800667561385502, 'epsilon': 0.3042422429595377, 'max_iter': 10000}, {'C': 7.4381593279204035, 'epsilon': 0.18340450985343382, 'max_iter': 10000}, {'C': 4.0762590410962485, 'epsilon': 0.5986584841970366, 'max_iter': 5000}, {'C': 2.5277391559845515, 'epsilon': 0.2912291401980419, 'max_iter': 10000}, {'C': 0.022637229697395473, 'epsilon': 0.3745401188473625, 'max_iter': 10000}, {'C': 0.026919058249260688, 'epsilon': 0.3745401188473625, 'max_iter': 10000}, {'C': 0.02078369792133813, 'epsilon': 0.5986584841970366, 'max_iter': 5000}, {'C': 2.102330874348011, 'epsilon': 0.7319939418114051, 'max_iter': 5000}, {'C': 0.011385953381489409, 'epsilon': 0.15599452033620265, 'max_iter': 5000}, {'C': 0.04644769479292789, 'epsilon': 0.5247564316322378, 'max_iter': 10000}, {'C': 5.102645844032955, 'epsilon': 0.020584494295802447, 'max_iter': 5000}, {'C': 0.6905424378423518, 'epsilon': 0.9507143064099162, 'max_iter': 10000}, {'C': 0.019853681526881356, 'epsilon': 0.5986584841970366, 'max_iter': 5000}, {'C': 1.0278118224157007, 'epsilon': 0.18182496720710062, 'max_iter': 5000}, {'C': 0.024365700014641993, 'epsilon': 0.18182496720710062, 'max_iter': 10000}, {'C': 0.12334805700860013, 'epsilon': 0.020584494295802447, 'max_iter': 5000}, {'C': 0.7995068220796497, 'epsilon': 0.05808361216819946, 'max_iter': 5000}, {'C': 0.9085962729593783, 'epsilon': 0.5986584841970366, 'max_iter': 5000}, {'C': 0.9105944026265277, 'epsilon': 0.6011150117432088, 'max_iter': 5000}, {'C': 0.25057187257477664, 'epsilon': 0.5986584841970366, 'max_iter': 5000}, {'C': 0.02998532434945438, 'epsilon': 0.21233911067827616, 'max_iter': 10000}, {'C': 0.9310837957239838, 'epsilon': 0.5247564316322378, 'max_iter': 10000}, {'C': 0.03888186473153665, 'epsilon': 0.3745401188473625, 'max_iter': 10000}, {'C': 2.9038868465087937, 'epsilon': 0.3745401188473625, 'max_iter': 10000}, {'C': 3.2646356775235206, 'epsilon': 0.7319939418114051, 'max_iter': 5000}, {'C': 8.499206771743683, 'epsilon': 0.7319939418114051, 'max_iter': 5000}, {'C': 8.516933662231994, 'epsilon': 0.8661761457749352, 'max_iter': 10000}, {'C': 1.6511660035531792, 'epsilon': 0.3745401188473625, 'max_iter': 5000}, {'C': 0.07053763390632227, 'epsilon': 0.7319939418114051, 'max_iter': 10000}, {'C': 0.08993930726120071, 'epsilon': 0.5986584841970366, 'max_iter': 5000}, {'C': 0.01557551764150476, 'epsilon': 0.43194501864211576, 'max_iter': 5000}, {'C': 0.5009615137983936, 'epsilon': 0.5247564316322378, 'max_iter': 5000}, {'C': 0.3713164249534621, 'epsilon': 0.7080725777960455, 'max_iter': 5000}, {'C': 0.5343668232660405, 'epsilon': 0.020584494295802447, 'max_iter': 5000}, {'C': 0.09030397288885929, 'epsilon': 0.9699098521619943, 'max_iter': 5000}, {'C': 0.024853845095262, 'epsilon': 0.3745401188473625, 'max_iter': 5000}, {'C': 0.07382751981499336, 'epsilon': 0.2912291401980419, 'max_iter': 5000}, {'C': 0.5748291778269795, 'epsilon': 0.6011150117432088, 'max_iter': 10000}, {'C': 0.010329669551879734, 'epsilon': 0.7319939418114051, 'max_iter': 10000}, {'C': 1.2918492513656108, 'epsilon': 0.9699098521619943, 'max_iter': 10000}, {'C': 0.1994638447276318, 'epsilon': 0.6011150117432088, 'max_iter': 10000}, {'C': 0.15427474110183123, 'epsilon': 0.7319939418114051, 'max_iter': 5000}, {'C': 0.046692260295589774, 'epsilon': 0.8324426408004217, 'max_iter': 10000}, {'C': 0.21947049130435387, 'epsilon': 0.15601864044243652, 'max_iter': 10000}, {'C': 1.2544051430643322, 'epsilon': 0.21233911067827616, 'max_iter': 10000}, {'C': 0.1547095854930993, 'epsilon': 0.3042422429595377, 'max_iter': 5000}, {'C': 0.0870271969973679, 'epsilon': 0.18182496720710062, 'max_iter': 10000}, {'C': 0.5826332361509408, 'epsilon': 0.2912291401980419, 'max_iter': 10000}, {'C': 0.1529705683760267, 'epsilon': 0.15601864044243652, 'max_iter': 10000}, {'C': 0.26582911549201454, 'epsilon': 0.05808361216819946, 'max_iter': 10000}, {'C': 1.4067716049198296, 'epsilon': 0.8661761457749352, 'max_iter': 5000}, {'C': 0.14137957607647123, 'epsilon': 0.7080725777960455, 'max_iter': 5000}, {'C': 4.3187351443496365, 'epsilon': 0.18340450985343382, 'max_iter': 10000}, {'C': 0.018928738363913202, 'epsilon': 0.9507143064099162, 'max_iter': 10000}, {'C': 0.012614652184315867, 'epsilon': 0.5986584841970366, 'max_iter': 5000}, {'C': 4.893727555349509, 'epsilon': 0.020584494295802447, 'max_iter': 5000}, {'C': 0.20304615777978818, 'epsilon': 0.15599452033620265, 'max_iter': 10000}, {'C': 0.22068789671697564, 'epsilon': 0.9699098521619943, 'max_iter': 5000}, {'C': 0.11400790983431013, 'epsilon': 0.9699098521619943, 'max_iter': 10000}, {'C': 0.028076625808718805, 'epsilon': 0.18340450985343382, 'max_iter': 5000}, {'C': 0.030724074111466444, 'epsilon': 0.2912291401980419, 'max_iter': 10000}, {'C': 0.023521225662317322, 'epsilon': 0.2912291401980419, 'max_iter': 5000}, {'C': 2.6421463889976042, 'epsilon': 0.5986584841970366, 'max_iter': 10000}, {'C': 0.012579609383535598, 'epsilon': 0.7080725777960455, 'max_iter': 10000}, {'C': 0.13178690305790589, 'epsilon': 0.18182496720710062, 'max_iter': 5000}, {'C': 0.014182877282140969, 'epsilon': 0.5986584841970366, 'max_iter': 10000}, {'C': 0.011217185998132864, 'epsilon': 0.21233911067827616, 'max_iter': 10000}, {'C': 0.1202082275041248, 'epsilon': 0.9507143064099162, 'max_iter': 5000}, {'C': 0.10428250581988632, 'epsilon': 0.9507143064099162, 'max_iter': 10000}, {'C': 0.03980976140397892, 'epsilon': 0.15601864044243652, 'max_iter': 5000}, {'C': 2.404878335900933, 'epsilon': 0.15599452033620265, 'max_iter': 5000}, {'C': 0.10865633249460466, 'epsilon': 0.3042422429595377, 'max_iter': 5000}, {'C': 1.297905897383722, 'epsilon': 0.9507143064099162, 'max_iter': 10000}, {'C': 0.03119481895713797, 'epsilon': 0.6011150117432088, 'max_iter': 5000}, {'C': 0.05172237564581168, 'epsilon': 0.5986584841970366, 'max_iter': 10000}, {'C': 1.0896119231290546, 'epsilon': 0.43194501864211576, 'max_iter': 5000}, {'C': 1.7886803537926637, 'epsilon': 0.9507143064099162, 'max_iter': 5000}, {'C': 0.45996766787494736, 'epsilon': 0.7319939418114051, 'max_iter': 10000}, {'C': 0.04531564033681055, 'epsilon': 0.8324426408004217, 'max_iter': 10000}, {'C': 0.22715751293247397, 'epsilon': 0.18340450985343382, 'max_iter': 10000}, {'C': 1.1006115690601632, 'epsilon': 0.8661761457749352, 'max_iter': 10000}, {'C': 0.014765732560531639, 'epsilon': 0.5247564316322378, 'max_iter': 5000}, {'C': 4.395554676222921, 'epsilon': 0.9699098521619943, 'max_iter': 10000}, {'C': 0.03457888877316664, 'epsilon': 0.18182496720710062, 'max_iter': 10000}, {'C': 1.704133586324829, 'epsilon': 0.43194501864211576, 'max_iter': 5000}, {'C': 1.0745947688453805, 'epsilon': 0.9699098521619943, 'max_iter': 10000}, {'C': 9.35441950421687, 'epsilon': 0.3745401188473625, 'max_iter': 5000}, {'C': 0.9755164770887927, 'epsilon': 0.020584494295802447, 'max_iter': 5000}, {'C': 0.011533284318779018, 'epsilon': 0.5986584841970366, 'max_iter': 10000}, {'C': 0.14138120619090758, 'epsilon': 0.18182496720710062, 'max_iter': 10000}, {'C': 0.01000382464797508, 'epsilon': 0.6011150117432088, 'max_iter': 10000}, {'C': 0.18895335775423802, 'epsilon': 0.5247564316322378, 'max_iter': 5000}, {'C': 7.217303539978489, 'epsilon': 0.3745401188473625, 'max_iter': 10000}], 'split0_test_score': array([-31.84766684, -30.52130339, -32.21459123, -28.33937358,
       -30.83450898, -31.00235959, -29.70190793, -31.0986541 ,
       -29.87519089, -29.53661725, -30.16282981, -25.7812172 ,
       -26.16807841, -25.41083031, -30.92136963, -24.82627327,
       -27.3262939 , -30.53766465, -31.74554924, -25.30357757,
       -31.43959351, -26.17622944, -30.15392569, -31.79479911,
       -31.17184588, -31.70885063, -31.03276201, -26.59488147,
       -31.88502664, -27.05587692, -30.06488795, -29.97071015,
       -28.56973021, -29.60862512, -30.50174161, -28.13198286,
       -28.80513655, -25.04496765, -31.55924073, -31.1522503 ,
       -31.66377488, -28.58940606, -25.96794667, -28.71946904,
       -31.59060172, -24.3588427 , -31.47870722, -30.48789936,
       -29.96180892, -27.06981968, -30.93753993, -31.1038457 ,
       -30.39052906, -29.18555213, -31.41416248, -30.38769729,
       -31.17386064, -31.08775617, -29.7956987 , -30.36495156,
       -25.01845974, -24.65024716, -30.0451923 , -30.86214038,
       -30.46946037, -29.10504885, -26.48236807, -26.5419241 ,
       -25.95198661, -29.97976658, -24.5703296 , -30.06130591,
       -24.79921108, -24.76274074, -29.28865435, -28.94507279,
       -27.39223577, -30.94726607, -29.59087781, -31.6042513 ,
       -26.26888866, -27.51509934, -31.03473154, -31.24412329,
       -31.65027648, -26.99196404, -30.99712713, -31.25299053,
       -24.91537614, -30.48023486, -26.99575819, -30.5277012 ,
       -31.55838715, -29.05150546, -31.95598419, -24.54235345,
       -30.20002695, -24.39934084, -30.46251107, -29.18699693]), 'split1_test_score': array([-1.21638528, -1.81369832, -1.40618384, -0.52935883, -0.99398371,
       -1.0179202 , -1.81029171, -1.47327412, -1.96008168, -1.85456443,
       -1.77990574, -0.23535216, -0.26669385, -0.21124138, -1.71688193,
       -0.15017276, -0.38920599, -1.91116248, -1.35686065, -0.20388939,
       -1.53526943, -0.25575482, -0.73439156, -1.45528834, -1.47308922,
       -1.4685843 , -0.97976917, -0.29475075, -1.47590484, -0.34956686,
       -1.80571335, -1.81783015, -1.96127043, -1.9639829 , -1.66232315,
       -0.50209684, -0.58917769, -0.17550911, -1.2613275 , -1.12218389,
       -1.32215861, -0.56893122, -0.25198728, -0.5380773 , -1.31093404,
       -0.11601442, -1.55078196, -0.8880436 , -0.77919806, -0.37661933,
       -0.95832206, -1.58919403, -0.80754029, -0.59875192, -1.32639509,
       -0.81125426, -1.05755546, -1.5755025 , -0.7513001 , -1.88784743,
       -0.1814928 , -0.14275438, -1.90082348, -0.92420085, -0.90477111,
       -0.64946087, -0.28257665, -0.29616601, -0.24525055, -1.7812137 ,
       -0.13731927, -0.7525829 , -0.1570636 , -0.14640678, -0.67513115,
       -0.62134183, -0.36234418, -1.77487405, -0.67317493, -1.5577643 ,
       -0.2893238 , -0.41573965, -1.52735691, -1.64327421, -1.21593682,
       -0.36872733, -0.97048847, -1.50412101, -0.1649286 , -1.84327187,
       -0.32702829, -1.66866147, -1.48348367, -1.97768126, -1.53308328,
       -0.13280609, -0.78352448, -0.11858169, -0.87565052, -1.95059312]), 'split2_test_score': array([-15.15907841, -24.69746559, -18.33876044,  -5.33346397,
       -11.04656019, -11.84916065, -24.88475717, -19.75445019,
       -27.74820479, -25.54789658, -24.40204935,  -2.98270317,
        -3.28064699,  -2.76093593, -23.08595535,  -2.28576919,
        -4.23127826, -26.48851691, -16.27811832,  -2.70163229,
       -20.68226907,  -3.23511651,  -8.27845112, -19.62835184,
       -18.99018937, -19.01866203, -11.14230139,  -3.58293127,
       -19.27655538,  -3.97680558, -25.13386581, -24.22160999,
       -26.63432732, -26.12059309, -22.23871482,  -5.14596322,
        -6.09085672,  -2.48691057, -15.46116118, -13.23439831,
       -17.1735093 ,  -5.67450533,  -3.15400663,  -5.78216284,
       -16.10883288,  -1.93967903, -19.79826184,  -9.78279795,
        -8.23440885,  -3.96355793, -11.14485128, -21.76138601,
        -8.99729656,  -6.49710534, -17.13426069,  -9.16544277,
       -12.47496772, -20.35624676,  -7.84203885, -25.47921345,
        -2.43855559,  -2.1854615 , -27.01943462, -10.69748513,
        -9.64392823,  -6.54953892,  -3.48347292,  -3.5707511 ,
        -3.1196437 , -24.00954032,  -2.1243575 ,  -8.38205676,
        -2.3028391 ,  -2.24564061,  -6.79680083,  -6.20858895,
        -4.21295178, -24.35079465,  -7.30932257, -19.83426688,
        -3.37113879,  -4.41644401, -20.37819079, -21.43664068,
       -14.45883825,  -3.90606704, -11.29209764, -19.34872695,
        -2.37776102, -24.87508729,  -3.88614022, -22.17814675,
       -18.99621129, -27.44695529, -20.83705069,  -2.09709034,
        -8.73298258,  -1.96958761,  -9.62373603, -27.04801549]), 'split3_test_score': array([ -7.41248683, -10.70853678,  -8.33520359,  -4.32746568,
        -6.16410389,  -6.40974752, -10.54763976,  -8.68492882,
       -11.57404012, -10.75767701, -10.41235084,  -3.04886218,
        -3.23763989,  -2.86040436,  -9.97908077,  -2.44116866,
        -3.80144607, -11.35830177,  -8.03245362,  -2.81302947,
        -9.00751038,  -3.19444797,  -5.34982321,  -8.57959103,
        -8.63359633,  -8.64308147,  -6.20807664,  -3.40866751,
        -8.70987548,  -3.64881716, -10.50333263, -10.33222334,
       -11.41193335, -11.17712248,  -9.72795106,  -4.24821015,
        -4.63795232,  -2.63064586,  -7.47773051,  -6.89851461,
        -7.82685822,  -4.44065624,  -3.15026556,  -4.50890102,
        -7.78360181,  -2.12515743,  -9.12250323,  -5.83731605,
        -5.36343604,  -3.64810825,  -6.22266746,  -9.35656567,
        -5.57491789,  -4.77752874,  -7.93898314,  -5.6261925 ,
        -6.5938829 ,  -9.30255706,  -5.23927368, -11.15666698,
        -2.59963888,  -2.36251854, -11.35398309,  -6.09997657,
        -5.77841812,  -4.77932028,  -3.34500516,  -3.41623387,
        -3.12414455, -10.27686226,  -2.310071  ,  -5.38051076,
        -2.47816354,  -2.40716058,  -4.84462335,  -4.65370053,
        -3.77982384, -10.48265382,  -5.02383651,  -9.12282789,
        -3.30958878,  -3.92073147,  -9.008539  ,  -9.59168264,
        -7.31224199,  -3.60873533,  -6.27462702,  -8.88162142,
        -2.54863655, -10.74616827,  -3.60188716,  -9.73530614,
        -8.71407706, -11.55955875,  -9.02672463,  -2.27791074,
        -5.4904274 ,  -2.15164486,  -5.78033467, -11.40026084]), 'split4_test_score': array([-5.14528001, -6.13224901, -5.53573252, -2.99609756, -4.22892245,
       -4.45367166, -6.14843666, -5.70025508, -6.41570274, -6.26782285,
       -6.11865892, -2.96506974, -2.91627379, -3.00348373, -6.09660522,
       -3.25597884, -2.87403427, -6.33501363, -5.24815303, -3.02045629,
       -5.87613738, -2.9399011 , -3.60327128, -5.70094139, -5.67775323,
       -5.61409474, -4.26349137, -2.89715259, -5.65340426, -2.87533739,
       -6.16028335, -6.11553229, -6.22683646, -6.26368838, -6.02904627,
       -2.96841056, -3.14710953, -3.12351443, -5.18398554, -4.71042838,
       -5.38391945, -3.0439609 , -2.94375068, -3.09144293, -5.27078602,
       -3.4543909 , -5.8635158 , -3.97316386, -3.60655688, -2.8468882 ,
       -4.27125028, -5.99204504, -3.76933913, -3.24678407, -5.40092342,
       -3.86549664, -4.5664466 , -5.72216684, -3.51651457, -6.3977364 ,
       -3.09017055, -3.27647768, -6.36089876, -4.16227829, -3.9175943 ,
       -3.2170646 , -2.90959181, -2.89764849, -2.94781914, -6.0705291 ,
       -3.29850523, -3.62680466, -3.20183286, -3.28244075, -3.26936591,
       -3.15241648, -2.8946934 , -6.21451311, -3.41026011, -5.68565778,
       -2.88817255, -2.88118421, -5.81554005, -5.95443393, -4.97488391,
       -2.84581468, -4.30379813, -5.65200915, -3.16719105, -6.26831962,
       -2.88687711, -6.08891498, -5.60310809, -6.50000317, -5.84366892,
       -3.33846468, -3.74967236, -3.44279093, -3.93326211, -6.65875899]), 'mean_test_score': array([-12.15617947, -14.77465062, -13.16609432,  -8.30515192,
       -10.65361584, -10.94657192, -14.61860665, -13.34231246,
       -15.51464404, -14.79291563, -14.57515893,  -7.00264089,
        -7.17386658,  -6.84937914, -14.35997858,  -6.59187255,
        -7.7244517 , -15.32613189, -12.53222697,  -6.808517  ,
       -13.70815596,  -7.16028997,  -9.62397257, -13.43179434,
       -13.18929481, -13.29065464, -10.72528012,  -7.35567672,
       -13.40015332,  -7.58128078, -14.73361662, -14.49158119,
       -14.96081956, -15.02680239, -14.03195538,  -8.19933273,
        -8.65404656,  -6.69230952, -12.18868909, -11.4235551 ,
       -12.67404409,  -8.46349195,  -7.09359136,  -8.52801063,
       -12.4129513 ,  -6.39881689, -13.56275401, -10.19384416,
        -9.58908175,  -7.58099868, -10.7069262 , -13.96060729,
        -9.90792458,  -8.86114444, -12.64294496,  -9.97121669,
       -11.17334266, -13.60884587,  -9.42896518, -15.05728316,
        -6.66566351,  -6.52349185, -15.33606645, -10.54921624,
       -10.14283443,  -8.8600867 ,  -7.30060292,  -7.34454471,
        -7.07776891, -14.42358239,  -6.48811652,  -9.6406522 ,
        -6.58782204,  -6.56887789,  -8.97491512,  -8.71622412,
        -7.72840979, -14.75402034,  -9.20149439, -13.56095363,
        -7.22542252,  -7.82983973, -13.55287166, -13.97403095,
       -11.92243549,  -7.54426168, -10.76762768, -13.32789381,
        -6.63477867, -14.84261638,  -7.53953819, -14.03974611,
       -13.27105345, -15.30714078, -13.83930234,  -6.47772506,
        -9.79132675,  -6.41638918, -10.13509888, -15.24892507]), 'std_test_score': array([10.84533545, 11.0057258 , 11.04044501, 10.14565888, 10.60343104,
       10.62419823, 10.81914328, 10.7458784 , 11.29540231, 10.85732603,
       10.88212412,  9.4501362 ,  9.56312976,  9.33820691, 10.93385423,
        9.1748343 ,  9.89097397, 11.24753178, 10.78311607,  9.30449567,
       10.90557547,  9.57314088, 10.5530209 , 10.97582734, 10.69083383,
       10.88421672, 10.67429203,  9.69220927, 10.95829523,  9.81997959,
       10.97033357, 10.79221304, 10.76418659, 10.93573227, 10.71618932,
       10.08816102, 10.2384945 ,  9.23263276, 10.73865521, 10.62224908,
       10.82923354, 10.20499366,  9.50094899, 10.24483497, 10.7437238 ,
        9.04271921, 10.79948615, 10.54790747, 10.47037618,  9.82529931,
       10.63984299, 10.88567702, 10.57960776, 10.34537886, 10.72538072,
       10.55979087, 10.66458274, 10.73857445, 10.44159593, 11.01433554,
        9.23097771,  9.12105669, 11.22297511, 10.63829406, 10.55048992,
       10.30638494,  9.66116992,  9.67126722,  9.50025039, 10.77667601,
        9.09913329, 10.50618964,  9.16214647,  9.15506113, 10.3526924 ,
       10.28087278,  9.92209217, 11.08102232, 10.42142719, 10.86930401,
        9.58920291,  9.93881195, 10.74551693, 10.85829737, 10.76821731,
        9.8030776 , 10.65326054, 10.73358906,  9.19654418, 10.99516252,
        9.80881709, 10.70396079, 10.82325485, 11.00515508, 11.09699715,
        9.0914482 , 10.52401977,  9.05376501, 10.55110717, 10.94474471]), 'rank_test_score': array([ 59,  90,  65,  31,  51,  55,  87,  70, 100,  91,  86,  14,  18,
        13,  83,   8,  27,  98,  62,  12,  77,  17,  42,  72,  66,  68,
        53,  22,  71,  26,  88,  85,  93,  94,  81,  30,  34,  11,  60,
        57,  64,  32,  16,  33,  61,   1,  75,  49,  41,  25,  52,  79,
        45,  37,  63,  46,  56,  76,  40,  95,  10,   5,  99,  50,  48,
        36,  20,  21,  15,  84,   4,  43,   7,   6,  38,  35,  28,  89,
        39,  74,  19,  29,  73,  80,  58,  24,  54,  69,   9,  92,  23,
        82,  67,  97,  78,   3,  44,   2,  47,  96], dtype=int32)}
Saved model to file: ../Models/svr_models/svr_LS_Feat_scaling_gs.pk
Load model to file: ../Models/svr_models/svr_LS_Feat_regressor_gs.pk
Load model to file: ../Models/svr_models/svr_LS_Feat_scaling_gs.pk
(3.036, 3.799, 0.304, 0.551, 0.561)
Finished writing predictions
Load model to file: ../Models/svr_models/svr_LS_Feat_regressor_best_estimator.pk
[CV] END C=0.8800667561385502, epsilon=0.3042422429595377, max_iter=10000; total time=19.8min
[CV] END C=0.04644769479292789, epsilon=0.5247564316322378, max_iter=10000; total time= 7.3min
[CV] END C=0.7995068220796497, epsilon=0.05808361216819946, max_iter=5000; total time=20.2min
[CV] END C=0.07053763390632227, epsilon=0.7319939418114051, max_iter=10000; total time= 7.5min
[CV] END C=0.3713164249534621, epsilon=0.7080725777960455, max_iter=5000; total time=12.8min
[CV] END C=1.2918492513656108, epsilon=0.9699098521619943, max_iter=10000; total time=22.2min
[CV] END C=0.20304615777978818, epsilon=0.15599452033620265, max_iter=10000; total time=15.7min
[CV] END C=0.10865633249460466, epsilon=0.3042422429595377, max_iter=5000; total time=12.8min
[CV] END C=1.1006115690601632, epsilon=0.8661761457749352, max_iter=10000; total time=16.3min
[CV] END C=7.217303539978489, epsilon=0.3745401188473625, max_iter=10000; total time=16.8min
[CV] END C=0.07809150983452716, epsilon=0.8324426408004217, max_iter=5000; total time= 6.3min
[CV] END C=4.0762590410962485, epsilon=0.5986584841970366, max_iter=5000; total time=24.2min
[CV] END C=0.9105944026265277, epsilon=0.6011150117432088, max_iter=5000; total time=24.9min
[CV] END C=0.3713164249534621, epsilon=0.7080725777960455, max_iter=5000; total time=14.3min
[CV] END C=0.21947049130435387, epsilon=0.15601864044243652, max_iter=10000; total time=16.6min
[CV] END C=0.012614652184315867, epsilon=0.5986584841970366, max_iter=5000; total time= 3.9min
[CV] END C=0.22068789671697564, epsilon=0.9699098521619943, max_iter=5000; total time=11.5min
[CV] END C=0.1202082275041248, epsilon=0.9507143064099162, max_iter=5000; total time=10.5min
[CV] END C=1.0896119231290546, epsilon=0.43194501864211576, max_iter=5000; total time=18.5min
[CV] END C=0.011533284318779018, epsilon=0.5986584841970366, max_iter=10000; total time= 3.8min
[CV] END C=7.217303539978489, epsilon=0.3745401188473625, max_iter=10000; total time=14.7min
