nohup: ignoring input
[Parallel(n_jobs=-2)]: Using backend ThreadingBackend with 47 concurrent workers.
[Parallel(n_jobs=-2)]: Using backend ThreadingBackend with 47 concurrent workers.
[Parallel(n_jobs=-2)]: Using backend ThreadingBackend with 47 concurrent workers.
[Parallel(n_jobs=-2)]: Using backend ThreadingBackend with 47 concurrent workers.
[Parallel(n_jobs=-2)]: Using backend ThreadingBackend with 47 concurrent workers.
[Parallel(n_jobs=-2)]: Using backend ThreadingBackend with 47 concurrent workers.
[Parallel(n_jobs=-2)]: Using backend ThreadingBackend with 47 concurrent workers.
[Parallel(n_jobs=-2)]: Using backend ThreadingBackend with 47 concurrent workers.
[Parallel(n_jobs=-2)]: Using backend ThreadingBackend with 47 concurrent workers.
[Parallel(n_jobs=-2)]: Using backend ThreadingBackend with 47 concurrent workers.
[Parallel(n_jobs=-2)]: Using backend ThreadingBackend with 47 concurrent workers.
[Parallel(n_jobs=-2)]: Using backend ThreadingBackend with 47 concurrent workers.
[Parallel(n_jobs=-2)]: Using backend ThreadingBackend with 47 concurrent workers.
[Parallel(n_jobs=-2)]: Using backend ThreadingBackend with 47 concurrent workers.
[Parallel(n_jobs=-2)]: Using backend ThreadingBackend with 47 concurrent workers.
[Parallel(n_jobs=-2)]: Using backend ThreadingBackend with 47 concurrent workers.
[Parallel(n_jobs=-2)]: Using backend ThreadingBackend with 47 concurrent workers.
[Parallel(n_jobs=-2)]: Using backend ThreadingBackend with 47 concurrent workers.
[Parallel(n_jobs=-2)]: Using backend ThreadingBackend with 47 concurrent workers.
[Parallel(n_jobs=-2)]: Using backend ThreadingBackend with 47 concurrent workers.
[Parallel(n_jobs=-2)]: Using backend ThreadingBackend with 47 concurrent workers.
[Parallel(n_jobs=-2)]: Using backend ThreadingBackend with 47 concurrent workers.
[Parallel(n_jobs=-2)]: Using backend ThreadingBackend with 47 concurrent workers.
[Parallel(n_jobs=-2)]: Using backend ThreadingBackend with 47 concurrent workers.
[Parallel(n_jobs=-2)]: Using backend ThreadingBackend with 47 concurrent workers.
[Parallel(n_jobs=-2)]: Using backend ThreadingBackend with 47 concurrent workers.
[Parallel(n_jobs=-2)]: Using backend ThreadingBackend with 47 concurrent workers.
[Parallel(n_jobs=-2)]: Using backend ThreadingBackend with 47 concurrent workers.
[Parallel(n_jobs=-2)]: Using backend ThreadingBackend with 47 concurrent workers.
[Parallel(n_jobs=-2)]: Using backend ThreadingBackend with 47 concurrent workers.
[Parallel(n_jobs=-2)]: Using backend ThreadingBackend with 47 concurrent workers.
[Parallel(n_jobs=-2)]: Using backend ThreadingBackend with 47 concurrent workers.
[Parallel(n_jobs=-2)]: Using backend ThreadingBackend with 47 concurrent workers.
[Parallel(n_jobs=-2)]: Using backend ThreadingBackend with 47 concurrent workers.
[Parallel(n_jobs=-2)]: Using backend ThreadingBackend with 47 concurrent workers.
[Parallel(n_jobs=-2)]: Using backend ThreadingBackend with 47 concurrent workers.
[Parallel(n_jobs=-2)]: Using backend ThreadingBackend with 47 concurrent workers.
[Parallel(n_jobs=-2)]: Using backend ThreadingBackend with 47 concurrent workers.
[Parallel(n_jobs=-2)]: Using backend ThreadingBackend with 47 concurrent workers.
[Parallel(n_jobs=-2)]: Using backend ThreadingBackend with 47 concurrent workers.
[Parallel(n_jobs=-2)]: Using backend ThreadingBackend with 47 concurrent workers.
[Parallel(n_jobs=-2)]: Using backend ThreadingBackend with 47 concurrent workers.
[Parallel(n_jobs=-2)]: Using backend ThreadingBackend with 47 concurrent workers.
[Parallel(n_jobs=-2)]: Using backend ThreadingBackend with 47 concurrent workers.
[Parallel(n_jobs=-2)]: Using backend ThreadingBackend with 47 concurrent workers.
[Parallel(n_jobs=-2)]: Using backend ThreadingBackend with 47 concurrent workers.
[Parallel(n_jobs=-2)]: Using backend ThreadingBackend with 47 concurrent workers.
[Parallel(n_jobs=-2)]: Done 100 out of 100 | elapsed:   51.3s finished
[Parallel(n_jobs=47)]: Using backend ThreadingBackend with 47 concurrent workers.
[Parallel(n_jobs=47)]: Done 100 out of 100 | elapsed:    7.2s finished
[Parallel(n_jobs=-2)]: Done 100 out of 100 | elapsed:  1.2min finished
[Parallel(n_jobs=47)]: Using backend ThreadingBackend with 47 concurrent workers.
[Parallel(n_jobs=-2)]: Done 100 out of 100 | elapsed:  1.3min finished
[Parallel(n_jobs=47)]: Done 100 out of 100 | elapsed:    5.7s finished
[Parallel(n_jobs=47)]: Using backend ThreadingBackend with 47 concurrent workers.
[Parallel(n_jobs=-2)]: Done 100 out of 100 | elapsed:  1.3min finished
[Parallel(n_jobs=-2)]: Done 100 out of 100 | elapsed:  1.4min finished
[Parallel(n_jobs=47)]: Using backend ThreadingBackend with 47 concurrent workers.
[Parallel(n_jobs=47)]: Using backend ThreadingBackend with 47 concurrent workers.
[Parallel(n_jobs=-2)]: Using backend ThreadingBackend with 47 concurrent workers.
[Parallel(n_jobs=47)]: Done 100 out of 100 | elapsed:    6.5s finished
[Parallel(n_jobs=47)]: Done 100 out of 100 | elapsed:    6.3s finished
[Parallel(n_jobs=47)]: Done 100 out of 100 | elapsed:    6.3s finished
[Parallel(n_jobs=-2)]: Using backend ThreadingBackend with 47 concurrent workers.
[Parallel(n_jobs=-2)]: Using backend ThreadingBackend with 47 concurrent workers.
[Parallel(n_jobs=-2)]: Using backend ThreadingBackend with 47 concurrent workers.
[Parallel(n_jobs=-2)]: Using backend ThreadingBackend with 47 concurrent workers.
/home/ubuntu/anaconda3/envs/BeatAML/lib/python3.11/site-packages/joblib/externals/loky/backend/resource_tracker.py:310: UserWarning: resource_tracker: There appear to be 1 leaked file objects to clean up at shutdown
  warnings.warn(
/home/ubuntu/anaconda3/envs/BeatAML/lib/python3.11/site-packages/joblib/externals/loky/backend/resource_tracker.py:310: UserWarning: resource_tracker: There appear to be 147 leaked semlock objects to clean up at shutdown
  warnings.warn(
/home/ubuntu/anaconda3/envs/BeatAML/lib/python3.11/site-packages/joblib/externals/loky/backend/resource_tracker.py:310: UserWarning: resource_tracker: There appear to be 2 leaked folder objects to clean up at shutdown
  warnings.warn(
nohup: ignoring input
[Parallel(n_jobs=-2)]: Using backend ThreadingBackend with 47 concurrent workers.
[Parallel(n_jobs=-2)]: Using backend ThreadingBackend with 47 concurrent workers.
[Parallel(n_jobs=-2)]: Using backend ThreadingBackend with 47 concurrent workers.
[Parallel(n_jobs=-2)]: Using backend ThreadingBackend with 47 concurrent workers.
[Parallel(n_jobs=-2)]: Using backend ThreadingBackend with 47 concurrent workers.
[Parallel(n_jobs=-2)]: Using backend ThreadingBackend with 47 concurrent workers.
[Parallel(n_jobs=-2)]: Using backend ThreadingBackend with 47 concurrent workers.
[Parallel(n_jobs=-2)]: Using backend ThreadingBackend with 47 concurrent workers.
[Parallel(n_jobs=-2)]: Using backend ThreadingBackend with 47 concurrent workers.
[Parallel(n_jobs=-2)]: Using backend ThreadingBackend with 47 concurrent workers.
[Parallel(n_jobs=-2)]: Using backend ThreadingBackend with 47 concurrent workers.
[Parallel(n_jobs=-2)]: Using backend ThreadingBackend with 47 concurrent workers.
[Parallel(n_jobs=-2)]: Using backend ThreadingBackend with 47 concurrent workers.
[Parallel(n_jobs=-2)]: Using backend ThreadingBackend with 47 concurrent workers.
[Parallel(n_jobs=-2)]: Using backend ThreadingBackend with 47 concurrent workers.
[Parallel(n_jobs=-2)]: Using backend ThreadingBackend with 47 concurrent workers.
[Parallel(n_jobs=-2)]: Using backend ThreadingBackend with 47 concurrent workers.
[Parallel(n_jobs=-2)]: Using backend ThreadingBackend with 47 concurrent workers.
[Parallel(n_jobs=-2)]: Using backend ThreadingBackend with 47 concurrent workers.
[Parallel(n_jobs=-2)]: Using backend ThreadingBackend with 47 concurrent workers.
[Parallel(n_jobs=-2)]: Using backend ThreadingBackend with 47 concurrent workers.
[Parallel(n_jobs=-2)]: Using backend ThreadingBackend with 47 concurrent workers.
[Parallel(n_jobs=-2)]: Using backend ThreadingBackend with 47 concurrent workers.
[Parallel(n_jobs=-2)]: Using backend ThreadingBackend with 47 concurrent workers.
[Parallel(n_jobs=-2)]: Using backend ThreadingBackend with 47 concurrent workers.
[Parallel(n_jobs=-2)]: Using backend ThreadingBackend with 47 concurrent workers.
[Parallel(n_jobs=-2)]: Using backend ThreadingBackend with 47 concurrent workers.
[Parallel(n_jobs=-2)]: Using backend ThreadingBackend with 47 concurrent workers.
[Parallel(n_jobs=-2)]: Using backend ThreadingBackend with 47 concurrent workers.
[Parallel(n_jobs=-2)]: Using backend ThreadingBackend with 47 concurrent workers.
[Parallel(n_jobs=-2)]: Using backend ThreadingBackend with 47 concurrent workers.
[Parallel(n_jobs=-2)]: Using backend ThreadingBackend with 47 concurrent workers.
[Parallel(n_jobs=-2)]: Using backend ThreadingBackend with 47 concurrent workers.
[Parallel(n_jobs=-2)]: Using backend ThreadingBackend with 47 concurrent workers.
[Parallel(n_jobs=-2)]: Using backend ThreadingBackend with 47 concurrent workers.
[Parallel(n_jobs=-2)]: Using backend ThreadingBackend with 47 concurrent workers.
[Parallel(n_jobs=-2)]: Using backend ThreadingBackend with 47 concurrent workers.
[Parallel(n_jobs=-2)]: Using backend ThreadingBackend with 47 concurrent workers.
[Parallel(n_jobs=-2)]: Using backend ThreadingBackend with 47 concurrent workers.
[Parallel(n_jobs=-2)]: Using backend ThreadingBackend with 47 concurrent workers.
[Parallel(n_jobs=-2)]: Using backend ThreadingBackend with 47 concurrent workers.
[Parallel(n_jobs=-2)]: Using backend ThreadingBackend with 47 concurrent workers.
[Parallel(n_jobs=-2)]: Using backend ThreadingBackend with 47 concurrent workers.
[Parallel(n_jobs=-2)]: Using backend ThreadingBackend with 47 concurrent workers.
[Parallel(n_jobs=-2)]: Using backend ThreadingBackend with 47 concurrent workers.
[Parallel(n_jobs=-2)]: Using backend ThreadingBackend with 47 concurrent workers.
[Parallel(n_jobs=-2)]: Using backend ThreadingBackend with 47 concurrent workers.
/home/ubuntu/anaconda3/envs/BeatAML/lib/python3.11/site-packages/joblib/externals/loky/backend/resource_tracker.py:310: UserWarning: resource_tracker: There appear to be 1 leaked file objects to clean up at shutdown
  warnings.warn(
/home/ubuntu/anaconda3/envs/BeatAML/lib/python3.11/site-packages/joblib/externals/loky/backend/resource_tracker.py:310: UserWarning: resource_tracker: There appear to be 147 leaked semlock objects to clean up at shutdown
  warnings.warn(
/home/ubuntu/anaconda3/envs/BeatAML/lib/python3.11/site-packages/joblib/externals/loky/backend/resource_tracker.py:310: UserWarning: resource_tracker: There appear to be 2 leaked folder objects to clean up at shutdown
  warnings.warn(
nohup: ignoring input
[Parallel(n_jobs=-2)]: Using backend ThreadingBackend with 47 concurrent workers.
[Parallel(n_jobs=-2)]: Using backend ThreadingBackend with 47 concurrent workers.
[Parallel(n_jobs=-2)]: Using backend ThreadingBackend with 47 concurrent workers.
[Parallel(n_jobs=-2)]: Using backend ThreadingBackend with 47 concurrent workers.
[Parallel(n_jobs=-2)]: Using backend ThreadingBackend with 47 concurrent workers.
[Parallel(n_jobs=-2)]: Using backend ThreadingBackend with 47 concurrent workers.
[Parallel(n_jobs=-2)]: Using backend ThreadingBackend with 47 concurrent workers.
[Parallel(n_jobs=-2)]: Using backend ThreadingBackend with 47 concurrent workers.
[Parallel(n_jobs=-2)]: Using backend ThreadingBackend with 47 concurrent workers.
[Parallel(n_jobs=-2)]: Using backend ThreadingBackend with 47 concurrent workers.
[Parallel(n_jobs=-2)]: Using backend ThreadingBackend with 47 concurrent workers.
[Parallel(n_jobs=-2)]: Using backend ThreadingBackend with 47 concurrent workers.
[Parallel(n_jobs=-2)]: Using backend ThreadingBackend with 47 concurrent workers.
[Parallel(n_jobs=-2)]: Using backend ThreadingBackend with 47 concurrent workers.
[Parallel(n_jobs=-2)]: Using backend ThreadingBackend with 47 concurrent workers.
[Parallel(n_jobs=-2)]: Using backend ThreadingBackend with 47 concurrent workers.
[Parallel(n_jobs=-2)]: Using backend ThreadingBackend with 47 concurrent workers.
[Parallel(n_jobs=-2)]: Using backend ThreadingBackend with 47 concurrent workers.
[Parallel(n_jobs=-2)]: Using backend ThreadingBackend with 47 concurrent workers.
[Parallel(n_jobs=-2)]: Using backend ThreadingBackend with 47 concurrent workers.
[Parallel(n_jobs=-2)]: Using backend ThreadingBackend with 47 concurrent workers.
[Parallel(n_jobs=-2)]: Using backend ThreadingBackend with 47 concurrent workers.
[Parallel(n_jobs=-2)]: Using backend ThreadingBackend with 47 concurrent workers.
[Parallel(n_jobs=-2)]: Using backend ThreadingBackend with 47 concurrent workers.
[Parallel(n_jobs=-2)]: Using backend ThreadingBackend with 47 concurrent workers.
[Parallel(n_jobs=-2)]: Using backend ThreadingBackend with 47 concurrent workers.
[Parallel(n_jobs=-2)]: Using backend ThreadingBackend with 47 concurrent workers.
[Parallel(n_jobs=-2)]: Using backend ThreadingBackend with 47 concurrent workers.
[Parallel(n_jobs=-2)]: Using backend ThreadingBackend with 47 concurrent workers.
[Parallel(n_jobs=-2)]: Using backend ThreadingBackend with 47 concurrent workers.
[Parallel(n_jobs=-2)]: Using backend ThreadingBackend with 47 concurrent workers.
[Parallel(n_jobs=-2)]: Using backend ThreadingBackend with 47 concurrent workers.
[Parallel(n_jobs=-2)]: Using backend ThreadingBackend with 47 concurrent workers.
[Parallel(n_jobs=-2)]: Using backend ThreadingBackend with 47 concurrent workers.
[Parallel(n_jobs=-2)]: Using backend ThreadingBackend with 47 concurrent workers.
[Parallel(n_jobs=-2)]: Using backend ThreadingBackend with 47 concurrent workers.
[Parallel(n_jobs=-2)]: Using backend ThreadingBackend with 47 concurrent workers.
[Parallel(n_jobs=-2)]: Using backend ThreadingBackend with 47 concurrent workers.
[Parallel(n_jobs=-2)]: Using backend ThreadingBackend with 47 concurrent workers.
[Parallel(n_jobs=-2)]: Using backend ThreadingBackend with 47 concurrent workers.
[Parallel(n_jobs=-2)]: Using backend ThreadingBackend with 47 concurrent workers.
[Parallel(n_jobs=-2)]: Using backend ThreadingBackend with 47 concurrent workers.
[Parallel(n_jobs=-2)]: Using backend ThreadingBackend with 47 concurrent workers.
[Parallel(n_jobs=-2)]: Using backend ThreadingBackend with 47 concurrent workers.
[Parallel(n_jobs=-2)]: Using backend ThreadingBackend with 47 concurrent workers.
[Parallel(n_jobs=-2)]: Using backend ThreadingBackend with 47 concurrent workers.
[Parallel(n_jobs=-2)]: Using backend ThreadingBackend with 47 concurrent workers.
[Parallel(n_jobs=-2)]: Done 100 out of 100 | elapsed:  1.4min finished
[Parallel(n_jobs=-2)]: Done 100 out of 100 | elapsed:  1.4min finished
[Parallel(n_jobs=-2)]: Done 100 out of 100 | elapsed:  1.4min finished
[Parallel(n_jobs=47)]: Using backend ThreadingBackend with 47 concurrent workers.
[Parallel(n_jobs=47)]: Using backend ThreadingBackend with 47 concurrent workers.
[Parallel(n_jobs=47)]: Using backend ThreadingBackend with 47 concurrent workers.
[Parallel(n_jobs=-2)]: Done 100 out of 100 | elapsed:  1.5min finished
[Parallel(n_jobs=-2)]: Done 100 out of 100 | elapsed:  1.5min finished
[Parallel(n_jobs=47)]: Done 100 out of 100 | elapsed:    5.4s finished
[Parallel(n_jobs=47)]: Using backend ThreadingBackend with 47 concurrent workers.
[Parallel(n_jobs=47)]: Done 100 out of 100 | elapsed:    5.4s finished
[Parallel(n_jobs=47)]: Using backend ThreadingBackend with 47 concurrent workers.
[Parallel(n_jobs=47)]: Done 100 out of 100 | elapsed:    5.4s finished
[Parallel(n_jobs=47)]: Done 100 out of 100 | elapsed:    5.5s finished
[Parallel(n_jobs=47)]: Done 100 out of 100 | elapsed:    5.6s finished
[Parallel(n_jobs=-2)]: Using backend ThreadingBackend with 47 concurrent workers.
[Parallel(n_jobs=-2)]: Using backend ThreadingBackend with 47 concurrent workers.
[Parallel(n_jobs=-2)]: Using backend ThreadingBackend with 47 concurrent workers.
[Parallel(n_jobs=-2)]: Using backend ThreadingBackend with 47 concurrent workers.
[Parallel(n_jobs=-2)]: Using backend ThreadingBackend with 47 concurrent workers.
[Parallel(n_jobs=-2)]: Done 100 out of 100 | elapsed:  5.3min finished
[Parallel(n_jobs=47)]: Using backend ThreadingBackend with 47 concurrent workers.
[Parallel(n_jobs=47)]: Done 100 out of 100 | elapsed:    6.7s finished
[Parallel(n_jobs=-2)]: Done 100 out of 100 | elapsed:  5.5min finished
[Parallel(n_jobs=-2)]: Done 100 out of 100 | elapsed:  5.5min finished
[Parallel(n_jobs=47)]: Using backend ThreadingBackend with 47 concurrent workers.
[Parallel(n_jobs=47)]: Using backend ThreadingBackend with 47 concurrent workers.
[Parallel(n_jobs=-2)]: Done 100 out of 100 | elapsed:  5.5min finished
[Parallel(n_jobs=-2)]: Done 100 out of 100 | elapsed:  5.6min finished
[Parallel(n_jobs=47)]: Using backend ThreadingBackend with 47 concurrent workers.
[Parallel(n_jobs=47)]: Done 100 out of 100 | elapsed:    6.2s finished
[Parallel(n_jobs=47)]: Using backend ThreadingBackend with 47 concurrent workers.
[Parallel(n_jobs=47)]: Done 100 out of 100 | elapsed:    6.0s finished
[Parallel(n_jobs=-2)]: Using backend ThreadingBackend with 47 concurrent workers.
[Parallel(n_jobs=47)]: Done 100 out of 100 | elapsed:    6.7s finished
[Parallel(n_jobs=47)]: Done 100 out of 100 | elapsed:    6.3s finished
[Parallel(n_jobs=-2)]: Using backend ThreadingBackend with 47 concurrent workers.
[Parallel(n_jobs=-2)]: Using backend ThreadingBackend with 47 concurrent workers.
[Parallel(n_jobs=-2)]: Done 100 out of 100 | elapsed:  4.1min finished
[Parallel(n_jobs=47)]: Using backend ThreadingBackend with 47 concurrent workers.
[Parallel(n_jobs=-2)]: Using backend ThreadingBackend with 47 concurrent workers.
[Parallel(n_jobs=-2)]: Done 100 out of 100 | elapsed:  4.2min finished
[Parallel(n_jobs=-2)]: Using backend ThreadingBackend with 47 concurrent workers.
[Parallel(n_jobs=47)]: Using backend ThreadingBackend with 47 concurrent workers.
[Parallel(n_jobs=47)]: Done 100 out of 100 | elapsed:    7.0s finished
[Parallel(n_jobs=47)]: Done 100 out of 100 | elapsed:    6.8s finished
[Parallel(n_jobs=-2)]: Using backend ThreadingBackend with 47 concurrent workers.
[Parallel(n_jobs=-2)]: Using backend ThreadingBackend with 47 concurrent workers.
[Parallel(n_jobs=-2)]: Done 100 out of 100 | elapsed:  8.5min finished
[Parallel(n_jobs=47)]: Using backend ThreadingBackend with 47 concurrent workers.
[Parallel(n_jobs=-2)]: Done 100 out of 100 | elapsed:  8.5min finished
[Parallel(n_jobs=47)]: Using backend ThreadingBackend with 47 concurrent workers.
[Parallel(n_jobs=47)]: Done 100 out of 100 | elapsed:    4.1s finished
[Parallel(n_jobs=-2)]: Done 100 out of 100 | elapsed:  8.7min finished
[Parallel(n_jobs=-2)]: Done 100 out of 100 | elapsed:  8.6min finished
[Parallel(n_jobs=47)]: Done 100 out of 100 | elapsed:    4.4s finished
[Parallel(n_jobs=47)]: Using backend ThreadingBackend with 47 concurrent workers.
[Parallel(n_jobs=47)]: Using backend ThreadingBackend with 47 concurrent workers.
[Parallel(n_jobs=47)]: Done 100 out of 100 | elapsed:    4.0s finished
[Parallel(n_jobs=47)]: Done 100 out of 100 | elapsed:    4.1s finished
[Parallel(n_jobs=-2)]: Using backend ThreadingBackend with 47 concurrent workers.
[Parallel(n_jobs=-2)]: Done 100 out of 100 | elapsed:  3.0min finished
[Parallel(n_jobs=-2)]: Done 100 out of 100 | elapsed:  3.1min finished
[Parallel(n_jobs=47)]: Using backend ThreadingBackend with 47 concurrent workers.
[Parallel(n_jobs=47)]: Using backend ThreadingBackend with 47 concurrent workers.
[Parallel(n_jobs=-2)]: Using backend ThreadingBackend with 47 concurrent workers.
[Parallel(n_jobs=-2)]: Using backend ThreadingBackend with 47 concurrent workers.
[Parallel(n_jobs=47)]: Done 100 out of 100 | elapsed:    4.2s finished
[Parallel(n_jobs=47)]: Done 100 out of 100 | elapsed:    4.2s finished
[Parallel(n_jobs=-2)]: Using backend ThreadingBackend with 47 concurrent workers.
[Parallel(n_jobs=-2)]: Using backend ThreadingBackend with 47 concurrent workers.
[Parallel(n_jobs=-2)]: Using backend ThreadingBackend with 47 concurrent workers.
[Parallel(n_jobs=-2)]: Done 100 out of 100 | elapsed:  9.4min finished
[Parallel(n_jobs=47)]: Using backend ThreadingBackend with 47 concurrent workers.
[Parallel(n_jobs=47)]: Done 100 out of 100 | elapsed:    6.8s finished
[Parallel(n_jobs=-2)]: Done 100 out of 100 | elapsed:  3.9min finished
[Parallel(n_jobs=47)]: Using backend ThreadingBackend with 47 concurrent workers.
[Parallel(n_jobs=-2)]: Done 100 out of 100 | elapsed:  9.6min finished
[Parallel(n_jobs=47)]: Done 100 out of 100 | elapsed:    6.7s finished
[Parallel(n_jobs=47)]: Using backend ThreadingBackend with 47 concurrent workers.
[Parallel(n_jobs=-2)]: Done 100 out of 100 | elapsed:  9.7min finished
[Parallel(n_jobs=47)]: Using backend ThreadingBackend with 47 concurrent workers.
[Parallel(n_jobs=-2)]: Using backend ThreadingBackend with 47 concurrent workers.
[Parallel(n_jobs=-2)]: Done 100 out of 100 | elapsed:  9.8min finished
[Parallel(n_jobs=47)]: Done 100 out of 100 | elapsed:    6.1s finished
[Parallel(n_jobs=47)]: Using backend ThreadingBackend with 47 concurrent workers.
[Parallel(n_jobs=47)]: Done 100 out of 100 | elapsed:    6.7s finished
[Parallel(n_jobs=47)]: Done 100 out of 100 | elapsed:    7.1s finished
[Parallel(n_jobs=-2)]: Using backend ThreadingBackend with 47 concurrent workers.
[Parallel(n_jobs=-2)]: Using backend ThreadingBackend with 47 concurrent workers.
[Parallel(n_jobs=-2)]: Using backend ThreadingBackend with 47 concurrent workers.
[Parallel(n_jobs=-2)]: Using backend ThreadingBackend with 47 concurrent workers.
[Parallel(n_jobs=-2)]: Done 100 out of 100 | elapsed: 10.4min finished
[Parallel(n_jobs=47)]: Using backend ThreadingBackend with 47 concurrent workers.
[Parallel(n_jobs=47)]: Done 100 out of 100 | elapsed:    7.2s finished
[Parallel(n_jobs=-2)]: Using backend ThreadingBackend with 47 concurrent workers.
[Parallel(n_jobs=-2)]: Done 100 out of 100 | elapsed: 11.0min finished
[Parallel(n_jobs=47)]: Using backend ThreadingBackend with 47 concurrent workers.
[Parallel(n_jobs=47)]: Done 100 out of 100 | elapsed:    5.8s finished
[Parallel(n_jobs=-2)]: Done 100 out of 100 | elapsed:   30.3s finished
[Parallel(n_jobs=47)]: Using backend ThreadingBackend with 47 concurrent workers.
[Parallel(n_jobs=-2)]: Using backend ThreadingBackend with 47 concurrent workers.
[Parallel(n_jobs=47)]: Done 100 out of 100 | elapsed:    7.0s finished
[Parallel(n_jobs=-2)]: Using backend ThreadingBackend with 47 concurrent workers.
[Parallel(n_jobs=-2)]: Done 100 out of 100 | elapsed:   28.6s finished
[Parallel(n_jobs=47)]: Using backend ThreadingBackend with 47 concurrent workers.
[Parallel(n_jobs=47)]: Done 100 out of 100 | elapsed:    7.1s finished
[Parallel(n_jobs=-2)]: Using backend ThreadingBackend with 47 concurrent workers.
[Parallel(n_jobs=-2)]: Done 100 out of 100 | elapsed:   30.6s finished
[Parallel(n_jobs=47)]: Using backend ThreadingBackend with 47 concurrent workers.
[Parallel(n_jobs=47)]: Done 100 out of 100 | elapsed:    7.1s finished
[Parallel(n_jobs=-2)]: Done 100 out of 100 | elapsed:   29.9s finished
[Parallel(n_jobs=-2)]: Using backend ThreadingBackend with 47 concurrent workers.
[Parallel(n_jobs=47)]: Using backend ThreadingBackend with 47 concurrent workers.
[Parallel(n_jobs=47)]: Done 100 out of 100 | elapsed:    7.1s finished
[Parallel(n_jobs=-2)]: Using backend ThreadingBackend with 47 concurrent workers.
[Parallel(n_jobs=-2)]: Done 100 out of 100 | elapsed:   28.9s finished
[Parallel(n_jobs=47)]: Using backend ThreadingBackend with 47 concurrent workers.
[Parallel(n_jobs=47)]: Done 100 out of 100 | elapsed:    6.6s finished
[Parallel(n_jobs=-2)]: Using backend ThreadingBackend with 47 concurrent workers.
[Parallel(n_jobs=-2)]: Done 100 out of 100 | elapsed:  2.7min finished
[Parallel(n_jobs=47)]: Using backend ThreadingBackend with 47 concurrent workers.
[Parallel(n_jobs=47)]: Done 100 out of 100 | elapsed:    7.4s finished
[Parallel(n_jobs=-2)]: Using backend ThreadingBackend with 47 concurrent workers.
[Parallel(n_jobs=-2)]: Done 100 out of 100 | elapsed:  2.8min finished
[Parallel(n_jobs=47)]: Using backend ThreadingBackend with 47 concurrent workers.
[Parallel(n_jobs=47)]: Done 100 out of 100 | elapsed:    6.6s finished
[Parallel(n_jobs=-2)]: Using backend ThreadingBackend with 47 concurrent workers.
[Parallel(n_jobs=-2)]: Done 100 out of 100 | elapsed:  2.7min finished
[Parallel(n_jobs=47)]: Using backend ThreadingBackend with 47 concurrent workers.
[Parallel(n_jobs=47)]: Done 100 out of 100 | elapsed:    7.2s finished
[Parallel(n_jobs=-2)]: Using backend ThreadingBackend with 47 concurrent workers.
[Parallel(n_jobs=-2)]: Done 100 out of 100 | elapsed:  2.6min finished
[Parallel(n_jobs=47)]: Using backend ThreadingBackend with 47 concurrent workers.
[Parallel(n_jobs=47)]: Done 100 out of 100 | elapsed:    6.6s finished
[Parallel(n_jobs=-2)]: Using backend ThreadingBackend with 47 concurrent workers.
[Parallel(n_jobs=-2)]: Done 100 out of 100 | elapsed:  2.5min finished
[Parallel(n_jobs=47)]: Using backend ThreadingBackend with 47 concurrent workers.
[Parallel(n_jobs=47)]: Done 100 out of 100 | elapsed:    6.9s finished
[Parallel(n_jobs=-2)]: Using backend ThreadingBackend with 47 concurrent workers.
[Parallel(n_jobs=-2)]: Done 100 out of 100 | elapsed: 126.8min finished
[Parallel(n_jobs=47)]: Using backend ThreadingBackend with 47 concurrent workers.
[Parallel(n_jobs=47)]: Done 100 out of 100 | elapsed:    5.3s finished
[Parallel(n_jobs=-2)]: Using backend ThreadingBackend with 47 concurrent workers.
[Parallel(n_jobs=-2)]: Done 100 out of 100 | elapsed: 135.8min finished
[Parallel(n_jobs=47)]: Using backend ThreadingBackend with 47 concurrent workers.
[Parallel(n_jobs=47)]: Done 100 out of 100 | elapsed:    5.9s finished
[Parallel(n_jobs=-2)]: Using backend ThreadingBackend with 47 concurrent workers.
[Parallel(n_jobs=-2)]: Done 100 out of 100 | elapsed: 141.6min finished
[Parallel(n_jobs=47)]: Using backend ThreadingBackend with 47 concurrent workers.
[Parallel(n_jobs=47)]: Done 100 out of 100 | elapsed:    6.1s finished
[Parallel(n_jobs=-2)]: Using backend ThreadingBackend with 47 concurrent workers.
[Parallel(n_jobs=-2)]: Done 100 out of 100 | elapsed: 142.5min finished
[Parallel(n_jobs=47)]: Using backend ThreadingBackend with 47 concurrent workers.
[Parallel(n_jobs=47)]: Done 100 out of 100 | elapsed:    7.6s finished
[Parallel(n_jobs=-2)]: Using backend ThreadingBackend with 47 concurrent workers.
[Parallel(n_jobs=-2)]: Done 100 out of 100 | elapsed: 149.0min finished
[Parallel(n_jobs=47)]: Using backend ThreadingBackend with 47 concurrent workers.
[Parallel(n_jobs=47)]: Done 100 out of 100 | elapsed:    5.6s finished
[Parallel(n_jobs=-2)]: Using backend ThreadingBackend with 47 concurrent workers.
[Parallel(n_jobs=-2)]: Done 100 out of 100 | elapsed: 159.5min finished
[Parallel(n_jobs=47)]: Using backend ThreadingBackend with 47 concurrent workers.
[Parallel(n_jobs=47)]: Done 100 out of 100 | elapsed:    7.1s finished
[Parallel(n_jobs=-2)]: Using backend ThreadingBackend with 47 concurrent workers.
[Parallel(n_jobs=-2)]: Done 100 out of 100 | elapsed: 163.9min finished
[Parallel(n_jobs=47)]: Using backend ThreadingBackend with 47 concurrent workers.
[Parallel(n_jobs=47)]: Done 100 out of 100 | elapsed:    6.6s finished
[Parallel(n_jobs=-2)]: Using backend ThreadingBackend with 47 concurrent workers.
[Parallel(n_jobs=-2)]: Done 100 out of 100 | elapsed: 164.1min finished
[Parallel(n_jobs=47)]: Using backend ThreadingBackend with 47 concurrent workers.
[Parallel(n_jobs=-2)]: Done 100 out of 100 | elapsed: 164.4min finished
[Parallel(n_jobs=47)]: Using backend ThreadingBackend with 47 concurrent workers.
[Parallel(n_jobs=47)]: Done 100 out of 100 | elapsed:    6.1s finished
[Parallel(n_jobs=47)]: Done 100 out of 100 | elapsed:    7.1s finished
[Parallel(n_jobs=-2)]: Using backend ThreadingBackend with 47 concurrent workers.
[Parallel(n_jobs=-2)]: Using backend ThreadingBackend with 47 concurrent workers.
[Parallel(n_jobs=-2)]: Done 100 out of 100 | elapsed: 164.7min finished
[Parallel(n_jobs=47)]: Using backend ThreadingBackend with 47 concurrent workers.
[Parallel(n_jobs=47)]: Done 100 out of 100 | elapsed:    6.3s finished
[Parallel(n_jobs=-2)]: Using backend ThreadingBackend with 47 concurrent workers.
[Parallel(n_jobs=-2)]: Done 106 tasks      | elapsed: 330.7min
[Parallel(n_jobs=-2)]: Done 106 tasks      | elapsed: 338.4min
[Parallel(n_jobs=-2)]: Done 106 tasks      | elapsed: 338.6min
[Parallel(n_jobs=-2)]: Done 106 tasks      | elapsed: 340.1min
[Parallel(n_jobs=-2)]: Done 106 tasks      | elapsed: 342.4min
[Parallel(n_jobs=-2)]: Done 106 tasks      | elapsed: 486.0min
[Parallel(n_jobs=-2)]: Done 106 tasks      | elapsed: 491.5min
[Parallel(n_jobs=-2)]: Done 106 tasks      | elapsed: 494.6min
[Parallel(n_jobs=-2)]: Done 106 tasks      | elapsed: 495.9min
[Parallel(n_jobs=-2)]: Done 100 out of 100 | elapsed: 525.1min finished
[Parallel(n_jobs=47)]: Using backend ThreadingBackend with 47 concurrent workers.
[Parallel(n_jobs=47)]: Done 100 out of 100 | elapsed:    5.8s finished
[Parallel(n_jobs=-2)]: Using backend ThreadingBackend with 47 concurrent workers.
[Parallel(n_jobs=-2)]: Done 100 out of 100 | elapsed: 526.6min finished
[Parallel(n_jobs=47)]: Using backend ThreadingBackend with 47 concurrent workers.
[Parallel(n_jobs=47)]: Done 100 out of 100 | elapsed:    6.3s finished
[Parallel(n_jobs=-2)]: Using backend ThreadingBackend with 47 concurrent workers.
[Parallel(n_jobs=-2)]: Done 100 out of 100 | elapsed: 529.4min finished
[Parallel(n_jobs=47)]: Using backend ThreadingBackend with 47 concurrent workers.
[Parallel(n_jobs=47)]: Done 100 out of 100 | elapsed:    6.4s finished
[Parallel(n_jobs=-2)]: Using backend ThreadingBackend with 47 concurrent workers.
[Parallel(n_jobs=-2)]: Done 100 out of 100 | elapsed: 551.1min finished
[Parallel(n_jobs=47)]: Using backend ThreadingBackend with 47 concurrent workers.
[Parallel(n_jobs=47)]: Done 100 out of 100 | elapsed:    7.9s finished
[Parallel(n_jobs=-2)]: Using backend ThreadingBackend with 47 concurrent workers.
[Parallel(n_jobs=-2)]: Done 106 tasks      | elapsed: 577.2min
[Parallel(n_jobs=-2)]: Done 100 out of 100 | elapsed: 611.2min finished
[Parallel(n_jobs=47)]: Using backend ThreadingBackend with 47 concurrent workers.
[Parallel(n_jobs=47)]: Done 100 out of 100 | elapsed:    6.6s finished
[Parallel(n_jobs=-2)]: Using backend ThreadingBackend with 47 concurrent workers.
[Parallel(n_jobs=-2)]: Done 250 out of 250 | elapsed: 653.9min finished
[Parallel(n_jobs=47)]: Using backend ThreadingBackend with 47 concurrent workers.
[Parallel(n_jobs=47)]: Done 106 tasks      | elapsed:    5.3s
[Parallel(n_jobs=47)]: Done 250 out of 250 | elapsed:    5.4s finished
[Parallel(n_jobs=-2)]: Using backend ThreadingBackend with 47 concurrent workers.
[Parallel(n_jobs=-2)]: Done 250 out of 250 | elapsed: 655.3min finished
[Parallel(n_jobs=47)]: Using backend ThreadingBackend with 47 concurrent workers.
[Parallel(n_jobs=47)]: Done 106 tasks      | elapsed:    5.2s
[Parallel(n_jobs=47)]: Done 250 out of 250 | elapsed:    5.2s finished
[Parallel(n_jobs=-2)]: Using backend ThreadingBackend with 47 concurrent workers.
[Parallel(n_jobs=-2)]: Done 250 out of 250 | elapsed: 656.2min finished
[Parallel(n_jobs=47)]: Using backend ThreadingBackend with 47 concurrent workers.
[Parallel(n_jobs=47)]: Done 106 tasks      | elapsed:    5.8s
[Parallel(n_jobs=47)]: Done 250 out of 250 | elapsed:    5.8s finished
[Parallel(n_jobs=-2)]: Using backend ThreadingBackend with 47 concurrent workers.
[Parallel(n_jobs=-2)]: Done 250 out of 250 | elapsed: 657.3min finished
[Parallel(n_jobs=47)]: Using backend ThreadingBackend with 47 concurrent workers.
[Parallel(n_jobs=47)]: Done 106 tasks      | elapsed:    5.8s
[Parallel(n_jobs=47)]: Done 250 out of 250 | elapsed:    6.0s finished
[Parallel(n_jobs=-2)]: Done 250 out of 250 | elapsed: 666.0min finished
[Parallel(n_jobs=47)]: Using backend ThreadingBackend with 47 concurrent workers.
[Parallel(n_jobs=47)]: Done 106 tasks      | elapsed:    5.5s
[Parallel(n_jobs=47)]: Done 250 out of 250 | elapsed:    5.5s finished
[Parallel(n_jobs=-2)]: Done 100 out of 100 | elapsed: 772.6min finished
[Parallel(n_jobs=47)]: Using backend ThreadingBackend with 47 concurrent workers.
[Parallel(n_jobs=47)]: Done 100 out of 100 | elapsed:    4.6s finished
[Parallel(n_jobs=-2)]: Done 100 out of 100 | elapsed: 606.3min finished
[Parallel(n_jobs=47)]: Using backend ThreadingBackend with 47 concurrent workers.
[Parallel(n_jobs=47)]: Done 100 out of 100 | elapsed:    3.5s finished
[Parallel(n_jobs=-2)]: Done 100 out of 100 | elapsed: 803.1min finished
[Parallel(n_jobs=47)]: Using backend ThreadingBackend with 47 concurrent workers.
[Parallel(n_jobs=47)]: Done 100 out of 100 | elapsed:    3.7s finished
[Parallel(n_jobs=-2)]: Done 100 out of 100 | elapsed: 811.0min finished
[Parallel(n_jobs=47)]: Using backend ThreadingBackend with 47 concurrent workers.
[Parallel(n_jobs=47)]: Done 100 out of 100 | elapsed:    3.3s finished
[Parallel(n_jobs=-2)]: Done 100 out of 100 | elapsed: 822.3min finished
[Parallel(n_jobs=47)]: Using backend ThreadingBackend with 47 concurrent workers.
[Parallel(n_jobs=47)]: Done 100 out of 100 | elapsed:    3.0s finished
[Parallel(n_jobs=-2)]: Done 100 out of 100 | elapsed: 651.5min finished
[Parallel(n_jobs=47)]: Using backend ThreadingBackend with 47 concurrent workers.
[Parallel(n_jobs=47)]: Done 100 out of 100 | elapsed:    3.2s finished
[Parallel(n_jobs=-2)]: Done 100 out of 100 | elapsed: 835.0min finished
[Parallel(n_jobs=47)]: Using backend ThreadingBackend with 47 concurrent workers.
[Parallel(n_jobs=47)]: Done 100 out of 100 | elapsed:    3.1s finished
[Parallel(n_jobs=-2)]: Done 100 out of 100 | elapsed: 840.8min finished
[Parallel(n_jobs=47)]: Using backend ThreadingBackend with 47 concurrent workers.
[Parallel(n_jobs=47)]: Done 100 out of 100 | elapsed:    2.7s finished
[Parallel(n_jobs=-2)]: Done 106 tasks      | elapsed: 839.8min
[Parallel(n_jobs=-2)]: Done 106 tasks      | elapsed: 842.1min
[Parallel(n_jobs=-2)]: Done 100 out of 100 | elapsed: 837.1min finished
[Parallel(n_jobs=47)]: Using backend ThreadingBackend with 47 concurrent workers.
[Parallel(n_jobs=47)]: Done 100 out of 100 | elapsed:    2.4s finished
[Parallel(n_jobs=-2)]: Done 100 out of 100 | elapsed: 861.9min finished
[Parallel(n_jobs=47)]: Using backend ThreadingBackend with 47 concurrent workers.
[Parallel(n_jobs=47)]: Done 100 out of 100 | elapsed:    2.7s finished
[Parallel(n_jobs=-2)]: Done 100 out of 100 | elapsed: 862.2min finished
[Parallel(n_jobs=47)]: Using backend ThreadingBackend with 47 concurrent workers.
[Parallel(n_jobs=47)]: Done 100 out of 100 | elapsed:    2.6s finished
[Parallel(n_jobs=-2)]: Done 100 out of 100 | elapsed: 867.1min finished
[Parallel(n_jobs=47)]: Using backend ThreadingBackend with 47 concurrent workers.
[Parallel(n_jobs=47)]: Done 100 out of 100 | elapsed:    2.6s finished
[Parallel(n_jobs=-2)]: Done 106 tasks      | elapsed: 861.7min
[Parallel(n_jobs=-2)]: Done 100 out of 100 | elapsed: 695.2min finished
[Parallel(n_jobs=47)]: Using backend ThreadingBackend with 47 concurrent workers.
[Parallel(n_jobs=47)]: Done 100 out of 100 | elapsed:    1.9s finished
[Parallel(n_jobs=-2)]: Done 250 out of 250 | elapsed: 861.7min finished
[Parallel(n_jobs=47)]: Using backend ThreadingBackend with 47 concurrent workers.
[Parallel(n_jobs=47)]: Done 106 tasks      | elapsed:    2.2s
[Parallel(n_jobs=47)]: Done 250 out of 250 | elapsed:    2.2s finished
[Parallel(n_jobs=-2)]: Done 100 out of 100 | elapsed: 727.7min finished
[Parallel(n_jobs=47)]: Using backend ThreadingBackend with 47 concurrent workers.
[Parallel(n_jobs=47)]: Done 100 out of 100 | elapsed:    2.3s finished
[Parallel(n_jobs=-2)]: Done 100 out of 100 | elapsed: 876.7min finished
[Parallel(n_jobs=47)]: Using backend ThreadingBackend with 47 concurrent workers.
[Parallel(n_jobs=47)]: Done 100 out of 100 | elapsed:    1.9s finished
[Parallel(n_jobs=-2)]: Done 250 out of 250 | elapsed: 868.5min finished
[Parallel(n_jobs=47)]: Using backend ThreadingBackend with 47 concurrent workers.
[Parallel(n_jobs=47)]: Done 106 tasks      | elapsed:    1.6s
[Parallel(n_jobs=47)]: Done 250 out of 250 | elapsed:    1.7s finished
[Parallel(n_jobs=-2)]: Done 100 out of 100 | elapsed: 882.5min finished
[Parallel(n_jobs=47)]: Using backend ThreadingBackend with 47 concurrent workers.
[Parallel(n_jobs=47)]: Done 100 out of 100 | elapsed:    1.6s finished
[Parallel(n_jobs=-2)]: Done 100 out of 100 | elapsed: 882.8min finished
[Parallel(n_jobs=47)]: Using backend ThreadingBackend with 47 concurrent workers.
[Parallel(n_jobs=47)]: Done 100 out of 100 | elapsed:    1.8s finished
[Parallel(n_jobs=-2)]: Done 250 out of 250 | elapsed: 876.2min finished
[Parallel(n_jobs=47)]: Using backend ThreadingBackend with 47 concurrent workers.
[Parallel(n_jobs=47)]: Done 106 tasks      | elapsed:    1.6s
[Parallel(n_jobs=47)]: Done 250 out of 250 | elapsed:    1.7s finished
[Parallel(n_jobs=-2)]: Done 100 out of 100 | elapsed: 887.5min finished
[Parallel(n_jobs=47)]: Using backend ThreadingBackend with 47 concurrent workers.
[Parallel(n_jobs=47)]: Done 100 out of 100 | elapsed:    1.9s finished
[Parallel(n_jobs=-2)]: Done 250 out of 250 | elapsed: 880.3min finished
[Parallel(n_jobs=47)]: Using backend ThreadingBackend with 47 concurrent workers.
[Parallel(n_jobs=47)]: Done 106 tasks      | elapsed:    1.5s
[Parallel(n_jobs=47)]: Done 250 out of 250 | elapsed:    1.6s finished
[Parallel(n_jobs=-2)]: Done 100 out of 100 | elapsed: 741.3min finished
[Parallel(n_jobs=47)]: Using backend ThreadingBackend with 47 concurrent workers.
[Parallel(n_jobs=47)]: Done 100 out of 100 | elapsed:    1.6s finished
[Parallel(n_jobs=-2)]: Done 106 tasks      | elapsed: 885.2min
[Parallel(n_jobs=-2)]: Done 100 out of 100 | elapsed: 725.3min finished
[Parallel(n_jobs=47)]: Using backend ThreadingBackend with 47 concurrent workers.
[Parallel(n_jobs=47)]: Done 100 out of 100 | elapsed:    1.6s finished
[Parallel(n_jobs=-2)]: Done 100 out of 100 | elapsed: 760.4min finished
[Parallel(n_jobs=47)]: Using backend ThreadingBackend with 47 concurrent workers.
[Parallel(n_jobs=47)]: Done 100 out of 100 | elapsed:    1.4s finished
[Parallel(n_jobs=-2)]: Done 100 out of 100 | elapsed: 878.5min finished
[Parallel(n_jobs=47)]: Using backend ThreadingBackend with 47 concurrent workers.
[Parallel(n_jobs=47)]: Done 100 out of 100 | elapsed:    1.7s finished
[Parallel(n_jobs=-2)]: Done 100 out of 100 | elapsed: 911.4min finished
[Parallel(n_jobs=47)]: Using backend ThreadingBackend with 47 concurrent workers.
[Parallel(n_jobs=47)]: Done 100 out of 100 | elapsed:    1.5s finished
[Parallel(n_jobs=-2)]: Done 100 out of 100 | elapsed: 920.1min finished
[Parallel(n_jobs=47)]: Using backend ThreadingBackend with 47 concurrent workers.
[Parallel(n_jobs=47)]: Done 100 out of 100 | elapsed:    1.7s finished
[Parallel(n_jobs=-2)]: Done 250 out of 250 | elapsed: 913.4min finished
[Parallel(n_jobs=47)]: Using backend ThreadingBackend with 47 concurrent workers.
[Parallel(n_jobs=47)]: Done 106 tasks      | elapsed:    1.3s
[Parallel(n_jobs=47)]: Done 250 out of 250 | elapsed:    1.4s finished
[Parallel(n_jobs=-2)]: Done 100 out of 100 | elapsed: 749.4min finished
[Parallel(n_jobs=47)]: Using backend ThreadingBackend with 47 concurrent workers.
[Parallel(n_jobs=47)]: Done 100 out of 100 | elapsed:    1.5s finished
[Parallel(n_jobs=-2)]: Done 100 out of 100 | elapsed: 404.4min finished
[Parallel(n_jobs=47)]: Using backend ThreadingBackend with 47 concurrent workers.
[Parallel(n_jobs=47)]: Done 100 out of 100 | elapsed:    1.4s finished
[Parallel(n_jobs=-2)]: Done 106 tasks      | elapsed: 923.8min
[Parallel(n_jobs=-2)]: Done 100 out of 100 | elapsed: 804.0min finished
[Parallel(n_jobs=47)]: Using backend ThreadingBackend with 47 concurrent workers.
[Parallel(n_jobs=47)]: Done 100 out of 100 | elapsed:    1.5s finished
[Parallel(n_jobs=-2)]: Done 100 out of 100 | elapsed: 403.7min finished
[Parallel(n_jobs=47)]: Using backend ThreadingBackend with 47 concurrent workers.
[Parallel(n_jobs=47)]: Done 100 out of 100 | elapsed:    1.4s finished
[Parallel(n_jobs=-2)]: Done 100 out of 100 | elapsed: 408.6min finished
[Parallel(n_jobs=47)]: Using backend ThreadingBackend with 47 concurrent workers.
[Parallel(n_jobs=47)]: Done 100 out of 100 | elapsed:    1.1s finished
[Parallel(n_jobs=-2)]: Done 100 out of 100 | elapsed: 838.4min finished
[Parallel(n_jobs=47)]: Using backend ThreadingBackend with 47 concurrent workers.
[Parallel(n_jobs=47)]: Done 100 out of 100 | elapsed:    1.3s finished
[Parallel(n_jobs=-2)]: Done 250 out of 250 | elapsed: 1061.1min finished
[Parallel(n_jobs=47)]: Using backend ThreadingBackend with 47 concurrent workers.
[Parallel(n_jobs=47)]: Done 106 tasks      | elapsed:    0.8s
[Parallel(n_jobs=47)]: Done 250 out of 250 | elapsed:    0.8s finished
[Parallel(n_jobs=-2)]: Done 250 out of 250 | elapsed: 1063.3min finished
[Parallel(n_jobs=47)]: Using backend ThreadingBackend with 47 concurrent workers.
[Parallel(n_jobs=47)]: Done 106 tasks      | elapsed:    0.7s
[Parallel(n_jobs=47)]: Done 250 out of 250 | elapsed:    0.8s finished
[Parallel(n_jobs=-2)]: Done 100 out of 100 | elapsed: 417.0min finished
[Parallel(n_jobs=47)]: Using backend ThreadingBackend with 47 concurrent workers.
[Parallel(n_jobs=47)]: Done 100 out of 100 | elapsed:    0.7s finished
[Parallel(n_jobs=-2)]: Done 100 out of 100 | elapsed: 521.4min finished
[Parallel(n_jobs=47)]: Using backend ThreadingBackend with 47 concurrent workers.
[Parallel(n_jobs=47)]: Done 100 out of 100 | elapsed:    0.6s finished
[Parallel(n_jobs=-2)]: Done 100 out of 100 | elapsed: 461.9min finished
[Parallel(n_jobs=47)]: Using backend ThreadingBackend with 47 concurrent workers.
[Parallel(n_jobs=47)]: Done 100 out of 100 | elapsed:    0.7s finished
[Parallel(n_jobs=-2)]: Done 250 out of 250 | elapsed: 1068.0min finished
[Parallel(n_jobs=47)]: Using backend ThreadingBackend with 47 concurrent workers.
[Parallel(n_jobs=47)]: Done 106 tasks      | elapsed:    0.7s
[Parallel(n_jobs=47)]: Done 250 out of 250 | elapsed:    0.7s finished
[Parallel(n_jobs=-2)]: Done 250 out of 250 | elapsed: 1069.6min finished
[Parallel(n_jobs=47)]: Using backend ThreadingBackend with 47 concurrent workers.
[Parallel(n_jobs=47)]: Done 106 tasks      | elapsed:    0.1s
[Parallel(n_jobs=47)]: Done 250 out of 250 | elapsed:    0.1s finished
[Parallel(n_jobs=-2)]: Done 100 out of 100 | elapsed: 422.2min finished
[Parallel(n_jobs=47)]: Using backend ThreadingBackend with 47 concurrent workers.
[Parallel(n_jobs=47)]: Done 100 out of 100 | elapsed:    0.0s finished
[Parallel(n_jobs=-2)]: Done 100 out of 100 | elapsed: 422.9min finished
[Parallel(n_jobs=47)]: Using backend ThreadingBackend with 47 concurrent workers.
[Parallel(n_jobs=47)]: Done 100 out of 100 | elapsed:    0.0s finished
[Parallel(n_jobs=-2)]: Done 250 out of 250 | elapsed: 1074.4min finished
[Parallel(n_jobs=47)]: Using backend ThreadingBackend with 47 concurrent workers.
[Parallel(n_jobs=47)]: Done 106 tasks      | elapsed:    0.1s
[Parallel(n_jobs=47)]: Done 250 out of 250 | elapsed:    0.1s finished
[Parallel(n_jobs=-2)]: Using backend ThreadingBackend with 47 concurrent workers.
[Parallel(n_jobs=-2)]: Done 100 out of 100 | elapsed:   15.8s finished
[Parallel(n_jobs=47)]: Using backend ThreadingBackend with 47 concurrent workers.
[Parallel(n_jobs=47)]: Done 100 out of 100 | elapsed:    0.1s finished
[Parallel(n_jobs=47)]: Using backend ThreadingBackend with 47 concurrent workers.
[Parallel(n_jobs=47)]: Done 100 out of 100 | elapsed:    0.1s finished
[Parallel(n_jobs=47)]: Using backend ThreadingBackend with 47 concurrent workers.
[Parallel(n_jobs=47)]: Done 100 out of 100 | elapsed:    0.1s finished
[Parallel(n_jobs=47)]: Using backend ThreadingBackend with 47 concurrent workers.
[Parallel(n_jobs=47)]: Done 100 out of 100 | elapsed:    0.1s finished
[Parallel(n_jobs=47)]: Using backend ThreadingBackend with 47 concurrent workers.
[Parallel(n_jobs=47)]: Done 100 out of 100 | elapsed:    0.1s finished
[Parallel(n_jobs=47)]: Using backend ThreadingBackend with 47 concurrent workers.
[Parallel(n_jobs=47)]: Done 100 out of 100 | elapsed:    0.1s finished
[Parallel(n_jobs=47)]: Using backend ThreadingBackend with 47 concurrent workers.
[Parallel(n_jobs=47)]: Done 100 out of 100 | elapsed:    0.1s finished
