nohup: ignoring input
[Parallel(n_jobs=42)]: Using backend ThreadingBackend with 42 concurrent workers.
[Parallel(n_jobs=42)]: Using backend ThreadingBackend with 42 concurrent workers.
[Parallel(n_jobs=42)]: Using backend ThreadingBackend with 42 concurrent workers.
[Parallel(n_jobs=42)]: Using backend ThreadingBackend with 42 concurrent workers.
[Parallel(n_jobs=42)]: Using backend ThreadingBackend with 42 concurrent workers.
[Parallel(n_jobs=42)]: Using backend ThreadingBackend with 42 concurrent workers.
[Parallel(n_jobs=42)]: Using backend ThreadingBackend with 42 concurrent workers.
[Parallel(n_jobs=42)]: Using backend ThreadingBackend with 42 concurrent workers.
[Parallel(n_jobs=42)]: Using backend ThreadingBackend with 42 concurrent workers.
[Parallel(n_jobs=42)]: Using backend ThreadingBackend with 42 concurrent workers.
[Parallel(n_jobs=42)]: Using backend ThreadingBackend with 42 concurrent workers.
[Parallel(n_jobs=42)]: Using backend ThreadingBackend with 42 concurrent workers.
[Parallel(n_jobs=42)]: Using backend ThreadingBackend with 42 concurrent workers.
[Parallel(n_jobs=42)]: Using backend ThreadingBackend with 42 concurrent workers.
[Parallel(n_jobs=42)]: Using backend ThreadingBackend with 42 concurrent workers.
[Parallel(n_jobs=42)]: Using backend ThreadingBackend with 42 concurrent workers.
[Parallel(n_jobs=42)]: Using backend ThreadingBackend with 42 concurrent workers.
[Parallel(n_jobs=42)]: Using backend ThreadingBackend with 42 concurrent workers.
[Parallel(n_jobs=42)]: Using backend ThreadingBackend with 42 concurrent workers.
[Parallel(n_jobs=42)]: Using backend ThreadingBackend with 42 concurrent workers.
[Parallel(n_jobs=42)]: Using backend ThreadingBackend with 42 concurrent workers.
[Parallel(n_jobs=42)]: Using backend ThreadingBackend with 42 concurrent workers.
[Parallel(n_jobs=42)]: Using backend ThreadingBackend with 42 concurrent workers.
[Parallel(n_jobs=42)]: Using backend ThreadingBackend with 42 concurrent workers.
[Parallel(n_jobs=42)]: Using backend ThreadingBackend with 42 concurrent workers.
[Parallel(n_jobs=42)]: Using backend ThreadingBackend with 42 concurrent workers.
[Parallel(n_jobs=42)]: Using backend ThreadingBackend with 42 concurrent workers.
[Parallel(n_jobs=42)]: Using backend ThreadingBackend with 42 concurrent workers.
[Parallel(n_jobs=42)]: Using backend ThreadingBackend with 42 concurrent workers.
[Parallel(n_jobs=42)]: Using backend ThreadingBackend with 42 concurrent workers.
[Parallel(n_jobs=42)]: Using backend ThreadingBackend with 42 concurrent workers.
[Parallel(n_jobs=42)]: Using backend ThreadingBackend with 42 concurrent workers.
[Parallel(n_jobs=42)]: Using backend ThreadingBackend with 42 concurrent workers.
[Parallel(n_jobs=42)]: Using backend ThreadingBackend with 42 concurrent workers.
[Parallel(n_jobs=42)]: Using backend ThreadingBackend with 42 concurrent workers.
[Parallel(n_jobs=42)]: Using backend ThreadingBackend with 42 concurrent workers.
[Parallel(n_jobs=42)]: Using backend ThreadingBackend with 42 concurrent workers.
[Parallel(n_jobs=42)]: Using backend ThreadingBackend with 42 concurrent workers.
[Parallel(n_jobs=42)]: Using backend ThreadingBackend with 42 concurrent workers.
[Parallel(n_jobs=42)]: Using backend ThreadingBackend with 42 concurrent workers.
[Parallel(n_jobs=42)]: Using backend ThreadingBackend with 42 concurrent workers.
[Parallel(n_jobs=42)]: Using backend ThreadingBackend with 42 concurrent workers.
[Parallel(n_jobs=42)]: Done 100 out of 100 | elapsed:   55.8s finished
[Parallel(n_jobs=42)]: Using backend ThreadingBackend with 42 concurrent workers.
[Parallel(n_jobs=42)]: Done 100 out of 100 | elapsed:    0.0s finished
[Parallel(n_jobs=42)]: Using backend ThreadingBackend with 42 concurrent workers.
[Parallel(n_jobs=42)]: Done 100 out of 100 | elapsed:  1.0min finished
[Parallel(n_jobs=42)]: Done 100 out of 100 | elapsed:  1.0min finished
[Parallel(n_jobs=42)]: Using backend ThreadingBackend with 42 concurrent workers.
[Parallel(n_jobs=42)]: Using backend ThreadingBackend with 42 concurrent workers.
[Parallel(n_jobs=42)]: Done 100 out of 100 | elapsed:    1.1s finished
[Parallel(n_jobs=42)]: Done 100 out of 100 | elapsed:    1.4s finished
[Parallel(n_jobs=42)]: Done 100 out of 100 | elapsed:  1.3min finished
[Parallel(n_jobs=42)]: Using backend ThreadingBackend with 42 concurrent workers.
[Parallel(n_jobs=42)]: Done 100 out of 100 | elapsed:    1.5s finished
[Parallel(n_jobs=42)]: Done 100 out of 100 | elapsed:  1.3min finished
[Parallel(n_jobs=42)]: Using backend ThreadingBackend with 42 concurrent workers.
[Parallel(n_jobs=42)]: Done 100 out of 100 | elapsed:    0.8s finished
[Parallel(n_jobs=42)]: Using backend ThreadingBackend with 42 concurrent workers.
[Parallel(n_jobs=42)]: Using backend ThreadingBackend with 42 concurrent workers.
[Parallel(n_jobs=42)]: Using backend ThreadingBackend with 42 concurrent workers.
[Parallel(n_jobs=42)]: Using backend ThreadingBackend with 42 concurrent workers.
[Parallel(n_jobs=42)]: Done 100 out of 100 | elapsed:  4.7min finished
[Parallel(n_jobs=42)]: Using backend ThreadingBackend with 42 concurrent workers.
[Parallel(n_jobs=42)]: Done 100 out of 100 | elapsed:    0.9s finished
[Parallel(n_jobs=42)]: Done 100 out of 100 | elapsed:  4.7min finished
[Parallel(n_jobs=42)]: Using backend ThreadingBackend with 42 concurrent workers.
[Parallel(n_jobs=42)]: Done 100 out of 100 | elapsed:    0.1s finished
[Parallel(n_jobs=42)]: Using backend ThreadingBackend with 42 concurrent workers.
[Parallel(n_jobs=42)]: Done 100 out of 100 | elapsed:  4.9min finished
[Parallel(n_jobs=42)]: Using backend ThreadingBackend with 42 concurrent workers.
[Parallel(n_jobs=42)]: Done 100 out of 100 | elapsed:  4.9min finished
[Parallel(n_jobs=42)]: Done 100 out of 100 | elapsed:    1.7s finished
[Parallel(n_jobs=42)]: Using backend ThreadingBackend with 42 concurrent workers.
[Parallel(n_jobs=42)]: Done 100 out of 100 | elapsed:  5.0min finished
[Parallel(n_jobs=42)]: Done 100 out of 100 | elapsed:    1.2s finished
[Parallel(n_jobs=42)]: Using backend ThreadingBackend with 42 concurrent workers.
[Parallel(n_jobs=42)]: Done 100 out of 100 | elapsed:    1.2s finished
[Parallel(n_jobs=42)]: Using backend ThreadingBackend with 42 concurrent workers.
[Parallel(n_jobs=42)]: Using backend ThreadingBackend with 42 concurrent workers.
[Parallel(n_jobs=42)]: Using backend ThreadingBackend with 42 concurrent workers.
[Parallel(n_jobs=42)]: Using backend ThreadingBackend with 42 concurrent workers.
[Parallel(n_jobs=42)]: Done 100 out of 100 | elapsed:  3.6min finished
[Parallel(n_jobs=42)]: Using backend ThreadingBackend with 42 concurrent workers.
[Parallel(n_jobs=42)]: Done 100 out of 100 | elapsed:    1.8s finished
[Parallel(n_jobs=42)]: Done 100 out of 100 | elapsed:  3.5min finished
[Parallel(n_jobs=42)]: Using backend ThreadingBackend with 42 concurrent workers.
[Parallel(n_jobs=42)]: Done 100 out of 100 | elapsed:    1.0s finished
[Parallel(n_jobs=42)]: Using backend ThreadingBackend with 42 concurrent workers.
[Parallel(n_jobs=42)]: Using backend ThreadingBackend with 42 concurrent workers.
[Parallel(n_jobs=42)]: Done 100 out of 100 | elapsed: 11.0min finished
[Parallel(n_jobs=42)]: Using backend ThreadingBackend with 42 concurrent workers.
[Parallel(n_jobs=42)]: Done 100 out of 100 | elapsed: 11.1min finished
[Parallel(n_jobs=42)]: Using backend ThreadingBackend with 42 concurrent workers.
[Parallel(n_jobs=42)]: Done 100 out of 100 | elapsed:    1.3s finished
[Parallel(n_jobs=42)]: Done 100 out of 100 | elapsed: 11.2min finished
[Parallel(n_jobs=42)]: Done 100 out of 100 | elapsed:    2.5s finished
[Parallel(n_jobs=42)]: Using backend ThreadingBackend with 42 concurrent workers.
[Parallel(n_jobs=42)]: Done 100 out of 100 | elapsed:    1.6s finished
[Parallel(n_jobs=42)]: Using backend ThreadingBackend with 42 concurrent workers.
[Parallel(n_jobs=42)]: Done 100 out of 100 | elapsed: 11.4min finished
[Parallel(n_jobs=42)]: Using backend ThreadingBackend with 42 concurrent workers.
[Parallel(n_jobs=42)]: Done 100 out of 100 | elapsed:    1.6s finished
[Parallel(n_jobs=42)]: Using backend ThreadingBackend with 42 concurrent workers.
[Parallel(n_jobs=42)]: Using backend ThreadingBackend with 42 concurrent workers.
[Parallel(n_jobs=42)]: Done 100 out of 100 | elapsed: 11.6min finished
[Parallel(n_jobs=42)]: Using backend ThreadingBackend with 42 concurrent workers.
[Parallel(n_jobs=42)]: Done 100 out of 100 | elapsed:    2.1s finished
[Parallel(n_jobs=42)]: Using backend ThreadingBackend with 42 concurrent workers.
[Parallel(n_jobs=42)]: Using backend ThreadingBackend with 42 concurrent workers.
[Parallel(n_jobs=42)]: Done 100 out of 100 | elapsed: 12.6min finished
[Parallel(n_jobs=42)]: Done 100 out of 100 | elapsed:  3.0min finished
[Parallel(n_jobs=42)]: Using backend ThreadingBackend with 42 concurrent workers.
[Parallel(n_jobs=42)]: Using backend ThreadingBackend with 42 concurrent workers.
[Parallel(n_jobs=42)]: Done 100 out of 100 | elapsed:    1.1s finished
[Parallel(n_jobs=42)]: Done 100 out of 100 | elapsed:    1.6s finished
[Parallel(n_jobs=42)]: Using backend ThreadingBackend with 42 concurrent workers.
[Parallel(n_jobs=42)]: Using backend ThreadingBackend with 42 concurrent workers.
[Parallel(n_jobs=42)]: Done 100 out of 100 | elapsed:  3.2min finished
[Parallel(n_jobs=42)]: Using backend ThreadingBackend with 42 concurrent workers.
[Parallel(n_jobs=42)]: Done 100 out of 100 | elapsed:    0.9s finished
[Parallel(n_jobs=42)]: Done 100 out of 100 | elapsed: 13.2min finished
[Parallel(n_jobs=42)]: Done 100 out of 100 | elapsed: 13.4min finished
[Parallel(n_jobs=42)]: Using backend ThreadingBackend with 42 concurrent workers.
[Parallel(n_jobs=42)]: Using backend ThreadingBackend with 42 concurrent workers.
[Parallel(n_jobs=42)]: Done 100 out of 100 | elapsed:    1.1s finished
[Parallel(n_jobs=42)]: Done 100 out of 100 | elapsed:    1.4s finished
[Parallel(n_jobs=42)]: Using backend ThreadingBackend with 42 concurrent workers.
[Parallel(n_jobs=42)]: Using backend ThreadingBackend with 42 concurrent workers.
[Parallel(n_jobs=42)]: Done 100 out of 100 | elapsed: 13.5min finished
[Parallel(n_jobs=42)]: Using backend ThreadingBackend with 42 concurrent workers.
[Parallel(n_jobs=42)]: Done 100 out of 100 | elapsed:    1.5s finished
[Parallel(n_jobs=42)]: Done 100 out of 100 | elapsed: 13.6min finished
[Parallel(n_jobs=42)]: Using backend ThreadingBackend with 42 concurrent workers.
[Parallel(n_jobs=42)]: Using backend ThreadingBackend with 42 concurrent workers.
[Parallel(n_jobs=42)]: Using backend ThreadingBackend with 42 concurrent workers.
[Parallel(n_jobs=42)]: Done 100 out of 100 | elapsed:    2.1s finished
[Parallel(n_jobs=42)]: Using backend ThreadingBackend with 42 concurrent workers.
[Parallel(n_jobs=42)]: Done 100 out of 100 | elapsed:  3.2min finished
[Parallel(n_jobs=42)]: Using backend ThreadingBackend with 42 concurrent workers.
[Parallel(n_jobs=42)]: Done 100 out of 100 | elapsed:    2.4s finished
[Parallel(n_jobs=42)]: Using backend ThreadingBackend with 42 concurrent workers.
[Parallel(n_jobs=42)]: Done 100 out of 100 | elapsed: 133.4min finished
[Parallel(n_jobs=42)]: Using backend ThreadingBackend with 42 concurrent workers.
[Parallel(n_jobs=42)]: Done 100 out of 100 | elapsed:    1.2s finished
[Parallel(n_jobs=42)]: Using backend ThreadingBackend with 42 concurrent workers.
[Parallel(n_jobs=42)]: Done 100 out of 100 | elapsed: 140.7min finished
[Parallel(n_jobs=42)]: Using backend ThreadingBackend with 42 concurrent workers.
[Parallel(n_jobs=42)]: Done 100 out of 100 | elapsed:    1.8s finished
[Parallel(n_jobs=42)]: Using backend ThreadingBackend with 42 concurrent workers.
[Parallel(n_jobs=42)]: Done 100 out of 100 | elapsed: 139.2min finished
[Parallel(n_jobs=42)]: Using backend ThreadingBackend with 42 concurrent workers.
[Parallel(n_jobs=42)]: Done 100 out of 100 | elapsed:    1.7s finished
[Parallel(n_jobs=42)]: Using backend ThreadingBackend with 42 concurrent workers.
[Parallel(n_jobs=42)]: Done 100 out of 100 | elapsed: 141.1min finished
[Parallel(n_jobs=42)]: Using backend ThreadingBackend with 42 concurrent workers.
[Parallel(n_jobs=42)]: Done 100 out of 100 | elapsed:    6.0s finished
[Parallel(n_jobs=42)]: Using backend ThreadingBackend with 42 concurrent workers.
[Parallel(n_jobs=42)]: Done 100 out of 100 | elapsed:   13.8s finished
[Parallel(n_jobs=42)]: Using backend ThreadingBackend with 42 concurrent workers.
[Parallel(n_jobs=42)]: Done 100 out of 100 | elapsed:    1.7s finished
[Parallel(n_jobs=42)]: Using backend ThreadingBackend with 42 concurrent workers.
[Parallel(n_jobs=42)]: Done 100 out of 100 | elapsed:   11.6s finished
[Parallel(n_jobs=42)]: Using backend ThreadingBackend with 42 concurrent workers.
[Parallel(n_jobs=42)]: Done 100 out of 100 | elapsed:    0.1s finished
[Parallel(n_jobs=42)]: Using backend ThreadingBackend with 42 concurrent workers.
[Parallel(n_jobs=42)]: Done 100 out of 100 | elapsed:   11.1s finished
[Parallel(n_jobs=42)]: Using backend ThreadingBackend with 42 concurrent workers.
[Parallel(n_jobs=42)]: Done 100 out of 100 | elapsed:    5.1s finished
[Parallel(n_jobs=42)]: Using backend ThreadingBackend with 42 concurrent workers.
[Parallel(n_jobs=42)]: Done 100 out of 100 | elapsed:   15.1s finished
[Parallel(n_jobs=42)]: Using backend ThreadingBackend with 42 concurrent workers.
[Parallel(n_jobs=42)]: Done 100 out of 100 | elapsed:    0.6s finished
[Parallel(n_jobs=42)]: Using backend ThreadingBackend with 42 concurrent workers.
[Parallel(n_jobs=42)]: Done 100 out of 100 | elapsed:   12.4s finished
[Parallel(n_jobs=42)]: Using backend ThreadingBackend with 42 concurrent workers.
[Parallel(n_jobs=42)]: Done 100 out of 100 | elapsed:    1.2s finished
[Parallel(n_jobs=42)]: Using backend ThreadingBackend with 42 concurrent workers.
[Parallel(n_jobs=42)]: Done 100 out of 100 | elapsed: 149.5min finished
[Parallel(n_jobs=42)]: Using backend ThreadingBackend with 42 concurrent workers.
[Parallel(n_jobs=42)]: Done 100 out of 100 | elapsed:    1.7s finished
[Parallel(n_jobs=42)]: Done 100 out of 100 | elapsed:  2.0min finished
[Parallel(n_jobs=42)]: Using backend ThreadingBackend with 42 concurrent workers.
[Parallel(n_jobs=42)]: Done 100 out of 100 | elapsed:    0.9s finished
[Parallel(n_jobs=42)]: Using backend ThreadingBackend with 42 concurrent workers.
[Parallel(n_jobs=42)]: Using backend ThreadingBackend with 42 concurrent workers.
[Parallel(n_jobs=42)]: Done 100 out of 100 | elapsed:  2.0min finished
[Parallel(n_jobs=42)]: Using backend ThreadingBackend with 42 concurrent workers.
[Parallel(n_jobs=42)]: Done 100 out of 100 | elapsed:  2.0min finished
[Parallel(n_jobs=42)]: Using backend ThreadingBackend with 42 concurrent workers.
[Parallel(n_jobs=42)]: Done 100 out of 100 | elapsed:    2.0s finished
[Parallel(n_jobs=42)]: Done 100 out of 100 | elapsed:    1.9s finished
[Parallel(n_jobs=42)]: Using backend ThreadingBackend with 42 concurrent workers.
[Parallel(n_jobs=42)]: Using backend ThreadingBackend with 42 concurrent workers.
[Parallel(n_jobs=42)]: Done 100 out of 100 | elapsed:  2.2min finished
[Parallel(n_jobs=42)]: Using backend ThreadingBackend with 42 concurrent workers.
[Parallel(n_jobs=42)]: Done 100 out of 100 | elapsed:    0.2s finished
[Parallel(n_jobs=42)]: Using backend ThreadingBackend with 42 concurrent workers.
[Parallel(n_jobs=42)]: Done 100 out of 100 | elapsed:  2.2min finished
[Parallel(n_jobs=42)]: Using backend ThreadingBackend with 42 concurrent workers.
[Parallel(n_jobs=42)]: Done 100 out of 100 | elapsed:    1.6s finished
[Parallel(n_jobs=42)]: Done 100 out of 100 | elapsed: 143.2min finished
[Parallel(n_jobs=42)]: Using backend ThreadingBackend with 42 concurrent workers.
[Parallel(n_jobs=42)]: Done 100 out of 100 | elapsed:    1.1s finished
[Parallel(n_jobs=42)]: Using backend ThreadingBackend with 42 concurrent workers.
[Parallel(n_jobs=42)]: Using backend ThreadingBackend with 42 concurrent workers.
[Parallel(n_jobs=42)]: Done 100 out of 100 | elapsed: 148.0min finished
[Parallel(n_jobs=42)]: Using backend ThreadingBackend with 42 concurrent workers.
[Parallel(n_jobs=42)]: Done 100 out of 100 | elapsed:    0.2s finished
[Parallel(n_jobs=42)]: Using backend ThreadingBackend with 42 concurrent workers.
[Parallel(n_jobs=42)]: Done 100 out of 100 | elapsed: 142.0min finished
[Parallel(n_jobs=42)]: Using backend ThreadingBackend with 42 concurrent workers.
[Parallel(n_jobs=42)]: Done 100 out of 100 | elapsed:    2.9s finished
[Parallel(n_jobs=42)]: Using backend ThreadingBackend with 42 concurrent workers.
[Parallel(n_jobs=42)]: Done 116 tasks      | elapsed: 282.9min
[Parallel(n_jobs=42)]: Done 116 tasks      | elapsed: 283.1min
[Parallel(n_jobs=42)]: Done 100 out of 100 | elapsed: 142.4min finished
[Parallel(n_jobs=42)]: Using backend ThreadingBackend with 42 concurrent workers.
[Parallel(n_jobs=42)]: Done 100 out of 100 | elapsed:    1.3s finished
[Parallel(n_jobs=42)]: Using backend ThreadingBackend with 42 concurrent workers.
[Parallel(n_jobs=42)]: Done 116 tasks      | elapsed: 285.6min
[Parallel(n_jobs=42)]: Done 116 tasks      | elapsed: 285.9min
[Parallel(n_jobs=42)]: Done 116 tasks      | elapsed: 286.8min
[Parallel(n_jobs=42)]: Done 100 out of 100 | elapsed: 142.5min finished
[Parallel(n_jobs=42)]: Using backend ThreadingBackend with 42 concurrent workers.
[Parallel(n_jobs=42)]: Done 100 out of 100 | elapsed:    1.5s finished
[Parallel(n_jobs=42)]: Using backend ThreadingBackend with 42 concurrent workers.
[Parallel(n_jobs=42)]: Done 250 out of 250 | elapsed: 578.8min finished
[Parallel(n_jobs=42)]: Using backend ThreadingBackend with 42 concurrent workers.
[Parallel(n_jobs=42)]: Done 116 tasks      | elapsed:    1.1s
[Parallel(n_jobs=42)]: Done 250 out of 250 | elapsed:    1.1s finished
[Parallel(n_jobs=42)]: Using backend ThreadingBackend with 42 concurrent workers.
[Parallel(n_jobs=42)]: Done 250 out of 250 | elapsed: 581.2min finished
[Parallel(n_jobs=42)]: Using backend ThreadingBackend with 42 concurrent workers.
[Parallel(n_jobs=42)]: Done 116 tasks      | elapsed:    1.2s
[Parallel(n_jobs=42)]: Done 250 out of 250 | elapsed:    1.3s finished
[Parallel(n_jobs=42)]: Using backend ThreadingBackend with 42 concurrent workers.
[Parallel(n_jobs=42)]: Done 250 out of 250 | elapsed: 583.9min finished
[Parallel(n_jobs=42)]: Using backend ThreadingBackend with 42 concurrent workers.
[Parallel(n_jobs=42)]: Done 116 tasks      | elapsed:    2.0s
[Parallel(n_jobs=42)]: Done 250 out of 250 | elapsed:    2.1s finished
[Parallel(n_jobs=42)]: Using backend ThreadingBackend with 42 concurrent workers.
[Parallel(n_jobs=42)]: Done 250 out of 250 | elapsed: 584.4min finished
[Parallel(n_jobs=42)]: Using backend ThreadingBackend with 42 concurrent workers.
[Parallel(n_jobs=42)]: Done 116 tasks      | elapsed:    1.2s
[Parallel(n_jobs=42)]: Done 250 out of 250 | elapsed:    1.2s finished
[Parallel(n_jobs=42)]: Using backend ThreadingBackend with 42 concurrent workers.
[Parallel(n_jobs=42)]: Done 250 out of 250 | elapsed: 586.3min finished
[Parallel(n_jobs=42)]: Using backend ThreadingBackend with 42 concurrent workers.
[Parallel(n_jobs=42)]: Done 116 tasks      | elapsed:    1.2s
[Parallel(n_jobs=42)]: Done 250 out of 250 | elapsed:    1.3s finished
[Parallel(n_jobs=42)]: Using backend ThreadingBackend with 42 concurrent workers.
[Parallel(n_jobs=42)]: Done 116 tasks      | elapsed: 670.6min
[Parallel(n_jobs=42)]: Done 116 tasks      | elapsed: 682.6min
[Parallel(n_jobs=42)]: Done 100 out of 100 | elapsed: 699.3min finished
[Parallel(n_jobs=42)]: Using backend ThreadingBackend with 42 concurrent workers.
[Parallel(n_jobs=42)]: Done 100 out of 100 | elapsed:    2.5s finished
[Parallel(n_jobs=42)]: Using backend ThreadingBackend with 42 concurrent workers.
[Parallel(n_jobs=42)]: Done 116 tasks      | elapsed: 735.2min
[Parallel(n_jobs=42)]: Done 116 tasks      | elapsed: 740.3min
[Parallel(n_jobs=42)]: Done 116 tasks      | elapsed: 740.8min
[Parallel(n_jobs=42)]: Done 100 out of 100 | elapsed: 764.5min finished
[Parallel(n_jobs=42)]: Using backend ThreadingBackend with 42 concurrent workers.
[Parallel(n_jobs=42)]: Done 100 out of 100 | elapsed:    1.9s finished
[Parallel(n_jobs=42)]: Using backend ThreadingBackend with 42 concurrent workers.
[Parallel(n_jobs=42)]: Done 100 out of 100 | elapsed: 777.7min finished
[Parallel(n_jobs=42)]: Using backend ThreadingBackend with 42 concurrent workers.
[Parallel(n_jobs=42)]: Done 100 out of 100 | elapsed:    1.3s finished
[Parallel(n_jobs=42)]: Using backend ThreadingBackend with 42 concurrent workers.
[Parallel(n_jobs=42)]: Done 100 out of 100 | elapsed: 821.0min finished
[Parallel(n_jobs=42)]: Using backend ThreadingBackend with 42 concurrent workers.
[Parallel(n_jobs=42)]: Done 100 out of 100 | elapsed:    1.5s finished
[Parallel(n_jobs=42)]: Using backend ThreadingBackend with 42 concurrent workers.
[Parallel(n_jobs=42)]: Done 100 out of 100 | elapsed: 842.9min finished
[Parallel(n_jobs=42)]: Using backend ThreadingBackend with 42 concurrent workers.
[Parallel(n_jobs=42)]: Done 100 out of 100 | elapsed:    1.8s finished
[Parallel(n_jobs=42)]: Using backend ThreadingBackend with 42 concurrent workers.
[Parallel(n_jobs=42)]: Done 100 out of 100 | elapsed: 1020.0min finished
[Parallel(n_jobs=42)]: Using backend ThreadingBackend with 42 concurrent workers.
[Parallel(n_jobs=42)]: Done 100 out of 100 | elapsed:    0.0s finished
[Parallel(n_jobs=42)]: Using backend ThreadingBackend with 42 concurrent workers.
[Parallel(n_jobs=42)]: Done 100 out of 100 | elapsed: 1036.7min finished
[Parallel(n_jobs=42)]: Using backend ThreadingBackend with 42 concurrent workers.
[Parallel(n_jobs=42)]: Done 100 out of 100 | elapsed:    1.0s finished
[Parallel(n_jobs=42)]: Using backend ThreadingBackend with 42 concurrent workers.
[Parallel(n_jobs=42)]: Done 100 out of 100 | elapsed: 1051.4min finished
[Parallel(n_jobs=42)]: Using backend ThreadingBackend with 42 concurrent workers.
[Parallel(n_jobs=42)]: Done 100 out of 100 | elapsed:    1.0s finished
[Parallel(n_jobs=42)]: Using backend ThreadingBackend with 42 concurrent workers.
[Parallel(n_jobs=42)]: Done 100 out of 100 | elapsed: 1055.4min finished
[Parallel(n_jobs=42)]: Using backend ThreadingBackend with 42 concurrent workers.
[Parallel(n_jobs=42)]: Done 100 out of 100 | elapsed:    0.9s finished
[Parallel(n_jobs=42)]: Using backend ThreadingBackend with 42 concurrent workers.
[Parallel(n_jobs=42)]: Done 100 out of 100 | elapsed: 1083.5min finished
[Parallel(n_jobs=42)]: Using backend ThreadingBackend with 42 concurrent workers.
[Parallel(n_jobs=42)]: Done 100 out of 100 | elapsed:    0.8s finished
[Parallel(n_jobs=42)]: Using backend ThreadingBackend with 42 concurrent workers.
[Parallel(n_jobs=42)]: Done 100 out of 100 | elapsed: 1084.9min finished
[Parallel(n_jobs=42)]: Using backend ThreadingBackend with 42 concurrent workers.
[Parallel(n_jobs=42)]: Done 100 out of 100 | elapsed:    0.7s finished
[Parallel(n_jobs=42)]: Using backend ThreadingBackend with 42 concurrent workers.
[Parallel(n_jobs=42)]: Done 100 out of 100 | elapsed: 1086.4min finished
[Parallel(n_jobs=42)]: Using backend ThreadingBackend with 42 concurrent workers.
[Parallel(n_jobs=42)]: Done 100 out of 100 | elapsed:    1.2s finished
[Parallel(n_jobs=42)]: Using backend ThreadingBackend with 42 concurrent workers.
[Parallel(n_jobs=42)]: Done 100 out of 100 | elapsed: 1085.7min finished
[Parallel(n_jobs=42)]: Using backend ThreadingBackend with 42 concurrent workers.
[Parallel(n_jobs=42)]: Done 100 out of 100 | elapsed:    0.9s finished
[Parallel(n_jobs=42)]: Using backend ThreadingBackend with 42 concurrent workers.
[Parallel(n_jobs=42)]: Done 100 out of 100 | elapsed: 1092.7min finished
[Parallel(n_jobs=42)]: Using backend ThreadingBackend with 42 concurrent workers.
[Parallel(n_jobs=42)]: Done 100 out of 100 | elapsed:    0.8s finished
[Parallel(n_jobs=42)]: Using backend ThreadingBackend with 42 concurrent workers.
[Parallel(n_jobs=42)]: Done 116 tasks      | elapsed:  4.7min
[Parallel(n_jobs=42)]: Done 250 out of 250 | elapsed:  9.4min finished
[Parallel(n_jobs=42)]: Using backend ThreadingBackend with 42 concurrent workers.
[Parallel(n_jobs=42)]: Done 116 tasks      | elapsed:    1.4s
[Parallel(n_jobs=42)]: Done 250 out of 250 | elapsed:    1.6s finished
[Parallel(n_jobs=42)]: Using backend ThreadingBackend with 42 concurrent workers.
[Parallel(n_jobs=42)]: Done 116 tasks      | elapsed:  4.8min
[Parallel(n_jobs=42)]: Done 100 out of 100 | elapsed: 1108.6min finished
[Parallel(n_jobs=42)]: Using backend ThreadingBackend with 42 concurrent workers.
[Parallel(n_jobs=42)]: Done 100 out of 100 | elapsed:    2.1s finished
[Parallel(n_jobs=42)]: Using backend ThreadingBackend with 42 concurrent workers.
[Parallel(n_jobs=42)]: Done 250 out of 250 | elapsed:  9.7min finished
[Parallel(n_jobs=42)]: Using backend ThreadingBackend with 42 concurrent workers.
[Parallel(n_jobs=42)]: Done 116 tasks      | elapsed:    1.5s
[Parallel(n_jobs=42)]: Done 250 out of 250 | elapsed:    2.0s finished
[Parallel(n_jobs=42)]: Using backend ThreadingBackend with 42 concurrent workers.
[Parallel(n_jobs=42)]: Done 116 tasks      | elapsed:  4.6min
[Parallel(n_jobs=42)]: Done 116 tasks      | elapsed:  4.9min
[Parallel(n_jobs=42)]: Done 250 out of 250 | elapsed:  9.6min finished
[Parallel(n_jobs=42)]: Using backend ThreadingBackend with 42 concurrent workers.
[Parallel(n_jobs=42)]: Done 116 tasks      | elapsed:    4.8s
[Parallel(n_jobs=42)]: Done 250 out of 250 | elapsed:    5.1s finished
[Parallel(n_jobs=42)]: Using backend ThreadingBackend with 42 concurrent workers.
[Parallel(n_jobs=42)]: Done 250 out of 250 | elapsed:  9.8min finished
[Parallel(n_jobs=42)]: Using backend ThreadingBackend with 42 concurrent workers.
[Parallel(n_jobs=42)]: Done 116 tasks      | elapsed:    1.8s
[Parallel(n_jobs=42)]: Done 250 out of 250 | elapsed:    2.2s finished
[Parallel(n_jobs=42)]: Using backend ThreadingBackend with 42 concurrent workers.
[Parallel(n_jobs=42)]: Done 116 tasks      | elapsed:  4.4min
[Parallel(n_jobs=42)]: Done 250 out of 250 | elapsed:  9.1min finished
[Parallel(n_jobs=42)]: Using backend ThreadingBackend with 42 concurrent workers.
[Parallel(n_jobs=42)]: Done 116 tasks      | elapsed:    3.0s
[Parallel(n_jobs=42)]: Done 250 out of 250 | elapsed:    3.3s finished
[Parallel(n_jobs=42)]: Using backend ThreadingBackend with 42 concurrent workers.
[Parallel(n_jobs=42)]: Done 100 out of 100 | elapsed: 1194.7min finished
[Parallel(n_jobs=42)]: Using backend ThreadingBackend with 42 concurrent workers.
[Parallel(n_jobs=42)]: Done 100 out of 100 | elapsed:    0.9s finished
[Parallel(n_jobs=42)]: Using backend ThreadingBackend with 42 concurrent workers.
[Parallel(n_jobs=42)]: Done 100 out of 100 | elapsed: 1199.9min finished
[Parallel(n_jobs=42)]: Using backend ThreadingBackend with 42 concurrent workers.
[Parallel(n_jobs=42)]: Done 100 out of 100 | elapsed:    1.4s finished
[Parallel(n_jobs=42)]: Using backend ThreadingBackend with 42 concurrent workers.
[Parallel(n_jobs=42)]: Done 100 out of 100 | elapsed: 649.3min finished
[Parallel(n_jobs=42)]: Using backend ThreadingBackend with 42 concurrent workers.
[Parallel(n_jobs=42)]: Done 100 out of 100 | elapsed:    1.3s finished
[Parallel(n_jobs=42)]: Using backend ThreadingBackend with 42 concurrent workers.
[Parallel(n_jobs=42)]: Done 100 out of 100 | elapsed: 651.7min finished
[Parallel(n_jobs=42)]: Using backend ThreadingBackend with 42 concurrent workers.
[Parallel(n_jobs=42)]: Done 100 out of 100 | elapsed:    1.2s finished
[Parallel(n_jobs=42)]: Using backend ThreadingBackend with 42 concurrent workers.
[Parallel(n_jobs=42)]: Done 116 tasks      | elapsed:  5.1min
[Parallel(n_jobs=42)]: Done 250 out of 250 | elapsed: 10.3min finished
[Parallel(n_jobs=42)]: Using backend ThreadingBackend with 42 concurrent workers.
[Parallel(n_jobs=42)]: Done 116 tasks      | elapsed:    1.4s
[Parallel(n_jobs=42)]: Done 250 out of 250 | elapsed:    1.4s finished
[Parallel(n_jobs=42)]: Using backend ThreadingBackend with 42 concurrent workers.
[Parallel(n_jobs=42)]: Done 116 tasks      | elapsed:  5.2min
[Parallel(n_jobs=42)]: Done 250 out of 250 | elapsed: 10.6min finished
[Parallel(n_jobs=42)]: Using backend ThreadingBackend with 42 concurrent workers.
[Parallel(n_jobs=42)]: Done 116 tasks      | elapsed:    1.2s
[Parallel(n_jobs=42)]: Done 250 out of 250 | elapsed:    1.3s finished
[Parallel(n_jobs=42)]: Using backend ThreadingBackend with 42 concurrent workers.
[Parallel(n_jobs=42)]: Done 116 tasks      | elapsed:  4.8min
[Parallel(n_jobs=42)]: Done 250 out of 250 | elapsed:  9.9min finished
[Parallel(n_jobs=42)]: Using backend ThreadingBackend with 42 concurrent workers.
[Parallel(n_jobs=42)]: Done 116 tasks      | elapsed:    1.0s
[Parallel(n_jobs=42)]: Done 250 out of 250 | elapsed:    1.0s finished
[Parallel(n_jobs=42)]: Using backend ThreadingBackend with 42 concurrent workers.
[Parallel(n_jobs=42)]: Done 116 tasks      | elapsed:  4.9min
[Parallel(n_jobs=42)]: Done 250 out of 250 | elapsed: 10.0min finished
[Parallel(n_jobs=42)]: Using backend ThreadingBackend with 42 concurrent workers.
[Parallel(n_jobs=42)]: Done 116 tasks      | elapsed:    1.3s
[Parallel(n_jobs=42)]: Done 250 out of 250 | elapsed:    1.3s finished
[Parallel(n_jobs=42)]: Using backend ThreadingBackend with 42 concurrent workers.
[Parallel(n_jobs=42)]: Done 116 tasks      | elapsed: 152.2min
[Parallel(n_jobs=42)]: Done 116 tasks      | elapsed: 162.6min
[Parallel(n_jobs=42)]: Done 116 tasks      | elapsed:  4.9min
[Parallel(n_jobs=42)]: Done 250 out of 250 | elapsed: 10.0min finished
[Parallel(n_jobs=42)]: Using backend ThreadingBackend with 42 concurrent workers.
[Parallel(n_jobs=42)]: Done 116 tasks      | elapsed:    1.1s
[Parallel(n_jobs=42)]: Done 250 out of 250 | elapsed:    1.2s finished
[Parallel(n_jobs=42)]: Using backend ThreadingBackend with 42 concurrent workers.
[Parallel(n_jobs=42)]: Done 116 tasks      | elapsed:    8.9s
[Parallel(n_jobs=42)]: Done 250 out of 250 | elapsed:   18.5s finished
[Parallel(n_jobs=42)]: Using backend ThreadingBackend with 42 concurrent workers.
[Parallel(n_jobs=42)]: Done 116 tasks      | elapsed:    3.9s
[Parallel(n_jobs=42)]: Done 250 out of 250 | elapsed:    4.0s finished
[Parallel(n_jobs=42)]: Using backend ThreadingBackend with 42 concurrent workers.
[Parallel(n_jobs=42)]: Done 116 tasks      | elapsed:   13.4s
[Parallel(n_jobs=42)]: Done 250 out of 250 | elapsed:   24.9s finished
[Parallel(n_jobs=42)]: Using backend ThreadingBackend with 42 concurrent workers.
[Parallel(n_jobs=42)]: Done 116 tasks      | elapsed:    3.0s
[Parallel(n_jobs=42)]: Done 250 out of 250 | elapsed:    3.0s finished
[Parallel(n_jobs=42)]: Using backend ThreadingBackend with 42 concurrent workers.
[Parallel(n_jobs=42)]: Done 116 tasks      | elapsed:    8.3s
[Parallel(n_jobs=42)]: Done 250 out of 250 | elapsed:   16.5s finished
[Parallel(n_jobs=42)]: Using backend ThreadingBackend with 42 concurrent workers.
[Parallel(n_jobs=42)]: Done 116 tasks      | elapsed:    0.6s
[Parallel(n_jobs=42)]: Done 250 out of 250 | elapsed:    0.6s finished
[Parallel(n_jobs=42)]: Using backend ThreadingBackend with 42 concurrent workers.
[Parallel(n_jobs=42)]: Done 116 tasks      | elapsed:    9.8s
[Parallel(n_jobs=42)]: Done 250 out of 250 | elapsed:   21.3s finished
[Parallel(n_jobs=42)]: Using backend ThreadingBackend with 42 concurrent workers.
[Parallel(n_jobs=42)]: Done 116 tasks      | elapsed:    1.3s
[Parallel(n_jobs=42)]: Done 250 out of 250 | elapsed:    1.4s finished
[Parallel(n_jobs=42)]: Done 250 out of 250 | elapsed: 1281.3min finished
[Parallel(n_jobs=42)]: Using backend ThreadingBackend with 42 concurrent workers.
[Parallel(n_jobs=42)]: Done 116 tasks      | elapsed:    0.9s
[Parallel(n_jobs=42)]: Done 250 out of 250 | elapsed:    1.0s finished
[Parallel(n_jobs=42)]: Using backend ThreadingBackend with 42 concurrent workers.
[Parallel(n_jobs=42)]: Done 116 tasks      | elapsed:    9.0s
[Parallel(n_jobs=42)]: Using backend ThreadingBackend with 42 concurrent workers.
[Parallel(n_jobs=42)]: Done 250 out of 250 | elapsed:   17.9s finished
[Parallel(n_jobs=42)]: Using backend ThreadingBackend with 42 concurrent workers.
[Parallel(n_jobs=42)]: Done 116 tasks      | elapsed:    0.8s
[Parallel(n_jobs=42)]: Done 250 out of 250 | elapsed:    0.9s finished
[Parallel(n_jobs=42)]: Using backend ThreadingBackend with 42 concurrent workers.
[Parallel(n_jobs=42)]: Done 100 out of 100 | elapsed: 1299.1min finished
[Parallel(n_jobs=42)]: Using backend ThreadingBackend with 42 concurrent workers.
[Parallel(n_jobs=42)]: Done 100 out of 100 | elapsed:    1.6s finished
[Parallel(n_jobs=42)]: Using backend ThreadingBackend with 42 concurrent workers.
[Parallel(n_jobs=42)]: Done 100 out of 100 | elapsed: 601.9min finished
[Parallel(n_jobs=42)]: Using backend ThreadingBackend with 42 concurrent workers.
[Parallel(n_jobs=42)]: Done 100 out of 100 | elapsed:    0.8s finished
[Parallel(n_jobs=42)]: Using backend ThreadingBackend with 42 concurrent workers.
[Parallel(n_jobs=42)]: Done 100 out of 100 | elapsed: 1016.6min finished
[Parallel(n_jobs=42)]: Using backend ThreadingBackend with 42 concurrent workers.
[Parallel(n_jobs=42)]: Done 100 out of 100 | elapsed:    1.0s finished
[Parallel(n_jobs=42)]: Using backend ThreadingBackend with 42 concurrent workers.
[Parallel(n_jobs=42)]: Done 250 out of 250 | elapsed: 1294.6min finished
[Parallel(n_jobs=42)]: Using backend ThreadingBackend with 42 concurrent workers.
[Parallel(n_jobs=42)]: Done 116 tasks      | elapsed:    0.9s
[Parallel(n_jobs=42)]: Done 250 out of 250 | elapsed:    1.0s finished
[Parallel(n_jobs=42)]: Using backend ThreadingBackend with 42 concurrent workers.
[Parallel(n_jobs=42)]: Done 100 out of 100 | elapsed: 1036.1min finished
[Parallel(n_jobs=42)]: Using backend ThreadingBackend with 42 concurrent workers.
[Parallel(n_jobs=42)]: Done 100 out of 100 | elapsed:    0.0s finished
[Parallel(n_jobs=42)]: Using backend ThreadingBackend with 42 concurrent workers.
[Parallel(n_jobs=42)]: Done 100 out of 100 | elapsed: 1327.2min finished
[Parallel(n_jobs=42)]: Using backend ThreadingBackend with 42 concurrent workers.
[Parallel(n_jobs=42)]: Done 100 out of 100 | elapsed:    1.4s finished
[Parallel(n_jobs=42)]: Using backend ThreadingBackend with 42 concurrent workers.
[Parallel(n_jobs=42)]: Done 116 tasks      | elapsed: 132.5min
[Parallel(n_jobs=42)]: Done 100 out of 100 | elapsed: 1337.7min finished
[Parallel(n_jobs=42)]: Using backend ThreadingBackend with 42 concurrent workers.
[Parallel(n_jobs=42)]: Done 100 out of 100 | elapsed:    1.3s finished
[Parallel(n_jobs=42)]: Using backend ThreadingBackend with 42 concurrent workers.
[Parallel(n_jobs=42)]: Done 116 tasks      | elapsed: 151.0min
[Parallel(n_jobs=42)]: Done 250 out of 250 | elapsed: 1361.0min finished
[Parallel(n_jobs=42)]: Using backend ThreadingBackend with 42 concurrent workers.
[Parallel(n_jobs=42)]: Done 116 tasks      | elapsed:    1.4s
[Parallel(n_jobs=42)]: Done 250 out of 250 | elapsed:    1.4s finished
[Parallel(n_jobs=42)]: Using backend ThreadingBackend with 42 concurrent workers.
[Parallel(n_jobs=42)]: Done 100 out of 100 | elapsed: 598.5min finished
[Parallel(n_jobs=42)]: Using backend ThreadingBackend with 42 concurrent workers.
[Parallel(n_jobs=42)]: Done 100 out of 100 | elapsed:    1.4s finished
[Parallel(n_jobs=42)]: Using backend ThreadingBackend with 42 concurrent workers.
[Parallel(n_jobs=42)]: Done 116 tasks      | elapsed: 147.1min
[Parallel(n_jobs=42)]: Done 250 out of 250 | elapsed: 1390.1min finished
[Parallel(n_jobs=42)]: Using backend ThreadingBackend with 42 concurrent workers.
[Parallel(n_jobs=42)]: Done 116 tasks      | elapsed:    1.1s
[Parallel(n_jobs=42)]: Done 250 out of 250 | elapsed:    1.2s finished
[Parallel(n_jobs=42)]: Using backend ThreadingBackend with 42 concurrent workers.
[Parallel(n_jobs=42)]: Done 100 out of 100 | elapsed: 643.0min finished
[Parallel(n_jobs=42)]: Using backend ThreadingBackend with 42 concurrent workers.
[Parallel(n_jobs=42)]: Done 100 out of 100 | elapsed:    1.0s finished
[Parallel(n_jobs=42)]: Done 250 out of 250 | elapsed: 1394.5min finished
[Parallel(n_jobs=42)]: Using backend ThreadingBackend with 42 concurrent workers.
[Parallel(n_jobs=42)]: Done 116 tasks      | elapsed:    1.6s
[Parallel(n_jobs=42)]: Done 250 out of 250 | elapsed:    1.8s finished
[Parallel(n_jobs=42)]: Using backend ThreadingBackend with 42 concurrent workers.
[Parallel(n_jobs=42)]: Using backend ThreadingBackend with 42 concurrent workers.
[Parallel(n_jobs=42)]: Done 250 out of 250 | elapsed: 352.6min finished
[Parallel(n_jobs=42)]: Using backend ThreadingBackend with 42 concurrent workers.
[Parallel(n_jobs=42)]: Done 116 tasks      | elapsed:    1.3s
[Parallel(n_jobs=42)]: Done 250 out of 250 | elapsed:    1.4s finished
[Parallel(n_jobs=42)]: Using backend ThreadingBackend with 42 concurrent workers.
[Parallel(n_jobs=42)]: Done 250 out of 250 | elapsed: 349.1min finished
[Parallel(n_jobs=42)]: Using backend ThreadingBackend with 42 concurrent workers.
[Parallel(n_jobs=42)]: Done 116 tasks      | elapsed:    1.5s
[Parallel(n_jobs=42)]: Done 250 out of 250 | elapsed:    1.5s finished
[Parallel(n_jobs=42)]: Using backend ThreadingBackend with 42 concurrent workers.
[Parallel(n_jobs=42)]: Done 250 out of 250 | elapsed: 287.7min finished
[Parallel(n_jobs=42)]: Using backend ThreadingBackend with 42 concurrent workers.
[Parallel(n_jobs=42)]: Done 116 tasks      | elapsed:    1.0s
[Parallel(n_jobs=42)]: Done 250 out of 250 | elapsed:    1.1s finished
[Parallel(n_jobs=42)]: Using backend ThreadingBackend with 42 concurrent workers.
[Parallel(n_jobs=42)]: Done 100 out of 100 | elapsed: 903.1min finished
[Parallel(n_jobs=42)]: Using backend ThreadingBackend with 42 concurrent workers.
[Parallel(n_jobs=42)]: Done 100 out of 100 | elapsed:    1.0s finished
[Parallel(n_jobs=42)]: Using backend ThreadingBackend with 42 concurrent workers.
[Parallel(n_jobs=42)]: Done 100 out of 100 | elapsed: 937.7min finished
[Parallel(n_jobs=42)]: Using backend ThreadingBackend with 42 concurrent workers.
[Parallel(n_jobs=42)]: Done 100 out of 100 | elapsed:    2.8s finished
[Parallel(n_jobs=42)]: Using backend ThreadingBackend with 42 concurrent workers.
[Parallel(n_jobs=42)]: Done 250 out of 250 | elapsed: 323.9min finished
[Parallel(n_jobs=42)]: Using backend ThreadingBackend with 42 concurrent workers.
[Parallel(n_jobs=42)]: Done 116 tasks      | elapsed:    2.9s
[Parallel(n_jobs=42)]: Done 250 out of 250 | elapsed:    2.9s finished
[Parallel(n_jobs=42)]: Using backend ThreadingBackend with 42 concurrent workers.
[Parallel(n_jobs=42)]: Done 250 out of 250 | elapsed: 324.5min finished
[Parallel(n_jobs=42)]: Using backend ThreadingBackend with 42 concurrent workers.
[Parallel(n_jobs=42)]: Done 116 tasks      | elapsed:    3.3s
[Parallel(n_jobs=42)]: Done 250 out of 250 | elapsed:    3.4s finished
[Parallel(n_jobs=42)]: Using backend ThreadingBackend with 42 concurrent workers.
[Parallel(n_jobs=42)]: Done 100 out of 100 | elapsed: 989.3min finished
[Parallel(n_jobs=42)]: Using backend ThreadingBackend with 42 concurrent workers.
[Parallel(n_jobs=42)]: Done 100 out of 100 | elapsed:    3.0s finished
[Parallel(n_jobs=42)]: Using backend ThreadingBackend with 42 concurrent workers.
[Parallel(n_jobs=42)]: Done 100 out of 100 | elapsed: 312.0min finished
[Parallel(n_jobs=42)]: Using backend ThreadingBackend with 42 concurrent workers.
[Parallel(n_jobs=42)]: Done 100 out of 100 | elapsed:    3.8s finished
[Parallel(n_jobs=42)]: Using backend ThreadingBackend with 42 concurrent workers.
[Parallel(n_jobs=42)]: Done 100 out of 100 | elapsed: 325.7min finished
[Parallel(n_jobs=42)]: Using backend ThreadingBackend with 42 concurrent workers.
[Parallel(n_jobs=42)]: Done 100 out of 100 | elapsed:    3.2s finished
[Parallel(n_jobs=42)]: Using backend ThreadingBackend with 42 concurrent workers.
[Parallel(n_jobs=42)]: Done 100 out of 100 | elapsed: 324.1min finished
[Parallel(n_jobs=42)]: Using backend ThreadingBackend with 42 concurrent workers.
[Parallel(n_jobs=42)]: Done 100 out of 100 | elapsed:    3.4s finished
[Parallel(n_jobs=42)]: Using backend ThreadingBackend with 42 concurrent workers.
[Parallel(n_jobs=42)]: Done 100 out of 100 | elapsed: 334.4min finished
[Parallel(n_jobs=42)]: Using backend ThreadingBackend with 42 concurrent workers.
[Parallel(n_jobs=42)]: Done 100 out of 100 | elapsed:    3.6s finished
[Parallel(n_jobs=42)]: Using backend ThreadingBackend with 42 concurrent workers.
[Parallel(n_jobs=42)]: Done 116 tasks      | elapsed: 553.9min
[Parallel(n_jobs=42)]: Done 116 tasks      | elapsed: 1628.8min
[Parallel(n_jobs=42)]: Done 100 out of 100 | elapsed: 340.5min finished
[Parallel(n_jobs=42)]: Using backend ThreadingBackend with 42 concurrent workers.
[Parallel(n_jobs=42)]: Done 100 out of 100 | elapsed:    3.2s finished
[Parallel(n_jobs=42)]: Using backend ThreadingBackend with 42 concurrent workers.
[Parallel(n_jobs=42)]: Done 116 tasks      | elapsed: 570.3min
[Parallel(n_jobs=42)]: Done 116 tasks      | elapsed: 1653.9min
[Parallel(n_jobs=42)]: Done 116 tasks      | elapsed: 628.8min
[Parallel(n_jobs=42)]: Done 116 tasks      | elapsed: 624.3min
[Parallel(n_jobs=42)]: Done 116 tasks      | elapsed: 627.7min
[Parallel(n_jobs=42)]: Done 100 out of 100 | elapsed: 1566.7min finished
[Parallel(n_jobs=42)]: Using backend ThreadingBackend with 42 concurrent workers.
[Parallel(n_jobs=42)]: Done 100 out of 100 | elapsed:    3.7s finished
[Parallel(n_jobs=42)]: Using backend ThreadingBackend with 42 concurrent workers.
[Parallel(n_jobs=42)]: Done 116 tasks      | elapsed: 383.5min
[Parallel(n_jobs=42)]: Done 116 tasks      | elapsed: 388.6min
[Parallel(n_jobs=42)]: Done 116 tasks      | elapsed: 389.7min
[Parallel(n_jobs=42)]: Done 116 tasks      | elapsed: 390.0min
[Parallel(n_jobs=42)]: Done 100 out of 100 | elapsed: 1585.4min finished
[Parallel(n_jobs=42)]: Using backend ThreadingBackend with 42 concurrent workers.
[Parallel(n_jobs=42)]: Done 100 out of 100 | elapsed:    3.8s finished
[Parallel(n_jobs=42)]: Using backend ThreadingBackend with 42 concurrent workers.
[Parallel(n_jobs=42)]: Done 116 tasks      | elapsed: 392.0min
[Parallel(n_jobs=42)]: Done 100 out of 100 | elapsed: 1730.4min finished
[Parallel(n_jobs=42)]: Using backend ThreadingBackend with 42 concurrent workers.
[Parallel(n_jobs=42)]: Done 100 out of 100 | elapsed:    3.9s finished
[Parallel(n_jobs=42)]: Using backend ThreadingBackend with 42 concurrent workers.
[Parallel(n_jobs=42)]: Done 116 tasks      | elapsed: 1885.1min
[Parallel(n_jobs=42)]: Done 116 tasks      | elapsed: 1914.4min
[Parallel(n_jobs=42)]: Done 100 out of 100 | elapsed: 1878.1min finished
[Parallel(n_jobs=42)]: Using backend ThreadingBackend with 42 concurrent workers.
[Parallel(n_jobs=42)]: Done 100 out of 100 | elapsed:    4.0s finished
[Parallel(n_jobs=42)]: Using backend ThreadingBackend with 42 concurrent workers.
[Parallel(n_jobs=42)]: Done 116 tasks      | elapsed: 2086.7min
[Parallel(n_jobs=42)]: Done 100 out of 100 | elapsed: 1958.5min finished
[Parallel(n_jobs=42)]: Using backend ThreadingBackend with 42 concurrent workers.
[Parallel(n_jobs=42)]: Done 100 out of 100 | elapsed:    3.6s finished
[Parallel(n_jobs=42)]: Using backend ThreadingBackend with 42 concurrent workers.
[Parallel(n_jobs=42)]: Done 250 out of 250 | elapsed: 814.6min finished
[Parallel(n_jobs=42)]: Using backend ThreadingBackend with 42 concurrent workers.
[Parallel(n_jobs=42)]: Done 116 tasks      | elapsed:    3.8s
[Parallel(n_jobs=42)]: Done 250 out of 250 | elapsed:    4.0s finished
[Parallel(n_jobs=42)]: Using backend ThreadingBackend with 42 concurrent workers.
[Parallel(n_jobs=42)]: Done 250 out of 250 | elapsed: 821.9min finished
[Parallel(n_jobs=42)]: Using backend ThreadingBackend with 42 concurrent workers.
[Parallel(n_jobs=42)]: Done 116 tasks      | elapsed:    3.9s
[Parallel(n_jobs=42)]: Done 250 out of 250 | elapsed:    3.9s finished
[Parallel(n_jobs=42)]: Using backend ThreadingBackend with 42 concurrent workers.
[Parallel(n_jobs=42)]: Done 250 out of 250 | elapsed: 824.0min finished
[Parallel(n_jobs=42)]: Using backend ThreadingBackend with 42 concurrent workers.
[Parallel(n_jobs=42)]: Done 116 tasks      | elapsed:    3.6s
[Parallel(n_jobs=42)]: Done 250 out of 250 | elapsed:    3.6s finished
[Parallel(n_jobs=42)]: Using backend ThreadingBackend with 42 concurrent workers.
[Parallel(n_jobs=42)]: Done 250 out of 250 | elapsed: 827.4min finished
[Parallel(n_jobs=42)]: Using backend ThreadingBackend with 42 concurrent workers.
[Parallel(n_jobs=42)]: Done 116 tasks      | elapsed:    3.9s
[Parallel(n_jobs=42)]: Done 250 out of 250 | elapsed:    4.0s finished
[Parallel(n_jobs=42)]: Using backend ThreadingBackend with 42 concurrent workers.
[Parallel(n_jobs=42)]: Done 116 tasks      | elapsed:   14.5s
[Parallel(n_jobs=42)]: Done 250 out of 250 | elapsed:   25.4s finished
[Parallel(n_jobs=42)]: Using backend ThreadingBackend with 42 concurrent workers.
[Parallel(n_jobs=42)]: Done 116 tasks      | elapsed:    3.1s
[Parallel(n_jobs=42)]: Done 250 out of 250 | elapsed:    3.2s finished
[Parallel(n_jobs=42)]: Using backend ThreadingBackend with 42 concurrent workers.
[Parallel(n_jobs=42)]: Done 116 tasks      | elapsed:   13.9s
[Parallel(n_jobs=42)]: Done 250 out of 250 | elapsed:   23.2s finished
[Parallel(n_jobs=42)]: Using backend ThreadingBackend with 42 concurrent workers.
[Parallel(n_jobs=42)]: Done 116 tasks      | elapsed:    3.1s
[Parallel(n_jobs=42)]: Done 250 out of 250 | elapsed:    3.2s finished
[Parallel(n_jobs=42)]: Using backend ThreadingBackend with 42 concurrent workers.
[Parallel(n_jobs=42)]: Done 116 tasks      | elapsed:   13.6s
[Parallel(n_jobs=42)]: Done 250 out of 250 | elapsed:   23.5s finished
[Parallel(n_jobs=42)]: Using backend ThreadingBackend with 42 concurrent workers.
[Parallel(n_jobs=42)]: Done 116 tasks      | elapsed:    3.9s
[Parallel(n_jobs=42)]: Done 250 out of 250 | elapsed:    3.9s finished
[Parallel(n_jobs=42)]: Using backend ThreadingBackend with 42 concurrent workers.
[Parallel(n_jobs=42)]: Done 116 tasks      | elapsed:   13.4s
[Parallel(n_jobs=42)]: Done 250 out of 250 | elapsed:   23.5s finished
[Parallel(n_jobs=42)]: Using backend ThreadingBackend with 42 concurrent workers.
[Parallel(n_jobs=42)]: Done 116 tasks      | elapsed:    4.3s
[Parallel(n_jobs=42)]: Done 250 out of 250 | elapsed:    4.5s finished
[Parallel(n_jobs=42)]: Using backend ThreadingBackend with 42 concurrent workers.
[Parallel(n_jobs=42)]: Done 116 tasks      | elapsed:   12.1s
[Parallel(n_jobs=42)]: Done 250 out of 250 | elapsed:   22.0s finished
[Parallel(n_jobs=42)]: Using backend ThreadingBackend with 42 concurrent workers.
[Parallel(n_jobs=42)]: Done 116 tasks      | elapsed:    3.5s
[Parallel(n_jobs=42)]: Done 250 out of 250 | elapsed:    3.6s finished
[Parallel(n_jobs=42)]: Using backend ThreadingBackend with 42 concurrent workers.
[Parallel(n_jobs=42)]: Done 100 out of 100 | elapsed:    6.7s finished
[Parallel(n_jobs=42)]: Using backend ThreadingBackend with 42 concurrent workers.
[Parallel(n_jobs=42)]: Done 100 out of 100 | elapsed:    4.0s finished
[Parallel(n_jobs=42)]: Using backend ThreadingBackend with 42 concurrent workers.
[Parallel(n_jobs=42)]: Done 100 out of 100 | elapsed:    6.5s finished
[Parallel(n_jobs=42)]: Using backend ThreadingBackend with 42 concurrent workers.
[Parallel(n_jobs=42)]: Done 100 out of 100 | elapsed:    3.9s finished
[Parallel(n_jobs=42)]: Using backend ThreadingBackend with 42 concurrent workers.
[Parallel(n_jobs=42)]: Done 100 out of 100 | elapsed:    8.2s finished
[Parallel(n_jobs=42)]: Using backend ThreadingBackend with 42 concurrent workers.
[Parallel(n_jobs=42)]: Done 100 out of 100 | elapsed:    3.7s finished
[Parallel(n_jobs=42)]: Using backend ThreadingBackend with 42 concurrent workers.
[Parallel(n_jobs=42)]: Done 100 out of 100 | elapsed:    6.4s finished
[Parallel(n_jobs=42)]: Using backend ThreadingBackend with 42 concurrent workers.
[Parallel(n_jobs=42)]: Done 100 out of 100 | elapsed:    3.8s finished
[Parallel(n_jobs=42)]: Using backend ThreadingBackend with 42 concurrent workers.
[Parallel(n_jobs=42)]: Done 100 out of 100 | elapsed:    7.1s finished
[Parallel(n_jobs=42)]: Using backend ThreadingBackend with 42 concurrent workers.
[Parallel(n_jobs=42)]: Done 100 out of 100 | elapsed:    3.4s finished
[Parallel(n_jobs=42)]: Using backend ThreadingBackend with 42 concurrent workers.
[Parallel(n_jobs=42)]: Done 116 tasks      | elapsed:    7.0s
[Parallel(n_jobs=42)]: Done 250 out of 250 | elapsed:   10.2s finished
[Parallel(n_jobs=42)]: Using backend ThreadingBackend with 42 concurrent workers.
[Parallel(n_jobs=42)]: Done 116 tasks      | elapsed:    3.4s
[Parallel(n_jobs=42)]: Done 250 out of 250 | elapsed:    3.4s finished
[Parallel(n_jobs=42)]: Using backend ThreadingBackend with 42 concurrent workers.
[Parallel(n_jobs=42)]: Done 116 tasks      | elapsed:    8.4s
[Parallel(n_jobs=42)]: Done 250 out of 250 | elapsed:   11.7s finished
[Parallel(n_jobs=42)]: Using backend ThreadingBackend with 42 concurrent workers.
[Parallel(n_jobs=42)]: Done 116 tasks      | elapsed:    4.0s
[Parallel(n_jobs=42)]: Done 250 out of 250 | elapsed:    4.1s finished
[Parallel(n_jobs=42)]: Using backend ThreadingBackend with 42 concurrent workers.
[Parallel(n_jobs=42)]: Done 116 tasks      | elapsed:    8.1s
[Parallel(n_jobs=42)]: Done 250 out of 250 | elapsed:   11.8s finished
[Parallel(n_jobs=42)]: Using backend ThreadingBackend with 42 concurrent workers.
[Parallel(n_jobs=42)]: Done 116 tasks      | elapsed:    3.6s
[Parallel(n_jobs=42)]: Done 250 out of 250 | elapsed:    3.6s finished
[Parallel(n_jobs=42)]: Using backend ThreadingBackend with 42 concurrent workers.
[Parallel(n_jobs=42)]: Done 116 tasks      | elapsed:    7.3s
[Parallel(n_jobs=42)]: Done 250 out of 250 | elapsed:   10.8s finished
[Parallel(n_jobs=42)]: Using backend ThreadingBackend with 42 concurrent workers.
[Parallel(n_jobs=42)]: Done 116 tasks      | elapsed:    4.0s
[Parallel(n_jobs=42)]: Done 250 out of 250 | elapsed:    4.1s finished
[Parallel(n_jobs=42)]: Using backend ThreadingBackend with 42 concurrent workers.
[Parallel(n_jobs=42)]: Done 116 tasks      | elapsed:    6.2s
[Parallel(n_jobs=42)]: Done 250 out of 250 | elapsed:    9.5s finished
[Parallel(n_jobs=42)]: Using backend ThreadingBackend with 42 concurrent workers.
[Parallel(n_jobs=42)]: Done 116 tasks      | elapsed:    2.1s
[Parallel(n_jobs=42)]: Done 250 out of 250 | elapsed:    2.2s finished
[Parallel(n_jobs=42)]: Using backend ThreadingBackend with 42 concurrent workers.
[Parallel(n_jobs=42)]: Done 250 out of 250 | elapsed: 826.6min finished
[Parallel(n_jobs=42)]: Using backend ThreadingBackend with 42 concurrent workers.
[Parallel(n_jobs=42)]: Done 116 tasks      | elapsed:    3.4s
[Parallel(n_jobs=42)]: Done 250 out of 250 | elapsed:    3.5s finished
[Parallel(n_jobs=42)]: Using backend ThreadingBackend with 42 concurrent workers.
[Parallel(n_jobs=42)]: Done 250 out of 250 | elapsed: 1270.3min finished
[Parallel(n_jobs=42)]: Using backend ThreadingBackend with 42 concurrent workers.
[Parallel(n_jobs=42)]: Done 116 tasks      | elapsed:    4.0s
[Parallel(n_jobs=42)]: Done 250 out of 250 | elapsed:    4.2s finished
[Parallel(n_jobs=42)]: Using backend ThreadingBackend with 42 concurrent workers.
[Parallel(n_jobs=42)]: Done 250 out of 250 | elapsed: 1275.7min finished
[Parallel(n_jobs=42)]: Using backend ThreadingBackend with 42 concurrent workers.
[Parallel(n_jobs=42)]: Done 116 tasks      | elapsed:    3.7s
[Parallel(n_jobs=42)]: Done 250 out of 250 | elapsed:    3.9s finished
[Parallel(n_jobs=42)]: Using backend ThreadingBackend with 42 concurrent workers.
[Parallel(n_jobs=42)]: Done 116 tasks      | elapsed: 383.9min
[Parallel(n_jobs=42)]: Done 250 out of 250 | elapsed: 1375.1min finished
[Parallel(n_jobs=42)]: Using backend ThreadingBackend with 42 concurrent workers.
[Parallel(n_jobs=42)]: Done 116 tasks      | elapsed:    2.9s
[Parallel(n_jobs=42)]: Done 250 out of 250 | elapsed:    3.0s finished
[Parallel(n_jobs=42)]: Using backend ThreadingBackend with 42 concurrent workers.
[Parallel(n_jobs=42)]: Done 116 tasks      | elapsed: 848.0min
[Parallel(n_jobs=42)]: Done 250 out of 250 | elapsed: 1379.4min finished
[Parallel(n_jobs=42)]: Using backend ThreadingBackend with 42 concurrent workers.
[Parallel(n_jobs=42)]: Done 116 tasks      | elapsed:    4.0s
[Parallel(n_jobs=42)]: Done 250 out of 250 | elapsed:    4.2s finished
[Parallel(n_jobs=42)]: Using backend ThreadingBackend with 42 concurrent workers.
[Parallel(n_jobs=42)]: Done 116 tasks      | elapsed:   43.0s
[Parallel(n_jobs=42)]: Done 250 out of 250 | elapsed:  1.4min finished
[Parallel(n_jobs=42)]: Using backend ThreadingBackend with 42 concurrent workers.
[Parallel(n_jobs=42)]: Done 116 tasks      | elapsed:    3.6s
[Parallel(n_jobs=42)]: Done 250 out of 250 | elapsed:    3.8s finished
[Parallel(n_jobs=42)]: Using backend ThreadingBackend with 42 concurrent workers.
[Parallel(n_jobs=42)]: Done 116 tasks      | elapsed:   43.8s
[Parallel(n_jobs=42)]: Done 250 out of 250 | elapsed:  1.4min finished
[Parallel(n_jobs=42)]: Using backend ThreadingBackend with 42 concurrent workers.
[Parallel(n_jobs=42)]: Done 116 tasks      | elapsed:    3.7s
[Parallel(n_jobs=42)]: Done 250 out of 250 | elapsed:    3.8s finished
[Parallel(n_jobs=42)]: Using backend ThreadingBackend with 42 concurrent workers.
[Parallel(n_jobs=42)]: Done 116 tasks      | elapsed:   45.4s
[Parallel(n_jobs=42)]: Done 250 out of 250 | elapsed:  1.5min finished
[Parallel(n_jobs=42)]: Using backend ThreadingBackend with 42 concurrent workers.
[Parallel(n_jobs=42)]: Done 116 tasks      | elapsed:    3.2s
[Parallel(n_jobs=42)]: Done 250 out of 250 | elapsed:    3.2s finished
[Parallel(n_jobs=42)]: Using backend ThreadingBackend with 42 concurrent workers.
[Parallel(n_jobs=42)]: Done 116 tasks      | elapsed:   45.2s
[Parallel(n_jobs=42)]: Done 250 out of 250 | elapsed:  1.5min finished
[Parallel(n_jobs=42)]: Using backend ThreadingBackend with 42 concurrent workers.
[Parallel(n_jobs=42)]: Done 116 tasks      | elapsed:    1.5s
[Parallel(n_jobs=42)]: Done 250 out of 250 | elapsed:    1.6s finished
[Parallel(n_jobs=42)]: Using backend ThreadingBackend with 42 concurrent workers.
[Parallel(n_jobs=42)]: Done 116 tasks      | elapsed:   41.6s
[Parallel(n_jobs=42)]: Done 250 out of 250 | elapsed:  1.4min finished
[Parallel(n_jobs=42)]: Using backend ThreadingBackend with 42 concurrent workers.
[Parallel(n_jobs=42)]: Done 116 tasks      | elapsed:    4.0s
[Parallel(n_jobs=42)]: Done 250 out of 250 | elapsed:    4.2s finished
[Parallel(n_jobs=42)]: Using backend ThreadingBackend with 42 concurrent workers.
[Parallel(n_jobs=42)]: Done 250 out of 250 | elapsed: 1417.8min finished
[Parallel(n_jobs=42)]: Using backend ThreadingBackend with 42 concurrent workers.
[Parallel(n_jobs=42)]: Done 116 tasks      | elapsed:    2.4s
[Parallel(n_jobs=42)]: Done 250 out of 250 | elapsed:    2.6s finished
[Parallel(n_jobs=42)]: Done 116 tasks      | elapsed: 385.5min
[Parallel(n_jobs=42)]: Using backend ThreadingBackend with 42 concurrent workers.
[Parallel(n_jobs=42)]: Done 116 tasks      | elapsed: 914.0min
[Parallel(n_jobs=42)]: Done 116 tasks      | elapsed: 995.2min
[Parallel(n_jobs=42)]: Done 116 tasks      | elapsed: 363.9min
[Parallel(n_jobs=42)]: Done 116 tasks      | elapsed: 363.8min
[Parallel(n_jobs=42)]: Done 116 tasks      | elapsed: 382.8min
[Parallel(n_jobs=42)]: Done 116 tasks      | elapsed: 1057.1min
[Parallel(n_jobs=42)]: Done 116 tasks      | elapsed: 1018.1min
[Parallel(n_jobs=42)]: Done 116 tasks      | elapsed: 163.7min
[Parallel(n_jobs=42)]: Done 116 tasks      | elapsed: 157.4min
[Parallel(n_jobs=42)]: Done 116 tasks      | elapsed: 1279.2min
[Parallel(n_jobs=42)]: Done 250 out of 250 | elapsed: 336.5min finished
[Parallel(n_jobs=42)]: Using backend ThreadingBackend with 42 concurrent workers.
[Parallel(n_jobs=42)]: Done 116 tasks      | elapsed:    3.3s
[Parallel(n_jobs=42)]: Done 250 out of 250 | elapsed:    3.5s finished
[Parallel(n_jobs=42)]: Using backend ThreadingBackend with 42 concurrent workers.
[Parallel(n_jobs=42)]: Done 250 out of 250 | elapsed: 780.8min finished
[Parallel(n_jobs=42)]: Using backend ThreadingBackend with 42 concurrent workers.
[Parallel(n_jobs=42)]: Done 116 tasks      | elapsed:    2.9s
[Parallel(n_jobs=42)]: Done 250 out of 250 | elapsed:    3.0s finished
[Parallel(n_jobs=42)]: Using backend ThreadingBackend with 42 concurrent workers.
[Parallel(n_jobs=42)]: Done 116 tasks      | elapsed: 1293.3min
[Parallel(n_jobs=42)]: Done 250 out of 250 | elapsed: 327.9min finished
[Parallel(n_jobs=42)]: Using backend ThreadingBackend with 42 concurrent workers.
[Parallel(n_jobs=42)]: Done 116 tasks      | elapsed:    4.1s
[Parallel(n_jobs=42)]: Done 250 out of 250 | elapsed:    4.2s finished
[Parallel(n_jobs=42)]: Using backend ThreadingBackend with 42 concurrent workers.
[Parallel(n_jobs=42)]: Done 116 tasks      | elapsed: 1391.6min
[Parallel(n_jobs=42)]: Done 250 out of 250 | elapsed: 776.3min finished
[Parallel(n_jobs=42)]: Using backend ThreadingBackend with 42 concurrent workers.
[Parallel(n_jobs=42)]: Done 116 tasks      | elapsed:    3.5s
[Parallel(n_jobs=42)]: Done 250 out of 250 | elapsed:    3.6s finished
[Parallel(n_jobs=42)]: Using backend ThreadingBackend with 42 concurrent workers.
[Parallel(n_jobs=42)]: Done 100 out of 100 | elapsed:  1.9min finished
[Parallel(n_jobs=42)]: Using backend ThreadingBackend with 42 concurrent workers.
[Parallel(n_jobs=42)]: Done 100 out of 100 | elapsed:    3.9s finished
[Parallel(n_jobs=42)]: Using backend ThreadingBackend with 42 concurrent workers.
[Parallel(n_jobs=42)]: Done 100 out of 100 | elapsed:  2.0min finished
[Parallel(n_jobs=42)]: Using backend ThreadingBackend with 42 concurrent workers.
[Parallel(n_jobs=42)]: Done 100 out of 100 | elapsed:    3.6s finished
[Parallel(n_jobs=42)]: Using backend ThreadingBackend with 42 concurrent workers.
[Parallel(n_jobs=42)]: Done 100 out of 100 | elapsed:  2.0min finished
[Parallel(n_jobs=42)]: Using backend ThreadingBackend with 42 concurrent workers.
[Parallel(n_jobs=42)]: Done 100 out of 100 | elapsed:    3.6s finished
[Parallel(n_jobs=42)]: Using backend ThreadingBackend with 42 concurrent workers.
[Parallel(n_jobs=42)]: Done 100 out of 100 | elapsed:  2.0min finished
[Parallel(n_jobs=42)]: Using backend ThreadingBackend with 42 concurrent workers.
[Parallel(n_jobs=42)]: Done 100 out of 100 | elapsed:    3.4s finished
[Parallel(n_jobs=42)]: Using backend ThreadingBackend with 42 concurrent workers.
[Parallel(n_jobs=42)]: Done 100 out of 100 | elapsed:  1.9min finished
[Parallel(n_jobs=42)]: Using backend ThreadingBackend with 42 concurrent workers.
[Parallel(n_jobs=42)]: Done 100 out of 100 | elapsed:    3.8s finished
[Parallel(n_jobs=42)]: Using backend ThreadingBackend with 42 concurrent workers.
[Parallel(n_jobs=42)]: Done 100 out of 100 | elapsed:  1.9min finished
[Parallel(n_jobs=42)]: Using backend ThreadingBackend with 42 concurrent workers.
[Parallel(n_jobs=42)]: Done 100 out of 100 | elapsed:    3.7s finished
[Parallel(n_jobs=42)]: Using backend ThreadingBackend with 42 concurrent workers.
[Parallel(n_jobs=42)]: Done 100 out of 100 | elapsed:  2.0min finished
[Parallel(n_jobs=42)]: Using backend ThreadingBackend with 42 concurrent workers.
[Parallel(n_jobs=42)]: Done 100 out of 100 | elapsed:    3.6s finished
[Parallel(n_jobs=42)]: Using backend ThreadingBackend with 42 concurrent workers.
[Parallel(n_jobs=42)]: Done 100 out of 100 | elapsed:  1.9min finished
[Parallel(n_jobs=42)]: Using backend ThreadingBackend with 42 concurrent workers.
[Parallel(n_jobs=42)]: Done 100 out of 100 | elapsed:    3.3s finished
[Parallel(n_jobs=42)]: Using backend ThreadingBackend with 42 concurrent workers.
[Parallel(n_jobs=42)]: Done 100 out of 100 | elapsed:  1.9min finished
[Parallel(n_jobs=42)]: Using backend ThreadingBackend with 42 concurrent workers.
[Parallel(n_jobs=42)]: Done 100 out of 100 | elapsed:    4.9s finished
[Parallel(n_jobs=42)]: Using backend ThreadingBackend with 42 concurrent workers.
[Parallel(n_jobs=42)]: Done 100 out of 100 | elapsed:  2.0min finished
[Parallel(n_jobs=42)]: Using backend ThreadingBackend with 42 concurrent workers.
[Parallel(n_jobs=42)]: Done 100 out of 100 | elapsed:    3.7s finished
[Parallel(n_jobs=42)]: Using backend ThreadingBackend with 42 concurrent workers.
[Parallel(n_jobs=42)]: Done 250 out of 250 | elapsed: 747.8min finished
[Parallel(n_jobs=42)]: Using backend ThreadingBackend with 42 concurrent workers.
[Parallel(n_jobs=42)]: Done 116 tasks      | elapsed:    2.2s
[Parallel(n_jobs=42)]: Done 250 out of 250 | elapsed:    2.4s finished
[Parallel(n_jobs=42)]: Using backend ThreadingBackend with 42 concurrent workers.
[Parallel(n_jobs=42)]: Done 116 tasks      | elapsed: 1432.1min
[Parallel(n_jobs=42)]: Done 116 tasks      | elapsed: 135.7min
[Parallel(n_jobs=42)]: Done 116 tasks      | elapsed: 1468.2min
[Parallel(n_jobs=42)]: Done 250 out of 250 | elapsed: 723.8min finished
[Parallel(n_jobs=42)]: Using backend ThreadingBackend with 42 concurrent workers.
[Parallel(n_jobs=42)]: Done 116 tasks      | elapsed:    3.3s
[Parallel(n_jobs=42)]: Done 250 out of 250 | elapsed:    3.4s finished
[Parallel(n_jobs=42)]: Using backend ThreadingBackend with 42 concurrent workers.
[Parallel(n_jobs=42)]: Done 116 tasks      | elapsed: 148.1min
[Parallel(n_jobs=42)]: Done 116 tasks      | elapsed: 144.5min
[Parallel(n_jobs=42)]: Done 250 out of 250 | elapsed: 759.3min finished
[Parallel(n_jobs=42)]: Using backend ThreadingBackend with 42 concurrent workers.
[Parallel(n_jobs=42)]: Done 116 tasks      | elapsed:    1.2s
[Parallel(n_jobs=42)]: Done 250 out of 250 | elapsed:    1.3s finished
[Parallel(n_jobs=42)]: Using backend ThreadingBackend with 42 concurrent workers.
[Parallel(n_jobs=42)]: Done 100 out of 100 | elapsed: 2238.4min finished
[Parallel(n_jobs=42)]: Using backend ThreadingBackend with 42 concurrent workers.
[Parallel(n_jobs=42)]: Done 100 out of 100 | elapsed:    3.2s finished
[Parallel(n_jobs=42)]: Using backend ThreadingBackend with 42 concurrent workers.
[Parallel(n_jobs=42)]: Done 100 out of 100 | elapsed: 155.5min finished
[Parallel(n_jobs=42)]: Using backend ThreadingBackend with 42 concurrent workers.
[Parallel(n_jobs=42)]: Done 100 out of 100 | elapsed:    2.6s finished
[Parallel(n_jobs=42)]: Using backend ThreadingBackend with 42 concurrent workers.
[Parallel(n_jobs=42)]: Done 116 tasks      | elapsed:  5.5min
[Parallel(n_jobs=42)]: Done 100 out of 100 | elapsed: 138.7min finished
[Parallel(n_jobs=42)]: Using backend ThreadingBackend with 42 concurrent workers.
[Parallel(n_jobs=42)]: Done 100 out of 100 | elapsed:    2.7s finished
[Parallel(n_jobs=42)]: Using backend ThreadingBackend with 42 concurrent workers.
[Parallel(n_jobs=42)]: Done 250 out of 250 | elapsed: 11.2min finished
[Parallel(n_jobs=42)]: Using backend ThreadingBackend with 42 concurrent workers.
[Parallel(n_jobs=42)]: Done 116 tasks      | elapsed:    3.2s
[Parallel(n_jobs=42)]: Done 250 out of 250 | elapsed:    3.4s finished
[Parallel(n_jobs=42)]: Using backend ThreadingBackend with 42 concurrent workers.
[Parallel(n_jobs=42)]: Done 100 out of 100 | elapsed: 128.1min finished
[Parallel(n_jobs=42)]: Using backend ThreadingBackend with 42 concurrent workers.
[Parallel(n_jobs=42)]: Done 100 out of 100 | elapsed:    3.0s finished
[Parallel(n_jobs=42)]: Done 116 tasks      | elapsed:  5.6min
[Parallel(n_jobs=42)]: Using backend ThreadingBackend with 42 concurrent workers.
[Parallel(n_jobs=42)]: Done 250 out of 250 | elapsed: 272.6min finished
[Parallel(n_jobs=42)]: Using backend ThreadingBackend with 42 concurrent workers.
[Parallel(n_jobs=42)]: Done 116 tasks      | elapsed:    2.7s
[Parallel(n_jobs=42)]: Done 250 out of 250 | elapsed:    2.8s finished
[Parallel(n_jobs=42)]: Using backend ThreadingBackend with 42 concurrent workers.
[Parallel(n_jobs=42)]: Done 116 tasks      | elapsed:  5.7min
[Parallel(n_jobs=42)]: Done 250 out of 250 | elapsed: 11.6min finished
[Parallel(n_jobs=42)]: Done 116 tasks      | elapsed:  5.7min
[Parallel(n_jobs=42)]: Using backend ThreadingBackend with 42 concurrent workers.
[Parallel(n_jobs=42)]: Done 116 tasks      | elapsed:    3.6s
[Parallel(n_jobs=42)]: Done 250 out of 250 | elapsed:    3.8s finished
[Parallel(n_jobs=42)]: Using backend ThreadingBackend with 42 concurrent workers.
[Parallel(n_jobs=42)]: Done 116 tasks      | elapsed:  5.5min
[Parallel(n_jobs=42)]: Done 100 out of 100 | elapsed:   14.2s finished
[Parallel(n_jobs=42)]: Using backend ThreadingBackend with 42 concurrent workers.
[Parallel(n_jobs=42)]: Done 100 out of 100 | elapsed:    2.8s finished
[Parallel(n_jobs=42)]: Using backend ThreadingBackend with 42 concurrent workers.
[Parallel(n_jobs=42)]: Done 100 out of 100 | elapsed:   14.7s finished
[Parallel(n_jobs=42)]: Using backend ThreadingBackend with 42 concurrent workers.
[Parallel(n_jobs=42)]: Done 100 out of 100 | elapsed:    3.1s finished
[Parallel(n_jobs=42)]: Using backend ThreadingBackend with 42 concurrent workers.
[Parallel(n_jobs=42)]: Done 100 out of 100 | elapsed:   14.7s finished
[Parallel(n_jobs=42)]: Using backend ThreadingBackend with 42 concurrent workers.
[Parallel(n_jobs=42)]: Done 100 out of 100 | elapsed:    3.4s finished
[Parallel(n_jobs=42)]: Using backend ThreadingBackend with 42 concurrent workers.
[Parallel(n_jobs=42)]: Done 100 out of 100 | elapsed:   14.1s finished
[Parallel(n_jobs=42)]: Using backend ThreadingBackend with 42 concurrent workers.
[Parallel(n_jobs=42)]: Done 100 out of 100 | elapsed:    2.2s finished
[Parallel(n_jobs=42)]: Using backend ThreadingBackend with 42 concurrent workers.
[Parallel(n_jobs=42)]: Done 100 out of 100 | elapsed:   12.3s finished
[Parallel(n_jobs=42)]: Using backend ThreadingBackend with 42 concurrent workers.
[Parallel(n_jobs=42)]: Done 100 out of 100 | elapsed:    3.1s finished
[Parallel(n_jobs=42)]: Using backend ThreadingBackend with 42 concurrent workers.
[Parallel(n_jobs=42)]: Done 250 out of 250 | elapsed: 11.4min finished
[Parallel(n_jobs=42)]: Using backend ThreadingBackend with 42 concurrent workers.
[Parallel(n_jobs=42)]: Done 100 out of 100 | elapsed:   36.7s finished
[Parallel(n_jobs=42)]: Done 116 tasks      | elapsed:    3.2s
[Parallel(n_jobs=42)]: Done 250 out of 250 | elapsed:    3.2s finished
[Parallel(n_jobs=42)]: Using backend ThreadingBackend with 42 concurrent workers.
[Parallel(n_jobs=42)]: Done 100 out of 100 | elapsed:    2.8s finished
[Parallel(n_jobs=42)]: Using backend ThreadingBackend with 42 concurrent workers.
[Parallel(n_jobs=42)]: Using backend ThreadingBackend with 42 concurrent workers.
[Parallel(n_jobs=42)]: Done 100 out of 100 | elapsed:   33.5s finished
[Parallel(n_jobs=42)]: Using backend ThreadingBackend with 42 concurrent workers.
[Parallel(n_jobs=42)]: Done 100 out of 100 | elapsed:    3.5s finished
[Parallel(n_jobs=42)]: Done 100 out of 100 | elapsed:   34.6s finished
[Parallel(n_jobs=42)]: Using backend ThreadingBackend with 42 concurrent workers.
[Parallel(n_jobs=42)]: Done 250 out of 250 | elapsed: 11.4min finished
[Parallel(n_jobs=42)]: Done 100 out of 100 | elapsed:    2.5s finished
[Parallel(n_jobs=42)]: Using backend ThreadingBackend with 42 concurrent workers.
[Parallel(n_jobs=42)]: Done 116 tasks      | elapsed:    2.8s
[Parallel(n_jobs=42)]: Done 250 out of 250 | elapsed:    2.9s finished
[Parallel(n_jobs=42)]: Using backend ThreadingBackend with 42 concurrent workers.
[Parallel(n_jobs=42)]: Using backend ThreadingBackend with 42 concurrent workers.
[Parallel(n_jobs=42)]: Using backend ThreadingBackend with 42 concurrent workers.
[Parallel(n_jobs=42)]: Done 250 out of 250 | elapsed: 11.2min finished
[Parallel(n_jobs=42)]: Using backend ThreadingBackend with 42 concurrent workers.
[Parallel(n_jobs=42)]: Done 116 tasks      | elapsed:    2.9s
[Parallel(n_jobs=42)]: Done 250 out of 250 | elapsed:    3.1s finished
[Parallel(n_jobs=42)]: Done 100 out of 100 | elapsed:   33.7s finished
[Parallel(n_jobs=42)]: Using backend ThreadingBackend with 42 concurrent workers.
[Parallel(n_jobs=42)]: Done 100 out of 100 | elapsed:   32.8s finished
[Parallel(n_jobs=42)]: Done 100 out of 100 | elapsed: 2076.8min finished
[Parallel(n_jobs=42)]: Done 100 out of 100 | elapsed:    2.8s finished
[Parallel(n_jobs=42)]: Using backend ThreadingBackend with 42 concurrent workers.
[Parallel(n_jobs=42)]: Using backend ThreadingBackend with 42 concurrent workers.
[Parallel(n_jobs=42)]: Done 100 out of 100 | elapsed:    2.8s finished
[Parallel(n_jobs=42)]: Done 100 out of 100 | elapsed:    2.7s finished
[Parallel(n_jobs=42)]: Using backend ThreadingBackend with 42 concurrent workers.
[Parallel(n_jobs=42)]: Using backend ThreadingBackend with 42 concurrent workers.
[Parallel(n_jobs=42)]: Using backend ThreadingBackend with 42 concurrent workers.
[Parallel(n_jobs=42)]: Using backend ThreadingBackend with 42 concurrent workers.
[Parallel(n_jobs=42)]: Done 250 out of 250 | elapsed: 296.6min finished
[Parallel(n_jobs=42)]: Using backend ThreadingBackend with 42 concurrent workers.
[Parallel(n_jobs=42)]: Done 116 tasks      | elapsed:    3.3s
[Parallel(n_jobs=42)]: Done 250 out of 250 | elapsed:    3.4s finished
[Parallel(n_jobs=42)]: Using backend ThreadingBackend with 42 concurrent workers.
[Parallel(n_jobs=42)]: Done 100 out of 100 | elapsed:  5.5min finished
[Parallel(n_jobs=42)]: Using backend ThreadingBackend with 42 concurrent workers.
[Parallel(n_jobs=42)]: Done   7 tasks      | elapsed:    4.3s
[Parallel(n_jobs=42)]: Done 100 out of 100 | elapsed:    4.4s finished
[Parallel(n_jobs=42)]: Using backend ThreadingBackend with 42 concurrent workers.
[Parallel(n_jobs=42)]: Done 250 out of 250 | elapsed: 291.3min finished
[Parallel(n_jobs=42)]: Using backend ThreadingBackend with 42 concurrent workers.
[Parallel(n_jobs=42)]: Done 116 tasks      | elapsed:    3.4s
[Parallel(n_jobs=42)]: Done 250 out of 250 | elapsed:    3.6s finished
[Parallel(n_jobs=42)]: Using backend ThreadingBackend with 42 concurrent workers.
[Parallel(n_jobs=42)]: Done 100 out of 100 | elapsed:  5.6min finished
[Parallel(n_jobs=42)]: Using backend ThreadingBackend with 42 concurrent workers.
[Parallel(n_jobs=42)]: Done 100 out of 100 | elapsed:    3.5s finished
[Parallel(n_jobs=42)]: Using backend ThreadingBackend with 42 concurrent workers.
[Parallel(n_jobs=42)]: Done 100 out of 100 | elapsed: 140.9min finished
[Parallel(n_jobs=42)]: Using backend ThreadingBackend with 42 concurrent workers.
[Parallel(n_jobs=42)]: Done 100 out of 100 | elapsed:    1.6s finished
[Parallel(n_jobs=42)]: Using backend ThreadingBackend with 42 concurrent workers.
[Parallel(n_jobs=42)]: Done 100 out of 100 | elapsed:  5.7min finished
[Parallel(n_jobs=42)]: Using backend ThreadingBackend with 42 concurrent workers.
[Parallel(n_jobs=42)]: Done 100 out of 100 | elapsed:    1.1s finished
[Parallel(n_jobs=42)]: Using backend ThreadingBackend with 42 concurrent workers.
[Parallel(n_jobs=42)]: Done 116 tasks      | elapsed:  1.8min
[Parallel(n_jobs=42)]: Done 100 out of 100 | elapsed:  5.7min finished
[Parallel(n_jobs=42)]: Using backend ThreadingBackend with 42 concurrent workers.
[Parallel(n_jobs=42)]: Done 100 out of 100 | elapsed:    3.0s finished
[Parallel(n_jobs=42)]: Using backend ThreadingBackend with 42 concurrent workers.
[Parallel(n_jobs=42)]: Done 250 out of 250 | elapsed:  3.6min finished
[Parallel(n_jobs=42)]: Using backend ThreadingBackend with 42 concurrent workers.
[Parallel(n_jobs=42)]: Done 116 tasks      | elapsed:    3.5s
[Parallel(n_jobs=42)]: Done 250 out of 250 | elapsed:    3.6s finished
[Parallel(n_jobs=42)]: Done 100 out of 100 | elapsed:  5.5min finished
[Parallel(n_jobs=42)]: Using backend ThreadingBackend with 42 concurrent workers.
[Parallel(n_jobs=42)]: Done 100 out of 100 | elapsed:    3.5s finished
[Parallel(n_jobs=42)]: Using backend ThreadingBackend with 42 concurrent workers.
[Parallel(n_jobs=42)]: Using backend ThreadingBackend with 42 concurrent workers.
[Parallel(n_jobs=42)]: Done 116 tasks      | elapsed:  1.9min
[Parallel(n_jobs=42)]: Done 116 tasks      | elapsed:  1.8min
[Parallel(n_jobs=42)]: Done 116 tasks      | elapsed:  1.8min
[Parallel(n_jobs=42)]: Done 250 out of 250 | elapsed:  3.9min finished
[Parallel(n_jobs=42)]: Using backend ThreadingBackend with 42 concurrent workers.
[Parallel(n_jobs=42)]: Done 116 tasks      | elapsed:    3.6s
[Parallel(n_jobs=42)]: Done 250 out of 250 | elapsed:    3.8s finished
[Parallel(n_jobs=42)]: Done 250 out of 250 | elapsed:  3.8min finished
[Parallel(n_jobs=42)]: Using backend ThreadingBackend with 42 concurrent workers.
[Parallel(n_jobs=42)]: Using backend ThreadingBackend with 42 concurrent workers.
[Parallel(n_jobs=42)]: Done 116 tasks      | elapsed:    3.4s
[Parallel(n_jobs=42)]: Done 250 out of 250 | elapsed:    3.6s finished
[Parallel(n_jobs=42)]: Done 250 out of 250 | elapsed:  3.7min finished
[Parallel(n_jobs=42)]: Using backend ThreadingBackend with 42 concurrent workers.
[Parallel(n_jobs=42)]: Done 116 tasks      | elapsed:    2.7s
[Parallel(n_jobs=42)]: Done 250 out of 250 | elapsed:    2.8s finished
[Parallel(n_jobs=42)]: Using backend ThreadingBackend with 42 concurrent workers.
[Parallel(n_jobs=42)]: Using backend ThreadingBackend with 42 concurrent workers.
[Parallel(n_jobs=42)]: Done 116 tasks      | elapsed:  2.0min
[Parallel(n_jobs=42)]: Done 250 out of 250 | elapsed:  4.1min finished
[Parallel(n_jobs=42)]: Using backend ThreadingBackend with 42 concurrent workers.
[Parallel(n_jobs=42)]: Done 116 tasks      | elapsed:    2.2s
[Parallel(n_jobs=42)]: Done 250 out of 250 | elapsed:    2.3s finished
[Parallel(n_jobs=42)]: Using backend ThreadingBackend with 42 concurrent workers.
[Parallel(n_jobs=42)]: Done 116 tasks      | elapsed:  8.7min
[Parallel(n_jobs=42)]: Done 116 tasks      | elapsed:  9.2min
[Parallel(n_jobs=42)]: Done 116 tasks      | elapsed:  8.8min
[Parallel(n_jobs=42)]: Done 250 out of 250 | elapsed: 18.0min finished
[Parallel(n_jobs=42)]: Using backend ThreadingBackend with 42 concurrent workers.
[Parallel(n_jobs=42)]: Done 116 tasks      | elapsed:    3.5s
[Parallel(n_jobs=42)]: Done 250 out of 250 | elapsed:    3.9s finished
[Parallel(n_jobs=42)]: Using backend ThreadingBackend with 42 concurrent workers.
[Parallel(n_jobs=42)]: Done 250 out of 250 | elapsed: 18.5min finished
[Parallel(n_jobs=42)]: Using backend ThreadingBackend with 42 concurrent workers.
[Parallel(n_jobs=42)]: Done 116 tasks      | elapsed:    3.8s
[Parallel(n_jobs=42)]: Done 250 out of 250 | elapsed:    4.2s finished
[Parallel(n_jobs=42)]: Using backend ThreadingBackend with 42 concurrent workers.
[Parallel(n_jobs=42)]: Done 250 out of 250 | elapsed: 17.7min finished
[Parallel(n_jobs=42)]: Using backend ThreadingBackend with 42 concurrent workers.
[Parallel(n_jobs=42)]: Done 116 tasks      | elapsed:    4.1s
[Parallel(n_jobs=42)]: Done 250 out of 250 | elapsed:    4.3s finished
[Parallel(n_jobs=42)]: Using backend ThreadingBackend with 42 concurrent workers.
[Parallel(n_jobs=42)]: Done 100 out of 100 | elapsed:  3.6min finished
[Parallel(n_jobs=42)]: Using backend ThreadingBackend with 42 concurrent workers.
[Parallel(n_jobs=42)]: Done 100 out of 100 | elapsed:    0.7s finished
[Parallel(n_jobs=42)]: Using backend ThreadingBackend with 42 concurrent workers.
[Parallel(n_jobs=42)]: Done 116 tasks      | elapsed:  8.7min
[Parallel(n_jobs=42)]: Done 116 tasks      | elapsed:  8.4min
[Parallel(n_jobs=42)]: Done 100 out of 100 | elapsed:  3.8min finished
[Parallel(n_jobs=42)]: Using backend ThreadingBackend with 42 concurrent workers.
[Parallel(n_jobs=42)]: Done 100 out of 100 | elapsed:    0.8s finished
[Parallel(n_jobs=42)]: Using backend ThreadingBackend with 42 concurrent workers.
[Parallel(n_jobs=42)]: Done 100 out of 100 | elapsed:  3.5min finished
[Parallel(n_jobs=42)]: Using backend ThreadingBackend with 42 concurrent workers.
[Parallel(n_jobs=42)]: Done 100 out of 100 | elapsed:    0.7s finished
[Parallel(n_jobs=42)]: Using backend ThreadingBackend with 42 concurrent workers.
[Parallel(n_jobs=42)]: Done 250 out of 250 | elapsed: 17.0min finished
[Parallel(n_jobs=42)]: Using backend ThreadingBackend with 42 concurrent workers.
[Parallel(n_jobs=42)]: Done 116 tasks      | elapsed:    1.2s
[Parallel(n_jobs=42)]: Done 250 out of 250 | elapsed:    1.4s finished
[Parallel(n_jobs=42)]: Using backend ThreadingBackend with 42 concurrent workers.
[Parallel(n_jobs=42)]: Done 250 out of 250 | elapsed: 17.9min finished
[Parallel(n_jobs=42)]: Using backend ThreadingBackend with 42 concurrent workers.
[Parallel(n_jobs=42)]: Done 116 tasks      | elapsed:    1.4s
[Parallel(n_jobs=42)]: Done 250 out of 250 | elapsed:    1.7s finished
[Parallel(n_jobs=42)]: Using backend ThreadingBackend with 42 concurrent workers.
[Parallel(n_jobs=42)]: Done 116 tasks      | elapsed:   12.8s
[Parallel(n_jobs=42)]: Done 250 out of 250 | elapsed:   24.9s finished
[Parallel(n_jobs=42)]: Using backend ThreadingBackend with 42 concurrent workers.
[Parallel(n_jobs=42)]: Done 116 tasks      | elapsed:    1.0s
[Parallel(n_jobs=42)]: Done 250 out of 250 | elapsed:    1.0s finished
[Parallel(n_jobs=42)]: Done 100 out of 100 | elapsed:  3.5min finished
[Parallel(n_jobs=42)]: Using backend ThreadingBackend with 42 concurrent workers.
[Parallel(n_jobs=42)]: Done 100 out of 100 | elapsed:    0.9s finished
[Parallel(n_jobs=42)]: Using backend ThreadingBackend with 42 concurrent workers.
[Parallel(n_jobs=42)]: Using backend ThreadingBackend with 42 concurrent workers.
[Parallel(n_jobs=42)]: Done 116 tasks      | elapsed:    9.8s
[Parallel(n_jobs=42)]: Done 116 tasks      | elapsed:   12.3s
[Parallel(n_jobs=42)]: Done 250 out of 250 | elapsed:   24.1s finished
[Parallel(n_jobs=42)]: Done 250 out of 250 | elapsed:   25.9s finished
[Parallel(n_jobs=42)]: Using backend ThreadingBackend with 42 concurrent workers.
[Parallel(n_jobs=42)]: Using backend ThreadingBackend with 42 concurrent workers.
[Parallel(n_jobs=42)]: Done 116 tasks      | elapsed:    0.6s
[Parallel(n_jobs=42)]: Done 250 out of 250 | elapsed:    0.6s finished
[Parallel(n_jobs=42)]: Done 116 tasks      | elapsed:    1.0s
[Parallel(n_jobs=42)]: Done 250 out of 250 | elapsed:    1.0s finished
[Parallel(n_jobs=42)]: Using backend ThreadingBackend with 42 concurrent workers.
[Parallel(n_jobs=42)]: Done 116 tasks      | elapsed:    9.4s
[Parallel(n_jobs=42)]: Done 250 out of 250 | elapsed:   18.9s finished
[Parallel(n_jobs=42)]: Using backend ThreadingBackend with 42 concurrent workers.
[Parallel(n_jobs=42)]: Done 116 tasks      | elapsed:    1.2s
[Parallel(n_jobs=42)]: Done 250 out of 250 | elapsed:    1.2s finished
[Parallel(n_jobs=42)]: Using backend ThreadingBackend with 42 concurrent workers.
[Parallel(n_jobs=42)]: Done 116 tasks      | elapsed:   10.5s
[Parallel(n_jobs=42)]: Done 250 out of 250 | elapsed:   21.5s finished
[Parallel(n_jobs=42)]: Using backend ThreadingBackend with 42 concurrent workers.
[Parallel(n_jobs=42)]: Done 116 tasks      | elapsed:    0.9s
[Parallel(n_jobs=42)]: Done 250 out of 250 | elapsed:    1.0s finished
[Parallel(n_jobs=42)]: Done 100 out of 100 | elapsed:  3.4min finished
[Parallel(n_jobs=42)]: Using backend ThreadingBackend with 42 concurrent workers.
[Parallel(n_jobs=42)]: Done 100 out of 100 | elapsed:    0.9s finished
[Parallel(n_jobs=42)]: Done 100 out of 100 | elapsed: 132.4min finished
[Parallel(n_jobs=42)]: Using backend ThreadingBackend with 42 concurrent workers.
[Parallel(n_jobs=42)]: Done 100 out of 100 | elapsed:    0.9s finished
[Parallel(n_jobs=42)]: Done 100 out of 100 | elapsed: 2180.0min finished
[Parallel(n_jobs=42)]: Using backend ThreadingBackend with 42 concurrent workers.
[Parallel(n_jobs=42)]: Done 100 out of 100 | elapsed:    1.3s finished
[Parallel(n_jobs=42)]: Done 100 out of 100 | elapsed: 2403.7min finished
[Parallel(n_jobs=42)]: Using backend ThreadingBackend with 42 concurrent workers.
[Parallel(n_jobs=42)]: Done 100 out of 100 | elapsed:    0.8s finished
[Parallel(n_jobs=42)]: Done 100 out of 100 | elapsed: 2219.1min finished
[Parallel(n_jobs=42)]: Using backend ThreadingBackend with 42 concurrent workers.
[Parallel(n_jobs=42)]: Done 100 out of 100 | elapsed:    0.7s finished
[Parallel(n_jobs=42)]: Done 250 out of 250 | elapsed: 1738.2min finished
[Parallel(n_jobs=42)]: Using backend ThreadingBackend with 42 concurrent workers.
[Parallel(n_jobs=42)]: Done 116 tasks      | elapsed:    1.4s
[Parallel(n_jobs=42)]: Done 250 out of 250 | elapsed:    1.5s finished
[Parallel(n_jobs=42)]: Done 250 out of 250 | elapsed: 1782.7min finished
[Parallel(n_jobs=42)]: Using backend ThreadingBackend with 42 concurrent workers.
[Parallel(n_jobs=42)]: Done 116 tasks      | elapsed:    0.2s
[Parallel(n_jobs=42)]: Done 250 out of 250 | elapsed:    0.2s finished
[Parallel(n_jobs=42)]: Done 116 tasks      | elapsed: 2103.1min
[Parallel(n_jobs=42)]: Done 100 out of 100 | elapsed: 1748.7min finished
[Parallel(n_jobs=42)]: Using backend ThreadingBackend with 42 concurrent workers.
[Parallel(n_jobs=42)]: Done 100 out of 100 | elapsed:    1.8s finished
[Parallel(n_jobs=42)]: Done 116 tasks      | elapsed: 2114.9min
[Parallel(n_jobs=42)]: Done 100 out of 100 | elapsed: 1862.9min finished
[Parallel(n_jobs=42)]: Using backend ThreadingBackend with 42 concurrent workers.
[Parallel(n_jobs=42)]: Done 100 out of 100 | elapsed:    0.8s finished
[Parallel(n_jobs=42)]: Done 250 out of 250 | elapsed: 1949.3min finished
[Parallel(n_jobs=42)]: Using backend ThreadingBackend with 42 concurrent workers.
[Parallel(n_jobs=42)]: Done 116 tasks      | elapsed:    1.7s
[Parallel(n_jobs=42)]: Done 250 out of 250 | elapsed:    1.8s finished
[Parallel(n_jobs=42)]: Done 250 out of 250 | elapsed: 3513.5min finished
[Parallel(n_jobs=42)]: Using backend ThreadingBackend with 42 concurrent workers.
[Parallel(n_jobs=42)]: Done 116 tasks      | elapsed:    1.1s
[Parallel(n_jobs=42)]: Done 250 out of 250 | elapsed:    1.2s finished
[Parallel(n_jobs=42)]: Done 250 out of 250 | elapsed: 1905.1min finished
[Parallel(n_jobs=42)]: Using backend ThreadingBackend with 42 concurrent workers.
[Parallel(n_jobs=42)]: Done 116 tasks      | elapsed:    2.5s
[Parallel(n_jobs=42)]: Done 250 out of 250 | elapsed:    2.5s finished
[Parallel(n_jobs=42)]: Done 116 tasks      | elapsed: 2224.8min
[Parallel(n_jobs=42)]: Done 250 out of 250 | elapsed: 3542.6min finished
[Parallel(n_jobs=42)]: Using backend ThreadingBackend with 42 concurrent workers.
[Parallel(n_jobs=42)]: Done 116 tasks      | elapsed:    0.8s
[Parallel(n_jobs=42)]: Done 250 out of 250 | elapsed:    0.9s finished
[Parallel(n_jobs=42)]: Done 100 out of 100 | elapsed: 1915.7min finished
[Parallel(n_jobs=42)]: Using backend ThreadingBackend with 42 concurrent workers.
[Parallel(n_jobs=42)]: Done 100 out of 100 | elapsed:    0.7s finished
[Parallel(n_jobs=42)]: Done 250 out of 250 | elapsed: 1991.3min finished
[Parallel(n_jobs=42)]: Using backend ThreadingBackend with 42 concurrent workers.
[Parallel(n_jobs=42)]: Done 116 tasks      | elapsed:    1.4s
[Parallel(n_jobs=42)]: Done 250 out of 250 | elapsed:    1.5s finished
[Parallel(n_jobs=42)]: Done 116 tasks      | elapsed: 2243.7min
[Parallel(n_jobs=42)]: Done 116 tasks      | elapsed: 2277.0min
[Parallel(n_jobs=42)]: Done 100 out of 100 | elapsed: 1712.2min finished
[Parallel(n_jobs=42)]: Using backend ThreadingBackend with 42 concurrent workers.
[Parallel(n_jobs=42)]: Done 100 out of 100 | elapsed:    1.8s finished
[Parallel(n_jobs=42)]: Done 100 out of 100 | elapsed: 1780.0min finished
[Parallel(n_jobs=42)]: Using backend ThreadingBackend with 42 concurrent workers.
[Parallel(n_jobs=42)]: Done 100 out of 100 | elapsed:    0.8s finished
[Parallel(n_jobs=42)]: Done 250 out of 250 | elapsed: 3675.7min finished
[Parallel(n_jobs=42)]: Using backend ThreadingBackend with 42 concurrent workers.
[Parallel(n_jobs=42)]: Done 116 tasks      | elapsed:    1.1s
[Parallel(n_jobs=42)]: Done 250 out of 250 | elapsed:    1.2s finished
[Parallel(n_jobs=42)]: Done 250 out of 250 | elapsed: 3678.0min finished
[Parallel(n_jobs=42)]: Using backend ThreadingBackend with 42 concurrent workers.
[Parallel(n_jobs=42)]: Done 116 tasks      | elapsed:    0.9s
[Parallel(n_jobs=42)]: Done 250 out of 250 | elapsed:    1.0s finished
[Parallel(n_jobs=42)]: Done 250 out of 250 | elapsed: 2277.3min finished
[Parallel(n_jobs=42)]: Using backend ThreadingBackend with 42 concurrent workers.
[Parallel(n_jobs=42)]: Done 116 tasks      | elapsed:    1.6s
[Parallel(n_jobs=42)]: Done 250 out of 250 | elapsed:    1.6s finished
[Parallel(n_jobs=42)]: Done 250 out of 250 | elapsed: 3774.0min finished
[Parallel(n_jobs=42)]: Using backend ThreadingBackend with 42 concurrent workers.
[Parallel(n_jobs=42)]: Done 116 tasks      | elapsed:    1.0s
[Parallel(n_jobs=42)]: Done 250 out of 250 | elapsed:    1.1s finished
[Parallel(n_jobs=42)]: Done 250 out of 250 | elapsed: 2274.5min finished
[Parallel(n_jobs=42)]: Using backend ThreadingBackend with 42 concurrent workers.
[Parallel(n_jobs=42)]: Done 116 tasks      | elapsed:    0.7s
[Parallel(n_jobs=42)]: Done 250 out of 250 | elapsed:    0.7s finished
[Parallel(n_jobs=42)]: Done 250 out of 250 | elapsed: 2351.1min finished
[Parallel(n_jobs=42)]: Using backend ThreadingBackend with 42 concurrent workers.
[Parallel(n_jobs=42)]: Done 116 tasks      | elapsed:    1.3s
[Parallel(n_jobs=42)]: Done 250 out of 250 | elapsed:    1.3s finished
[Parallel(n_jobs=42)]: Done 250 out of 250 | elapsed: 2338.2min finished
[Parallel(n_jobs=42)]: Using backend ThreadingBackend with 42 concurrent workers.
[Parallel(n_jobs=42)]: Done 116 tasks      | elapsed:    0.9s
[Parallel(n_jobs=42)]: Done 250 out of 250 | elapsed:    0.9s finished
[Parallel(n_jobs=42)]: Done 250 out of 250 | elapsed: 2384.0min finished
[Parallel(n_jobs=42)]: Using backend ThreadingBackend with 42 concurrent workers.
[Parallel(n_jobs=42)]: Done 116 tasks      | elapsed:    0.8s
[Parallel(n_jobs=42)]: Done 250 out of 250 | elapsed:    0.8s finished
[Parallel(n_jobs=42)]: Done 116 tasks      | elapsed: 1577.9min
[Parallel(n_jobs=42)]: Done 116 tasks      | elapsed: 1727.0min
[Parallel(n_jobs=42)]: Done 116 tasks      | elapsed: 881.5min
[Parallel(n_jobs=42)]: Done 116 tasks      | elapsed: 1555.8min
[Parallel(n_jobs=42)]: Done 116 tasks      | elapsed: 890.9min
[Parallel(n_jobs=42)]: Done 116 tasks      | elapsed: 906.0min
[Parallel(n_jobs=42)]: Done 116 tasks      | elapsed: 911.6min
[Parallel(n_jobs=42)]: Done 116 tasks      | elapsed: 912.9min
[Parallel(n_jobs=42)]: Done 116 tasks      | elapsed: 1659.2min
[Parallel(n_jobs=42)]: Done 116 tasks      | elapsed: 1717.0min
[Parallel(n_jobs=42)]: Done 250 out of 250 | elapsed: 3085.7min finished
[Parallel(n_jobs=42)]: Using backend ThreadingBackend with 42 concurrent workers.
[Parallel(n_jobs=42)]: Done 116 tasks      | elapsed:    0.6s
[Parallel(n_jobs=42)]: Done 250 out of 250 | elapsed:    0.7s finished
[Parallel(n_jobs=42)]: Done 250 out of 250 | elapsed: 3103.6min finished
[Parallel(n_jobs=42)]: Using backend ThreadingBackend with 42 concurrent workers.
[Parallel(n_jobs=42)]: Done 116 tasks      | elapsed:    1.4s
[Parallel(n_jobs=42)]: Done 250 out of 250 | elapsed:    1.4s finished
[Parallel(n_jobs=42)]: Done 250 out of 250 | elapsed: 3208.0min finished
[Parallel(n_jobs=42)]: Using backend ThreadingBackend with 42 concurrent workers.
[Parallel(n_jobs=42)]: Done 116 tasks      | elapsed:    0.3s
[Parallel(n_jobs=42)]: Done 250 out of 250 | elapsed:    0.4s finished
[Parallel(n_jobs=42)]: Done 250 out of 250 | elapsed: 1435.1min finished
[Parallel(n_jobs=42)]: Using backend ThreadingBackend with 42 concurrent workers.
[Parallel(n_jobs=42)]: Done 116 tasks      | elapsed:    0.8s
[Parallel(n_jobs=42)]: Done 250 out of 250 | elapsed:    0.8s finished
[Parallel(n_jobs=42)]: Done 250 out of 250 | elapsed: 1438.9min finished
[Parallel(n_jobs=42)]: Using backend ThreadingBackend with 42 concurrent workers.
[Parallel(n_jobs=42)]: Done 116 tasks      | elapsed:    0.5s
[Parallel(n_jobs=42)]: Done 250 out of 250 | elapsed:    0.5s finished
[Parallel(n_jobs=42)]: Done 250 out of 250 | elapsed: 3215.9min finished
[Parallel(n_jobs=42)]: Using backend ThreadingBackend with 42 concurrent workers.
[Parallel(n_jobs=42)]: Done 116 tasks      | elapsed:    0.5s
[Parallel(n_jobs=42)]: Done 250 out of 250 | elapsed:    0.5s finished
[Parallel(n_jobs=42)]: Done 250 out of 250 | elapsed: 3203.7min finished
[Parallel(n_jobs=42)]: Using backend ThreadingBackend with 42 concurrent workers.
[Parallel(n_jobs=42)]: Done 116 tasks      | elapsed:    0.6s
[Parallel(n_jobs=42)]: Done 250 out of 250 | elapsed:    0.7s finished
[Parallel(n_jobs=42)]: Done 250 out of 250 | elapsed: 1450.0min finished
[Parallel(n_jobs=42)]: Using backend ThreadingBackend with 42 concurrent workers.
[Parallel(n_jobs=42)]: Done 116 tasks      | elapsed:    0.1s
[Parallel(n_jobs=42)]: Done 250 out of 250 | elapsed:    0.1s finished
[Parallel(n_jobs=42)]: Done 250 out of 250 | elapsed: 1451.0min finished
[Parallel(n_jobs=42)]: Using backend ThreadingBackend with 42 concurrent workers.
[Parallel(n_jobs=42)]: Done 116 tasks      | elapsed:    0.7s
[Parallel(n_jobs=42)]: Done 250 out of 250 | elapsed:    0.7s finished
[Parallel(n_jobs=42)]: Done 250 out of 250 | elapsed: 1452.3min finished
[Parallel(n_jobs=42)]: Using backend ThreadingBackend with 42 concurrent workers.
[Parallel(n_jobs=42)]: Done 116 tasks      | elapsed:    0.4s
[Parallel(n_jobs=42)]: Done 250 out of 250 | elapsed:    0.5s finished
[Parallel(n_jobs=42)]: Done 250 out of 250 | elapsed: 2220.7min finished
[Parallel(n_jobs=42)]: Using backend ThreadingBackend with 42 concurrent workers.
[Parallel(n_jobs=42)]: Done 116 tasks      | elapsed:    0.6s
[Parallel(n_jobs=42)]: Done 250 out of 250 | elapsed:    0.7s finished
[Parallel(n_jobs=42)]: Done 250 out of 250 | elapsed: 2157.2min finished
[Parallel(n_jobs=42)]: Using backend ThreadingBackend with 42 concurrent workers.
[Parallel(n_jobs=42)]: Done 116 tasks      | elapsed:    0.0s
[Parallel(n_jobs=42)]: Done 250 out of 250 | elapsed:    0.1s finished
[Parallel(n_jobs=42)]: Done 250 out of 250 | elapsed: 2341.0min finished
[Parallel(n_jobs=42)]: Using backend ThreadingBackend with 42 concurrent workers.
[Parallel(n_jobs=42)]: Done 116 tasks      | elapsed:    0.1s
[Parallel(n_jobs=42)]: Done 250 out of 250 | elapsed:    0.1s finished
[Parallel(n_jobs=42)]: Done 250 out of 250 | elapsed: 2287.9min finished
[Parallel(n_jobs=42)]: Using backend ThreadingBackend with 42 concurrent workers.
[Parallel(n_jobs=42)]: Done 116 tasks      | elapsed:    0.1s
[Parallel(n_jobs=42)]: Done 250 out of 250 | elapsed:    0.1s finished
[Parallel(n_jobs=42)]: Done 250 out of 250 | elapsed: 2231.4min finished
[Parallel(n_jobs=42)]: Using backend ThreadingBackend with 42 concurrent workers.
[Parallel(n_jobs=42)]: Done 116 tasks      | elapsed:    0.2s
[Parallel(n_jobs=42)]: Done 250 out of 250 | elapsed:    0.3s finished
[Parallel(n_jobs=42)]: Using backend ThreadingBackend with 42 concurrent workers.
[Parallel(n_jobs=42)]: Done 116 tasks      | elapsed:   10.2s
[Parallel(n_jobs=42)]: Done 250 out of 250 | elapsed:   18.4s finished
[Parallel(n_jobs=42)]: Using backend ThreadingBackend with 42 concurrent workers.
[Parallel(n_jobs=42)]: Done 116 tasks      | elapsed:    0.1s
[Parallel(n_jobs=42)]: Done 250 out of 250 | elapsed:    0.2s finished
[Parallel(n_jobs=42)]: Using backend ThreadingBackend with 42 concurrent workers.
[Parallel(n_jobs=42)]: Done 116 tasks      | elapsed:    0.1s
[Parallel(n_jobs=42)]: Done 250 out of 250 | elapsed:    0.1s finished
[Parallel(n_jobs=42)]: Using backend ThreadingBackend with 42 concurrent workers.
[Parallel(n_jobs=42)]: Done 116 tasks      | elapsed:    0.1s
[Parallel(n_jobs=42)]: Done 250 out of 250 | elapsed:    0.1s finished
[Parallel(n_jobs=42)]: Using backend ThreadingBackend with 42 concurrent workers.
[Parallel(n_jobs=42)]: Done 116 tasks      | elapsed:    0.1s
[Parallel(n_jobs=42)]: Done 250 out of 250 | elapsed:    0.1s finished
[Parallel(n_jobs=42)]: Using backend ThreadingBackend with 42 concurrent workers.
[Parallel(n_jobs=42)]: Done 116 tasks      | elapsed:    0.1s
[Parallel(n_jobs=42)]: Done 250 out of 250 | elapsed:    0.1s finished
[Parallel(n_jobs=42)]: Using backend ThreadingBackend with 42 concurrent workers.
[Parallel(n_jobs=42)]: Done 116 tasks      | elapsed:    0.1s
[Parallel(n_jobs=42)]: Done 250 out of 250 | elapsed:    0.1s finished
[Parallel(n_jobs=42)]: Using backend ThreadingBackend with 42 concurrent workers.
[Parallel(n_jobs=42)]: Done 116 tasks      | elapsed:    0.1s
[Parallel(n_jobs=42)]: Done 250 out of 250 | elapsed:    0.1s finished
