Loaded training file
Shape of training set after removing non-numeric cols
(34387, 1578)
(19184, 1578)
Shape of training set after removing cols with NaNs
(34387, 1565)
(19184, 1565)
Fitting 5 folds for each of 100 candidates, totalling 500 fits
[CV] END .........alpha=13, fit_intercept=True, max_iter=500; total time= 3.3min
[CV] END .........alpha=25, fit_intercept=True, max_iter=500; total time= 1.6min
[CV] END ........alpha=36, fit_intercept=False, max_iter=500; total time= 2.5min
[CV] END .......alpha=10, fit_intercept=False, max_iter=1000; total time= 2.9min
[CV] END ........alpha=71, fit_intercept=True, max_iter=1000; total time= 2.7min
[CV] END ........alpha=17, fit_intercept=False, max_iter=500; total time= 1.8min
[CV] END .........alpha=87, fit_intercept=True, max_iter=500; total time= 2.6min
[CV] END ........alpha=60, fit_intercept=False, max_iter=500; total time= 2.6min
[CV] END ........alpha=87, fit_intercept=True, max_iter=1000; total time= 3.0min
[CV] END ........alpha=10, fit_intercept=False, max_iter=500; total time= 2.8min
[CV] END ........alpha=59, fit_intercept=False, max_iter=500; total time= 3.0min
[CV] END ........alpha=48, fit_intercept=True, max_iter=1000; total time= 2.8min
[CV] END .......alpha=18, fit_intercept=False, max_iter=1000; total time= 3.8min
[CV] END .........alpha=10, fit_intercept=True, max_iter=500; total time= 1.7min
[CV] END ..........alpha=1, fit_intercept=True, max_iter=500; total time= 3.4min
[CV] END .......alpha=89, fit_intercept=False, max_iter=1000; total time= 2.3min
[CV] END .......alpha=22, fit_intercept=False, max_iter=1000; total time= 2.2min
[CV] END .......alpha=48, fit_intercept=False, max_iter=1000; total time= 2.4min
[CV] END .......alpha=51, fit_intercept=False, max_iter=1000; total time= 2.4min
[CV] END ..........alpha=2, fit_intercept=True, max_iter=500; total time= 2.8min
[CV] END ........alpha=18, fit_intercept=False, max_iter=500; total time= 2.7min
[CV] END .........alpha=34, fit_intercept=True, max_iter=500; total time= 2.2min
[CV] END ........alpha=59, fit_intercept=False, max_iter=500; total time= 2.9min
[CV] END ........alpha=48, fit_intercept=True, max_iter=1000; total time= 2.8min
[CV] END ........alpha=37, fit_intercept=True, max_iter=1000; total time= 3.5min
[CV] END .........alpha=25, fit_intercept=True, max_iter=500; total time=  56.8s
[CV] END ........alpha=78, fit_intercept=True, max_iter=1000; total time= 2.3min
[CV] END ........alpha=38, fit_intercept=True, max_iter=1000; total time= 2.7min
[CV] END .........alpha=4, fit_intercept=True, max_iter=1000; total time= 2.6min
[CV] END .........alpha=0, fit_intercept=True, max_iter=1000; total time=19.8min
[CV] END ..........alpha=5, fit_intercept=True, max_iter=500; total time= 1.2min
[CV] END ........alpha=43, fit_intercept=True, max_iter=1000; total time= 4.1min
[CV] END ........alpha=5, fit_intercept=False, max_iter=1000; total time=  39.1s
[CV] END .........alpha=67, fit_intercept=True, max_iter=500; total time= 1.4min
[CV] END .......alpha=10, fit_intercept=False, max_iter=1000; total time= 2.6min
[CV] END ........alpha=11, fit_intercept=True, max_iter=1000; total time= 2.5min
[CV] END ........alpha=14, fit_intercept=True, max_iter=1000; total time= 2.9min
[CV] END ........alpha=78, fit_intercept=False, max_iter=500; total time= 2.5min
[CV] END ........alpha=21, fit_intercept=True, max_iter=1000; total time= 2.8min
[CV] END ........alpha=97, fit_intercept=True, max_iter=1000; total time= 2.9min
[CV] END ........alpha=8, fit_intercept=False, max_iter=1000; total time= 2.6min
[CV] END ........alpha=59, fit_intercept=False, max_iter=500; total time= 2.8min
[CV] END .........alpha=39, fit_intercept=True, max_iter=500; total time= 2.9min
[CV] END ........alpha=32, fit_intercept=True, max_iter=1000; total time= 2.0min
[CV] END ........alpha=50, fit_intercept=False, max_iter=500; total time= 2.8min
[CV] END ........alpha=5, fit_intercept=False, max_iter=1000; total time= 2.8min
[CV] END ........alpha=69, fit_intercept=False, max_iter=500; total time= 2.4min
[CV] END ........alpha=96, fit_intercept=False, max_iter=500; total time= 2.7min
[CV] END ........alpha=17, fit_intercept=False, max_iter=500; total time= 1.8min
[CV] END .........alpha=87, fit_intercept=True, max_iter=500; total time= 1.8min
[CV] END .........alpha=17, fit_intercept=True, max_iter=500; total time= 2.2min
[CV] END .........alpha=97, fit_intercept=True, max_iter=500; total time= 3.2min
[CV] END ..........alpha=9, fit_intercept=True, max_iter=500; total time= 2.4min
[CV] END ........alpha=95, fit_intercept=True, max_iter=1000; total time= 3.0min
[CV] END ........alpha=42, fit_intercept=True, max_iter=1000; total time= 2.4min
[CV] END ........alpha=76, fit_intercept=False, max_iter=500; total time= 2.1min
[CV] END .........alpha=13, fit_intercept=True, max_iter=500; total time= 4.8min
[CV] END .........alpha=43, fit_intercept=True, max_iter=500; total time= 1.6min
[CV] END .......alpha=71, fit_intercept=False, max_iter=1000; total time= 1.9min
[CV] END ........alpha=51, fit_intercept=False, max_iter=500; total time= 1.8min
[CV] END ........alpha=96, fit_intercept=False, max_iter=500; total time= 3.0min
[CV] END ........alpha=42, fit_intercept=False, max_iter=500; total time= 2.7min
[CV] END .........alpha=19, fit_intercept=True, max_iter=500; total time= 3.1min
[CV] END ........alpha=73, fit_intercept=False, max_iter=500; total time= 2.5min
[CV] END .......alpha=97, fit_intercept=False, max_iter=1000; total time= 2.8min
[CV] END ........alpha=95, fit_intercept=True, max_iter=1000; total time= 2.9min
[CV] END ........alpha=42, fit_intercept=True, max_iter=1000; total time= 2.8min
[CV] END ........alpha=87, fit_intercept=False, max_iter=500; total time= 1.8min
[CV] END ..........alpha=5, fit_intercept=True, max_iter=500; total time= 2.0min
[CV] END ........alpha=50, fit_intercept=False, max_iter=500; total time= 3.1min
[CV] END .........alpha=88, fit_intercept=True, max_iter=500; total time= 2.8min
[CV] END ........alpha=62, fit_intercept=False, max_iter=500; total time= 1.7min
[CV] END .........alpha=33, fit_intercept=True, max_iter=500; total time= 1.8min
[CV] END ........alpha=47, fit_intercept=False, max_iter=500; total time= 1.8min
[CV] END ........alpha=90, fit_intercept=False, max_iter=500; total time= 2.8min
[CV] END .........alpha=17, fit_intercept=True, max_iter=500; total time= 2.6min
[CV] END ........alpha=73, fit_intercept=False, max_iter=500; total time= 3.1min
[CV] END .........alpha=91, fit_intercept=True, max_iter=500; total time= 2.2min
[CV] END .........alpha=8, fit_intercept=True, max_iter=1000; total time= 3.2min
[CV] END ........alpha=42, fit_intercept=True, max_iter=1000; total time= 2.8min
[CV] END ........alpha=87, fit_intercept=False, max_iter=500; total time= 1.7min
[CV] END .........alpha=99, fit_intercept=True, max_iter=500; total time= 3.2min
[CV] END ........alpha=80, fit_intercept=True, max_iter=1000; total time= 1.8min
[CV] END .........alpha=43, fit_intercept=True, max_iter=500; total time= 1.9min
[CV] END .......alpha=71, fit_intercept=False, max_iter=1000; total time= 1.5min
[CV] END ........alpha=62, fit_intercept=False, max_iter=500; total time= 1.0min
[CV] END ........alpha=82, fit_intercept=False, max_iter=500; total time= 2.6min
[CV] END ........alpha=97, fit_intercept=False, max_iter=500; total time= 3.0min
[CV] END .........alpha=87, fit_intercept=True, max_iter=500; total time= 3.0min
[CV] END .........alpha=3, fit_intercept=False, max_iter=500; total time= 3.0min
[CV] END ........alpha=37, fit_intercept=False, max_iter=500; total time= 2.8min
[CV] END .........alpha=34, fit_intercept=True, max_iter=500; total time= 2.8min
[CV] END ........alpha=46, fit_intercept=True, max_iter=1000; total time= 2.6min
[CV] END .........alpha=92, fit_intercept=True, max_iter=500; total time= 2.7min
[CV] END .........alpha=9, fit_intercept=True, max_iter=1000; total time= 3.2min
[CV] END ........alpha=29, fit_intercept=True, max_iter=1000; total time= 3.3min
[CV] END .......alpha=71, fit_intercept=False, max_iter=1000; total time= 2.1min
[CV] END .......alpha=89, fit_intercept=False, max_iter=1000; total time= 1.8min
[CV] END .......alpha=88, fit_intercept=False, max_iter=1000; total time= 2.7min
[CV] END ........alpha=42, fit_intercept=False, max_iter=500; total time= 2.9min
[CV] END .........alpha=19, fit_intercept=True, max_iter=500; total time= 2.8min
[CV] END ........alpha=73, fit_intercept=False, max_iter=500; total time= 2.8min
[CV] END .......alpha=97, fit_intercept=False, max_iter=1000; total time= 3.0min
[CV] END ........alpha=95, fit_intercept=True, max_iter=1000; total time= 2.0min
[CV] END .........alpha=89, fit_intercept=True, max_iter=500; total time= 2.6min
[CV] END .........alpha=92, fit_intercept=True, max_iter=500; total time= 2.7min
[CV] END .........alpha=9, fit_intercept=True, max_iter=1000; total time= 4.3min
[CV] END ........alpha=78, fit_intercept=True, max_iter=1000; total time= 1.2min
[CV] END ..........alpha=1, fit_intercept=True, max_iter=500; total time=  15.1s
[CV] END ..........alpha=1, fit_intercept=True, max_iter=500; total time= 2.7min
[CV] END ........alpha=51, fit_intercept=False, max_iter=500; total time= 2.6min
[CV] END .......alpha=22, fit_intercept=False, max_iter=1000; total time= 2.3min
[CV] END .......alpha=48, fit_intercept=False, max_iter=1000; total time= 1.5min
[CV] END .........alpha=87, fit_intercept=True, max_iter=500; total time= 2.5min
[CV] END ........alpha=21, fit_intercept=True, max_iter=1000; total time= 3.0min
[CV] END ........alpha=97, fit_intercept=True, max_iter=1000; total time= 3.1min
[CV] END ........alpha=8, fit_intercept=False, max_iter=1000; total time= 2.7min
[CV] END .........alpha=89, fit_intercept=True, max_iter=500; total time= 1.1min
[CV] END ........alpha=16, fit_intercept=False, max_iter=500; total time= 1.9min
[CV] END .........alpha=92, fit_intercept=True, max_iter=500; total time= 2.8min
[CV] END ........alpha=37, fit_intercept=True, max_iter=1000; total time= 2.8min
[CV] END ........alpha=99, fit_intercept=False, max_iter=500; total time= 2.9min
[CV] END .........alpha=67, fit_intercept=True, max_iter=500; total time= 3.2min
[CV] END ........alpha=82, fit_intercept=False, max_iter=500; total time= 2.5min
[CV] END ........alpha=47, fit_intercept=False, max_iter=500; total time= 1.8min
[CV] END ........alpha=90, fit_intercept=False, max_iter=500; total time= 2.7min
[CV] END ........alpha=57, fit_intercept=False, max_iter=500; total time= 2.0min
[CV] END .........alpha=3, fit_intercept=False, max_iter=500; total time= 2.5min
[CV] END ........alpha=18, fit_intercept=False, max_iter=500; total time= 2.9min
[CV] END .........alpha=34, fit_intercept=True, max_iter=500; total time= 3.0min
[CV] END ........alpha=46, fit_intercept=True, max_iter=1000; total time= 2.4min
[CV] END .........alpha=39, fit_intercept=True, max_iter=500; total time= 3.0min
[CV] END .......alpha=18, fit_intercept=False, max_iter=1000; total time= 3.6min
[CV] END .........alpha=25, fit_intercept=True, max_iter=500; total time= 3.3min
[CV] END ........alpha=38, fit_intercept=True, max_iter=1000; total time= 3.1min
[CV] END .........alpha=33, fit_intercept=True, max_iter=500; total time= 2.8min
[CV] END ........alpha=17, fit_intercept=False, max_iter=500; total time= 2.7min
[CV] END ........alpha=78, fit_intercept=False, max_iter=500; total time= 1.1min
[CV] END .........alpha=17, fit_intercept=True, max_iter=500; total time= 2.1min
[CV] END .........alpha=97, fit_intercept=True, max_iter=500; total time= 3.2min
[CV] END ..........alpha=9, fit_intercept=True, max_iter=500; total time= 2.4min
[CV] END .........alpha=8, fit_intercept=True, max_iter=1000; total time= 2.2min
[CV] END .........alpha=89, fit_intercept=True, max_iter=500; total time= 2.6min
[CV] END .........alpha=39, fit_intercept=True, max_iter=500; total time= 3.1min
[CV] END ........alpha=32, fit_intercept=True, max_iter=1000; total time= 2.8min
[CV] END ........alpha=80, fit_intercept=True, max_iter=1000; total time= 2.2min
[CV] END .........alpha=88, fit_intercept=True, max_iter=500; total time= 1.5min
[CV] END ........alpha=38, fit_intercept=True, max_iter=1000; total time= 3.1min
[CV] END .........alpha=33, fit_intercept=True, max_iter=500; total time= 2.0min
[CV] END ........alpha=97, fit_intercept=False, max_iter=500; total time= 2.6min
[CV] END .......alpha=94, fit_intercept=False, max_iter=1000; total time= 2.9min
[CV] END ........alpha=21, fit_intercept=True, max_iter=1000; total time= 3.1min
[CV] END ........alpha=97, fit_intercept=True, max_iter=1000; total time= 2.3min
[CV] END ........alpha=10, fit_intercept=False, max_iter=500; total time= 1.8min
[CV] END ........alpha=95, fit_intercept=True, max_iter=1000; total time= 2.7min
[CV] END ........alpha=42, fit_intercept=True, max_iter=1000; total time= 2.6min
[CV] END ........alpha=87, fit_intercept=False, max_iter=500; total time= 2.0min
[CV] END .........alpha=99, fit_intercept=True, max_iter=500; total time= 4.0min
[CV] END .........alpha=10, fit_intercept=True, max_iter=500; total time= 2.9min
[CV] END .......alpha=71, fit_intercept=False, max_iter=1000; total time= 2.9min
[CV] END ........alpha=11, fit_intercept=True, max_iter=1000; total time= 2.4min
[CV] END ........alpha=97, fit_intercept=False, max_iter=500; total time= 3.1min
[CV] END ........alpha=78, fit_intercept=False, max_iter=500; total time= 2.8min
[CV] END .........alpha=3, fit_intercept=False, max_iter=500; total time= 2.7min
[CV] END ........alpha=18, fit_intercept=False, max_iter=500; total time= 1.8min
[CV] END .........alpha=55, fit_intercept=True, max_iter=500; total time= 3.0min
[CV] END .........alpha=11, fit_intercept=True, max_iter=500; total time= 2.5min
[CV] END .........alpha=28, fit_intercept=True, max_iter=500; total time=  45.8s
[CV] END .........alpha=28, fit_intercept=True, max_iter=500; total time=  26.6s
[CV] END .........alpha=92, fit_intercept=True, max_iter=500; total time= 2.9min
[CV] END ........alpha=32, fit_intercept=True, max_iter=1000; total time= 3.2min
[CV] END ........alpha=99, fit_intercept=False, max_iter=500; total time= 3.1min
[CV] END .........alpha=84, fit_intercept=True, max_iter=500; total time= 3.2min
[CV] END .........alpha=4, fit_intercept=True, max_iter=1000; total time= 2.8min
[CV] END .........alpha=0, fit_intercept=True, max_iter=1000; total time=20.1min
[CV] END ........alpha=37, fit_intercept=True, max_iter=1000; total time= 3.2min
[CV] END ........alpha=29, fit_intercept=True, max_iter=1000; total time= 3.1min
[CV] END .........alpha=84, fit_intercept=True, max_iter=500; total time=  56.4s
[CV] END ........alpha=33, fit_intercept=False, max_iter=500; total time= 2.6min
[CV] END ........alpha=11, fit_intercept=True, max_iter=1000; total time= 2.3min
[CV] END ........alpha=97, fit_intercept=False, max_iter=500; total time= 2.8min
[CV] END .........alpha=87, fit_intercept=True, max_iter=500; total time= 2.9min
[CV] END ........alpha=21, fit_intercept=True, max_iter=1000; total time= 2.7min
[CV] END ........alpha=97, fit_intercept=True, max_iter=1000; total time= 2.7min
[CV] END ........alpha=10, fit_intercept=False, max_iter=500; total time= 2.5min
[CV] END .......alpha=17, fit_intercept=False, max_iter=1000; total time= 1.6min
[CV] END ........alpha=16, fit_intercept=False, max_iter=500; total time= 2.3min
[CV] END ........alpha=76, fit_intercept=False, max_iter=500; total time= 2.6min
[CV] END .......alpha=18, fit_intercept=False, max_iter=1000; total time= 2.8min
[CV] END ........alpha=99, fit_intercept=False, max_iter=500; total time= 2.6min
[CV] END ..........alpha=1, fit_intercept=True, max_iter=500; total time= 3.4min
[CV] END ........alpha=82, fit_intercept=False, max_iter=500; total time= 2.4min
[CV] END .........alpha=62, fit_intercept=True, max_iter=500; total time= 1.9min
[CV] END .......alpha=48, fit_intercept=False, max_iter=1000; total time= 2.7min
[CV] END ........alpha=57, fit_intercept=False, max_iter=500; total time= 2.5min
[CV] END .........alpha=97, fit_intercept=True, max_iter=500; total time= 2.4min
[CV] END ........alpha=18, fit_intercept=False, max_iter=500; total time= 2.8min
[CV] END .........alpha=34, fit_intercept=True, max_iter=500; total time= 3.1min
[CV] END ........alpha=16, fit_intercept=False, max_iter=500; total time= 2.5min
[CV] END ........alpha=76, fit_intercept=False, max_iter=500; total time= 2.8min
[CV] END .........alpha=9, fit_intercept=True, max_iter=1000; total time= 4.3min
[CV] END ........alpha=78, fit_intercept=True, max_iter=1000; total time= 2.9min
[CV] END .......alpha=10, fit_intercept=False, max_iter=1000; total time= 3.2min
[CV] END .......alpha=88, fit_intercept=False, max_iter=1000; total time= 2.6min
[CV] END ........alpha=42, fit_intercept=False, max_iter=500; total time= 2.7min
[CV] END .......alpha=51, fit_intercept=False, max_iter=1000; total time= 2.8min
[CV] END .........alpha=97, fit_intercept=True, max_iter=500; total time= 1.7min
[CV] END ........alpha=87, fit_intercept=True, max_iter=1000; total time= 2.0min
[CV] END .........alpha=91, fit_intercept=True, max_iter=500; total time= 1.4min
[CV] END .........alpha=8, fit_intercept=True, max_iter=1000; total time= 3.1min
[CV] END ........alpha=16, fit_intercept=False, max_iter=500; total time= 2.8min
[CV] END ........alpha=76, fit_intercept=False, max_iter=500; total time= 2.6min
[CV] END .........alpha=13, fit_intercept=True, max_iter=500; total time= 3.9min
[CV] END .........alpha=10, fit_intercept=True, max_iter=500; total time= 1.0min
[CV] END ........alpha=36, fit_intercept=False, max_iter=500; total time= 2.3min
[CV] END ........alpha=33, fit_intercept=False, max_iter=500; total time= 3.1min
[CV] END ........alpha=71, fit_intercept=True, max_iter=1000; total time= 2.4min
[CV] END ........alpha=14, fit_intercept=True, max_iter=1000; total time= 2.4min
[CV] END ........alpha=78, fit_intercept=False, max_iter=500; total time= 2.3min
[CV] END ........alpha=60, fit_intercept=False, max_iter=500; total time= 2.6min
[CV] END .......alpha=27, fit_intercept=False, max_iter=1000; total time= 3.0min
[CV] END .......alpha=59, fit_intercept=False, max_iter=1000; total time= 2.9min
[CV] END .......alpha=17, fit_intercept=False, max_iter=1000; total time= 2.5min
[CV] END .........alpha=28, fit_intercept=True, max_iter=500; total time= 2.5min
[CV] END ........alpha=86, fit_intercept=False, max_iter=500; total time= 1.7min
[CV] END .........alpha=13, fit_intercept=True, max_iter=500; total time= 4.7min
[CV] END .........alpha=43, fit_intercept=True, max_iter=500; total time= 3.1min
[CV] END ........alpha=69, fit_intercept=False, max_iter=500; total time= 2.3min
[CV] END ........alpha=71, fit_intercept=True, max_iter=1000; total time= 3.2min
[CV] END .......alpha=48, fit_intercept=False, max_iter=1000; total time= 2.7min
[CV] END ........alpha=57, fit_intercept=False, max_iter=500; total time= 2.9min
[CV] END ........alpha=73, fit_intercept=False, max_iter=500; total time= 2.7min
[CV] END ..........alpha=9, fit_intercept=True, max_iter=500; total time= 1.7min
[CV] END ........alpha=8, fit_intercept=False, max_iter=1000; total time= 2.6min
[CV] END ........alpha=59, fit_intercept=False, max_iter=500; total time= 2.8min
[CV] END ........alpha=48, fit_intercept=True, max_iter=1000; total time= 1.6min
[CV] END .......alpha=99, fit_intercept=False, max_iter=1000; total time= 2.0min
[CV] END ........alpha=43, fit_intercept=True, max_iter=1000; total time= 5.0min
[CV] END .........alpha=88, fit_intercept=True, max_iter=500; total time= 2.9min
[CV] END ........alpha=62, fit_intercept=False, max_iter=500; total time= 3.1min
[CV] END .........alpha=62, fit_intercept=True, max_iter=500; total time= 2.7min
[CV] END .......alpha=94, fit_intercept=False, max_iter=1000; total time= 3.0min
[CV] END ........alpha=60, fit_intercept=False, max_iter=500; total time= 2.7min
[CV] END .......alpha=76, fit_intercept=False, max_iter=1000; total time= 2.7min
[CV] END .........alpha=91, fit_intercept=True, max_iter=500; total time= 3.2min
[CV] END .......alpha=17, fit_intercept=False, max_iter=1000; total time= 2.5min
[CV] END .........alpha=28, fit_intercept=True, max_iter=500; total time= 2.8min
[CV] END .........alpha=40, fit_intercept=True, max_iter=500; total time= 1.6min
[CV] END .......alpha=18, fit_intercept=False, max_iter=1000; total time= 2.8min
[CV] END ........alpha=80, fit_intercept=True, max_iter=1000; total time= 2.3min
[CV] END .........alpha=88, fit_intercept=True, max_iter=500; total time= 2.2min
[CV] END ........alpha=69, fit_intercept=False, max_iter=500; total time= 3.2min
[CV] END .......alpha=88, fit_intercept=False, max_iter=1000; total time= 3.1min
[CV] END ........alpha=65, fit_intercept=True, max_iter=1000; total time= 3.2min
[CV] END ........alpha=92, fit_intercept=False, max_iter=500; total time= 2.9min
[CV] END .......alpha=27, fit_intercept=False, max_iter=1000; total time= 2.5min
[CV] END .........alpha=91, fit_intercept=True, max_iter=500; total time= 3.0min
[CV] END .........alpha=61, fit_intercept=True, max_iter=500; total time= 2.2min
[CV] END ........alpha=42, fit_intercept=True, max_iter=1000; total time= 2.9min
[CV] END .......alpha=99, fit_intercept=False, max_iter=1000; total time= 2.4min
[CV] END ........alpha=37, fit_intercept=True, max_iter=1000; total time= 3.3min
[CV] END ........alpha=29, fit_intercept=True, max_iter=1000; total time= 3.2min
[CV] END .........alpha=84, fit_intercept=True, max_iter=500; total time= 2.8min
[CV] END .........alpha=4, fit_intercept=True, max_iter=1000; total time= 2.3min
[CV] END ........alpha=47, fit_intercept=False, max_iter=500; total time= 2.3min
[CV] END ........alpha=65, fit_intercept=True, max_iter=1000; total time= 2.7min
[CV] END ........alpha=92, fit_intercept=False, max_iter=500; total time= 2.8min
[CV] END .......alpha=76, fit_intercept=False, max_iter=1000; total time= 2.7min
[CV] END .........alpha=91, fit_intercept=True, max_iter=500; total time= 2.8min
[CV] END .........alpha=61, fit_intercept=True, max_iter=500; total time= 2.5min
[CV] END .......alpha=12, fit_intercept=False, max_iter=1000; total time= 2.6min
[CV] END ........alpha=87, fit_intercept=False, max_iter=500; total time= 2.7min
[CV] END ..........alpha=5, fit_intercept=True, max_iter=500; total time= 3.9min
[CV] END .........alpha=10, fit_intercept=True, max_iter=500; total time= 1.3min
[CV] END ........alpha=5, fit_intercept=False, max_iter=1000; total time= 2.9min
[CV] END ........alpha=62, fit_intercept=False, max_iter=500; total time= 1.9min
[CV] END .........alpha=33, fit_intercept=True, max_iter=500; total time= 1.7min
[CV] END ........alpha=47, fit_intercept=False, max_iter=500; total time= 2.4min
[CV] END .......alpha=94, fit_intercept=False, max_iter=1000; total time= 2.1min
[CV] END ........alpha=57, fit_intercept=False, max_iter=500; total time= 2.2min
[CV] END ..........alpha=2, fit_intercept=True, max_iter=500; total time= 2.9min
[CV] END .......alpha=97, fit_intercept=False, max_iter=1000; total time= 2.0min
[CV] END ........alpha=8, fit_intercept=False, max_iter=1000; total time= 3.0min
[CV] END .........alpha=89, fit_intercept=True, max_iter=500; total time= 1.4min
[CV] END .......alpha=12, fit_intercept=False, max_iter=1000; total time= 2.9min
[CV] END .......alpha=99, fit_intercept=False, max_iter=1000; total time= 2.5min
[CV] END ........alpha=37, fit_intercept=True, max_iter=1000; total time= 4.0min
[CV] END .......alpha=39, fit_intercept=False, max_iter=1000; total time= 3.4min
[CV] END .......alpha=10, fit_intercept=False, max_iter=1000; total time= 1.9min
[CV] END ........alpha=82, fit_intercept=False, max_iter=500; total time= 2.3min
[CV] END .........alpha=62, fit_intercept=True, max_iter=500; total time= 2.3min
[CV] END ........alpha=65, fit_intercept=True, max_iter=1000; total time= 3.2min
[CV] END ........alpha=60, fit_intercept=False, max_iter=500; total time= 2.2min
[CV] END .......alpha=76, fit_intercept=False, max_iter=1000; total time= 2.1min
[CV] END .......alpha=97, fit_intercept=False, max_iter=1000; total time= 2.4min
[CV] END .........alpha=34, fit_intercept=True, max_iter=500; total time= 3.2min
[CV] END ........alpha=46, fit_intercept=True, max_iter=1000; total time= 2.2min
[CV] END .........alpha=39, fit_intercept=True, max_iter=500; total time= 1.7min
[CV] END ........alpha=86, fit_intercept=False, max_iter=500; total time= 2.2min
[CV] END .........alpha=13, fit_intercept=True, max_iter=500; total time= 2.9min
[CV] END ........alpha=99, fit_intercept=False, max_iter=500; total time= 3.2min
[CV] END .........alpha=84, fit_intercept=True, max_iter=500; total time= 2.2min
[CV] END ........alpha=51, fit_intercept=False, max_iter=500; total time= 2.4min
[CV] END .......alpha=22, fit_intercept=False, max_iter=1000; total time= 2.6min
[CV] END .......alpha=48, fit_intercept=False, max_iter=1000; total time= 2.5min
[CV] END .........alpha=19, fit_intercept=True, max_iter=500; total time= 3.0min
[CV] END ........alpha=73, fit_intercept=False, max_iter=500; total time= 2.0min
[CV] END ........alpha=18, fit_intercept=False, max_iter=500; total time= 2.1min
[CV] END ........alpha=10, fit_intercept=False, max_iter=500; total time= 2.7min
[CV] END .......alpha=17, fit_intercept=False, max_iter=1000; total time= 2.9min
[CV] END .........alpha=28, fit_intercept=True, max_iter=500; total time= 2.6min
[CV] END .........alpha=31, fit_intercept=True, max_iter=500; total time= 1.7min
[CV] END .......alpha=18, fit_intercept=False, max_iter=1000; total time= 3.3min
[CV] END ........alpha=29, fit_intercept=True, max_iter=1000; total time= 2.1min
[CV] END ........alpha=5, fit_intercept=False, max_iter=1000; total time= 3.0min
[CV] END ........alpha=51, fit_intercept=False, max_iter=500; total time=  57.6s
[CV] END ........alpha=82, fit_intercept=False, max_iter=500; total time= 2.5min
[CV] END ........alpha=47, fit_intercept=False, max_iter=500; total time= 2.4min
[CV] END .......alpha=94, fit_intercept=False, max_iter=1000; total time= 2.6min
[CV] END ........alpha=92, fit_intercept=False, max_iter=500; total time= 2.4min
[CV] END .......alpha=76, fit_intercept=False, max_iter=1000; total time= 2.8min
[CV] END ..........alpha=9, fit_intercept=True, max_iter=500; total time= 3.3min
[CV] END .........alpha=61, fit_intercept=True, max_iter=500; total time= 2.7min
[CV] END ........alpha=41, fit_intercept=True, max_iter=1000; total time= 3.1min
[CV] END .........alpha=40, fit_intercept=True, max_iter=500; total time= 2.0min
[CV] END ........alpha=32, fit_intercept=True, max_iter=1000; total time= 4.2min
[CV] END .......alpha=39, fit_intercept=False, max_iter=1000; total time= 1.7min
[CV] END .........alpha=67, fit_intercept=True, max_iter=500; total time= 3.1min
[CV] END .......alpha=89, fit_intercept=False, max_iter=1000; total time= 1.7min
[CV] END .......alpha=88, fit_intercept=False, max_iter=1000; total time= 2.7min
[CV] END ........alpha=42, fit_intercept=False, max_iter=500; total time= 2.5min
[CV] END .........alpha=19, fit_intercept=True, max_iter=500; total time= 2.0min
[CV] END .........alpha=3, fit_intercept=False, max_iter=500; total time= 2.2min
[CV] END ........alpha=87, fit_intercept=True, max_iter=1000; total time= 2.8min
[CV] END .......alpha=59, fit_intercept=False, max_iter=1000; total time= 2.6min
[CV] END .......alpha=17, fit_intercept=False, max_iter=1000; total time= 2.3min
[CV] END .......alpha=12, fit_intercept=False, max_iter=1000; total time= 2.6min
[CV] END .......alpha=99, fit_intercept=False, max_iter=1000; total time= 2.6min
[CV] END ........alpha=43, fit_intercept=True, max_iter=1000; total time= 4.6min
[CV] END ........alpha=36, fit_intercept=False, max_iter=500; total time= 2.3min
[CV] END ........alpha=33, fit_intercept=False, max_iter=500; total time= 2.9min
[CV] END ........alpha=96, fit_intercept=False, max_iter=500; total time= 1.2min
[CV] END .........alpha=62, fit_intercept=True, max_iter=500; total time= 2.0min
[CV] END ........alpha=42, fit_intercept=False, max_iter=500; total time= 2.7min
[CV] END .........alpha=19, fit_intercept=True, max_iter=500; total time= 2.8min
[CV] END .........alpha=97, fit_intercept=True, max_iter=500; total time= 2.4min
[CV] END ........alpha=37, fit_intercept=False, max_iter=500; total time= 3.1min
[CV] END .........alpha=8, fit_intercept=True, max_iter=1000; total time= 2.4min
[CV] END ........alpha=46, fit_intercept=True, max_iter=1000; total time= 2.2min
[CV] END ........alpha=48, fit_intercept=True, max_iter=1000; total time= 1.8min
[CV] END ........alpha=86, fit_intercept=False, max_iter=500; total time= 2.5min
[CV] END ........alpha=32, fit_intercept=True, max_iter=1000; total time= 4.5min
[CV] END .........alpha=43, fit_intercept=True, max_iter=500; total time= 2.1min
[CV] END ........alpha=38, fit_intercept=True, max_iter=1000; total time= 3.3min
[CV] END ........alpha=71, fit_intercept=True, max_iter=1000; total time= 2.2min
[CV] END ........alpha=14, fit_intercept=True, max_iter=1000; total time= 1.3min
[CV] END ........alpha=90, fit_intercept=False, max_iter=500; total time= 2.9min
[CV] END ........alpha=92, fit_intercept=False, max_iter=500; total time= 3.2min
[CV] END .......alpha=27, fit_intercept=False, max_iter=1000; total time= 2.7min
[CV] END .........alpha=55, fit_intercept=True, max_iter=500; total time= 2.9min
[CV] END .........alpha=11, fit_intercept=True, max_iter=500; total time= 2.3min
[CV] END .......alpha=12, fit_intercept=False, max_iter=1000; total time= 2.9min
[CV] END ........alpha=86, fit_intercept=False, max_iter=500; total time= 2.6min
[CV] END .........alpha=99, fit_intercept=True, max_iter=500; total time= 2.7min
[CV] END ........alpha=99, fit_intercept=False, max_iter=500; total time= 3.0min
[CV] END .........alpha=67, fit_intercept=True, max_iter=500; total time= 2.9min
[CV] END .......alpha=89, fit_intercept=False, max_iter=1000; total time= 1.9min
[CV] END .......alpha=22, fit_intercept=False, max_iter=1000; total time= 2.5min
[CV] END ........alpha=90, fit_intercept=False, max_iter=500; total time= 2.9min
[CV] END .........alpha=17, fit_intercept=True, max_iter=500; total time= 3.1min
[CV] END .......alpha=76, fit_intercept=False, max_iter=1000; total time= 2.3min
[CV] END ..........alpha=9, fit_intercept=True, max_iter=500; total time= 3.2min
[CV] END ........alpha=95, fit_intercept=True, max_iter=1000; total time= 2.8min
[CV] END .......alpha=12, fit_intercept=False, max_iter=1000; total time= 2.7min
[CV] END .......alpha=99, fit_intercept=False, max_iter=1000; total time= 2.7min
[CV] END .........alpha=9, fit_intercept=True, max_iter=1000; total time= 2.8min
[CV] END ........alpha=80, fit_intercept=True, max_iter=1000; total time= 1.9min
[CV] END ........alpha=36, fit_intercept=False, max_iter=500; total time= 2.3min
[CV] END .......alpha=10, fit_intercept=False, max_iter=1000; total time= 2.9min
[CV] END ........alpha=96, fit_intercept=False, max_iter=500; total time= 2.5min
[CV] END ........alpha=14, fit_intercept=True, max_iter=1000; total time= 2.8min
[CV] END .......alpha=51, fit_intercept=False, max_iter=1000; total time=  37.7s
[CV] END ........alpha=57, fit_intercept=False, max_iter=500; total time= 2.5min
[CV] END ..........alpha=2, fit_intercept=True, max_iter=500; total time= 2.5min
[CV] END ........alpha=37, fit_intercept=False, max_iter=500; total time= 3.1min
[CV] END .........alpha=8, fit_intercept=True, max_iter=1000; total time= 2.9min
[CV] END ........alpha=16, fit_intercept=False, max_iter=500; total time= 2.7min
[CV] END ........alpha=76, fit_intercept=False, max_iter=500; total time= 1.3min
[CV] END .........alpha=31, fit_intercept=True, max_iter=500; total time= 2.1min
[CV] END ........alpha=94, fit_intercept=False, max_iter=500; total time= 4.1min
[CV] END .......alpha=39, fit_intercept=False, max_iter=1000; total time= 1.5min
[CV] END ..........alpha=1, fit_intercept=True, max_iter=500; total time= 3.1min
[CV] END .......alpha=89, fit_intercept=False, max_iter=1000; total time= 2.2min
[CV] END .......alpha=88, fit_intercept=False, max_iter=1000; total time= 2.8min
[CV] END ........alpha=90, fit_intercept=False, max_iter=500; total time= 2.8min
[CV] END .........alpha=17, fit_intercept=True, max_iter=500; total time= 3.4min
[CV] END ........alpha=87, fit_intercept=True, max_iter=1000; total time= 2.5min
[CV] END .........alpha=55, fit_intercept=True, max_iter=500; total time= 2.9min
[CV] END .........alpha=11, fit_intercept=True, max_iter=500; total time= 2.5min
[CV] END ........alpha=41, fit_intercept=True, max_iter=1000; total time= 2.3min
[CV] END ........alpha=87, fit_intercept=False, max_iter=500; total time= 1.3min
[CV] END .........alpha=31, fit_intercept=True, max_iter=500; total time= 1.8min
[CV] END ........alpha=94, fit_intercept=False, max_iter=500; total time= 2.2min
[CV] END ........alpha=43, fit_intercept=True, max_iter=1000; total time= 1.4min
[CV] END .........alpha=25, fit_intercept=True, max_iter=500; total time= 1.4min
[CV] END .........alpha=43, fit_intercept=True, max_iter=500; total time= 2.5min
[CV] END ........alpha=33, fit_intercept=False, max_iter=500; total time= 2.7min
[CV] END .........alpha=33, fit_intercept=True, max_iter=500; total time= 3.1min
[CV] END ........alpha=17, fit_intercept=False, max_iter=500; total time= 2.7min
[CV] END .......alpha=51, fit_intercept=False, max_iter=1000; total time= 2.8min
[CV] END ..........alpha=2, fit_intercept=True, max_iter=500; total time= 2.6min
[CV] END ........alpha=37, fit_intercept=False, max_iter=500; total time= 1.4min
[CV] END .........alpha=55, fit_intercept=True, max_iter=500; total time= 1.0min
[CV] END ........alpha=8, fit_intercept=False, max_iter=1000; total time= 2.9min
[CV] END .........alpha=89, fit_intercept=True, max_iter=500; total time= 2.6min
[CV] END .........alpha=39, fit_intercept=True, max_iter=500; total time= 1.8min
[CV] END .........alpha=40, fit_intercept=True, max_iter=500; total time= 2.7min
[CV] END ..........alpha=5, fit_intercept=True, max_iter=500; total time= 3.1min
[CV] END ........alpha=29, fit_intercept=True, max_iter=1000; total time= 3.1min
[CV] END .........alpha=84, fit_intercept=True, max_iter=500; total time= 2.1min
[CV] END ........alpha=51, fit_intercept=False, max_iter=500; total time= 2.7min
[CV] END .........alpha=62, fit_intercept=True, max_iter=500; total time= 2.5min
[CV] END ........alpha=65, fit_intercept=True, max_iter=1000; total time= 3.0min
[CV] END ........alpha=92, fit_intercept=False, max_iter=500; total time= 3.0min
[CV] END .......alpha=27, fit_intercept=False, max_iter=1000; total time= 2.7min
[CV] END .........alpha=55, fit_intercept=True, max_iter=500; total time= 2.8min
[CV] END .........alpha=61, fit_intercept=True, max_iter=500; total time= 1.6min
[CV] END ........alpha=46, fit_intercept=True, max_iter=1000; total time= 2.0min
[CV] END ........alpha=48, fit_intercept=True, max_iter=1000; total time= 2.6min
[CV] END .........alpha=31, fit_intercept=True, max_iter=500; total time= 2.1min
[CV] END ........alpha=94, fit_intercept=False, max_iter=500; total time= 4.0min
[CV] END .......alpha=39, fit_intercept=False, max_iter=1000; total time= 2.7min
[CV] END .......alpha=71, fit_intercept=False, max_iter=1000; total time= 2.7min
[CV] END .........alpha=4, fit_intercept=True, max_iter=1000; total time= 2.5min
[CV] END ........alpha=97, fit_intercept=False, max_iter=500; total time= 2.7min
[CV] END .......alpha=94, fit_intercept=False, max_iter=1000; total time= 3.2min
[CV] END ........alpha=21, fit_intercept=True, max_iter=1000; total time= 2.7min
[CV] END ........alpha=97, fit_intercept=True, max_iter=1000; total time= 2.4min
[CV] END .......alpha=59, fit_intercept=False, max_iter=1000; total time= 2.4min
[CV] END .........alpha=61, fit_intercept=True, max_iter=500; total time= 2.6min
[CV] END ........alpha=41, fit_intercept=True, max_iter=1000; total time= 2.8min
[CV] END ........alpha=86, fit_intercept=False, max_iter=500; total time= 2.9min
[CV] END ........alpha=94, fit_intercept=False, max_iter=500; total time= 2.1min
[CV] END ........alpha=50, fit_intercept=False, max_iter=500; total time= 2.9min
[CV] END ........alpha=5, fit_intercept=False, max_iter=1000; total time= 2.9min
[CV] END ........alpha=62, fit_intercept=False, max_iter=500; total time= 2.9min
[CV] END .......alpha=22, fit_intercept=False, max_iter=1000; total time= 2.7min
[CV] END ........alpha=65, fit_intercept=True, max_iter=1000; total time= 3.1min
[CV] END ........alpha=60, fit_intercept=False, max_iter=500; total time= 3.1min
[CV] END ........alpha=87, fit_intercept=True, max_iter=1000; total time= 3.0min
[CV] END ........alpha=10, fit_intercept=False, max_iter=500; total time= 2.2min
[CV] END .........alpha=11, fit_intercept=True, max_iter=500; total time= 2.7min
[CV] END ........alpha=41, fit_intercept=True, max_iter=1000; total time= 3.1min
[CV] END .........alpha=40, fit_intercept=True, max_iter=500; total time= 2.7min
[CV] END .........alpha=99, fit_intercept=True, max_iter=500; total time= 2.1min
[CV] END ........alpha=50, fit_intercept=False, max_iter=500; total time= 2.0min
[CV] END ........alpha=78, fit_intercept=True, max_iter=1000; total time= 2.9min
[CV] END ........alpha=69, fit_intercept=False, max_iter=500; total time= 2.2min
[CV] END .........alpha=4, fit_intercept=True, max_iter=1000; total time= 2.6min
[CV] END .........alpha=0, fit_intercept=True, max_iter=1000; total time=22.0min
[CV] END ........alpha=94, fit_intercept=False, max_iter=500; total time=  48.2s
[CV] END ........alpha=43, fit_intercept=True, max_iter=1000; total time= 3.4min
[CV] END .......alpha=39, fit_intercept=False, max_iter=1000; total time= 3.1min
[CV] END ........alpha=33, fit_intercept=False, max_iter=500; total time= 2.9min
[CV] END ........alpha=96, fit_intercept=False, max_iter=500; total time= 2.8min
[CV] END ........alpha=17, fit_intercept=False, max_iter=500; total time= 2.5min
[CV] END ........alpha=78, fit_intercept=False, max_iter=500; total time= 2.6min
[CV] END .........alpha=3, fit_intercept=False, max_iter=500; total time= 1.8min
[CV] END .......alpha=27, fit_intercept=False, max_iter=1000; total time= 1.3min
[CV] END .......alpha=97, fit_intercept=False, max_iter=1000; total time= 1.7min
[CV] END .......alpha=59, fit_intercept=False, max_iter=1000; total time= 2.6min
[CV] END .........alpha=11, fit_intercept=True, max_iter=500; total time= 2.3min
[CV] END ........alpha=41, fit_intercept=True, max_iter=1000; total time= 3.1min
[CV] END .........alpha=40, fit_intercept=True, max_iter=500; total time= 3.2min
[CV] END .........alpha=9, fit_intercept=True, max_iter=1000; total time= 2.3min
[CV] END ........alpha=50, fit_intercept=False, max_iter=500; total time=   4.3s
[CV] END ........alpha=80, fit_intercept=True, max_iter=1000; total time=  41.3s
[CV] END .........alpha=25, fit_intercept=True, max_iter=500; total time= 1.7min
[CV] END .........alpha=88, fit_intercept=True, max_iter=500; total time= 2.3min
[CV] END ........alpha=69, fit_intercept=False, max_iter=500; total time= 2.7min
[CV] END ........alpha=71, fit_intercept=True, max_iter=1000; total time= 2.1min
[CV] END ........alpha=14, fit_intercept=True, max_iter=1000; total time= 3.1min
[CV] END .......alpha=51, fit_intercept=False, max_iter=1000; total time= 2.8min
[CV] END ..........alpha=2, fit_intercept=True, max_iter=500; total time= 2.8min
[CV] END ........alpha=37, fit_intercept=False, max_iter=500; total time= 1.7min
[CV] END .......alpha=59, fit_intercept=False, max_iter=1000; total time= 3.0min
[CV] END ........alpha=59, fit_intercept=False, max_iter=500; total time= 3.2min
[CV] END .........alpha=92, fit_intercept=True, max_iter=500; total time= 2.5min
[CV] END .........alpha=31, fit_intercept=True, max_iter=500; total time= 2.7min
[CV] END ..........alpha=5, fit_intercept=True, max_iter=500; total time= 3.8min
[CV] END .........alpha=10, fit_intercept=True, max_iter=500; total time= 1.1min
[CV] END ........alpha=36, fit_intercept=False, max_iter=500; total time= 1.2min
[CV] END .........alpha=67, fit_intercept=True, max_iter=500; total time= 3.4min
[CV] END ........alpha=11, fit_intercept=True, max_iter=1000; total time= 2.5min
[CV] END .........alpha=0, fit_intercept=True, max_iter=1000; total time=22.9min
[CV] END .........alpha=99, fit_intercept=True, max_iter=500; total time= 4.2min
[CV] END ........alpha=78, fit_intercept=True, max_iter=1000; total time= 2.9min
[CV] END ........alpha=38, fit_intercept=True, max_iter=1000; total time= 2.7min
[CV] END ........alpha=11, fit_intercept=True, max_iter=1000; total time= 2.3min
[CV] END .........alpha=0, fit_intercept=True, max_iter=1000; total time=23.0min
MAE: 30.222, MSE: 40.443, R2: 0.567, Pearson R: 0.753, Spearman R: 0.751
Parameters
----------
alpha : 99
copy_X : True
fit_intercept : True
max_iter : 500
positive : False
random_state : None
solver : auto
tol : 0.0001
--------------------------------------------------------------------------------
Saved model to file: ../Models/glr_models/glr_LS_Feat_Var_regressor_gs.pk
Saved model to file: ../Models/glr_models/glr_LS_Feat_Var_regressor_best_estimator.pk
Saved model to file: ../Models/glr_models/glr_LS_Feat_Var_scaling_gs.pk
Load model to file: ../Models/glr_models/glr_LS_Feat_Var_regressor_gs.pk
Load model to file: ../Models/glr_models/glr_LS_Feat_Var_scaling_gs.pk
[27.112, 31.259, 30.111, 29.548, 33.091] [35.749, 41.524, 40.293, 39.448, 44.694] [0.553, 0.519, 0.655, 0.519, 0.527]
(30.224, 1.972, 40.342, 2.906, 0.555, 0.052, 0.744, 0.034, 0.742, 0.032)
Load model to file: ../Models/glr_models/glr_LS_Feat_Var_regressor_gs.pk
Load model to file: ../Models/glr_models/glr_LS_Feat_Var_scaling_gs.pk
[147.94240216 177.99973451 179.8830394  ... 205.64270863 221.38062336
 218.0613387 ]
(44.859, 60.005, 0.281, 0.53, 0.556)
Finished writing predictions
Load model to file: ../Models/glr_models/glr_LS_Feat_Var_regressor_best_estimator.pk
