Loaded training file
Shape of training set after removing non-numeric cols
(34387, 2346)
(19184, 2346)
Shape of training set after removing cols with NaNs
(34387, 2333)
(19184, 2333)
Fitting 5 folds for each of 100 candidates, totalling 500 fits
MAE: 29.922, MSE: 40.200, R2: 0.572, Pearson R: 0.756, Spearman R: 0.755
Parameters
----------
alpha : 98
copy_X : True
fit_intercept : True
max_iter : 1000
positive : False
random_state : None
solver : auto
tol : 0.0001
--------------------------------------------------------------------------------
Saved model to file: ../Models/glr_models/glr_MFP_Feat_Var_regressor_gs.pk
Saved model to file: ../Models/glr_models/glr_MFP_Feat_Var_regressor_best_estimator.pk
Saved model to file: ../Models/glr_models/glr_MFP_Feat_Var_scaling_gs.pk
Load model to file: ../Models/glr_models/glr_MFP_Feat_Var_regressor_gs.pk
Load model to file: ../Models/glr_models/glr_MFP_Feat_Var_scaling_gs.pk
[26.854, 30.912, 29.686, 29.475, 32.7] [35.471, 41.267, 39.97, 39.405, 44.399] [0.558, 0.524, 0.66, 0.52, 0.534]
(29.925, 1.917, 40.102, 2.89, 0.559, 0.052, 0.747, 0.034, 0.745, 0.033)
Load model to file: ../Models/glr_models/glr_MFP_Feat_Var_regressor_gs.pk
Load model to file: ../Models/glr_models/glr_MFP_Feat_Var_scaling_gs.pk
[147.09544833 174.5946869  177.64223432 ... 219.46382859 228.97650055
 227.90864721]
(43.476, 57.257, 0.336, 0.579, 0.578)
Finished writing predictions
Load model to file: ../Models/glr_models/glr_MFP_Feat_Var_regressor_best_estimator.pk
[CV] END ........alpha=91, fit_intercept=True, max_iter=1000; total time=  15.1s
[CV] END ........alpha=60, fit_intercept=True, max_iter=1000; total time=  21.1s
[CV] END .........alpha=65, fit_intercept=True, max_iter=500; total time=  19.4s
[CV] END ........alpha=35, fit_intercept=False, max_iter=500; total time=  20.3s
[CV] END ........alpha=68, fit_intercept=False, max_iter=500; total time=  11.0s
[CV] END ........alpha=34, fit_intercept=False, max_iter=500; total time=  11.3s
[CV] END .........alpha=57, fit_intercept=True, max_iter=500; total time=  15.1s
[CV] END ........alpha=25, fit_intercept=False, max_iter=500; total time=  15.9s
[CV] END .......alpha=48, fit_intercept=False, max_iter=1000; total time=  18.8s
[CV] END .........alpha=43, fit_intercept=True, max_iter=500; total time=  22.2s
[CV] END .......alpha=84, fit_intercept=False, max_iter=1000; total time=  12.0s
[CV] END ........alpha=5, fit_intercept=False, max_iter=1000; total time=  11.1s
[CV] END .........alpha=26, fit_intercept=True, max_iter=500; total time=  15.2s
[CV] END .........alpha=88, fit_intercept=True, max_iter=500; total time=  14.0s
[CV] END .........alpha=8, fit_intercept=False, max_iter=500; total time=  10.2s
[CV] END .........alpha=10, fit_intercept=True, max_iter=500; total time=  13.1s
[CV] END .........alpha=56, fit_intercept=True, max_iter=500; total time=  12.0s
[CV] END ........alpha=75, fit_intercept=False, max_iter=500; total time=  17.5s
[CV] END ........alpha=64, fit_intercept=False, max_iter=500; total time=  20.3s
[CV] END ........alpha=34, fit_intercept=False, max_iter=500; total time=  21.0s
[CV] END ........alpha=30, fit_intercept=False, max_iter=500; total time=  22.1s
[CV] END .......alpha=61, fit_intercept=False, max_iter=1000; total time=  21.4s
[CV] END .......alpha=53, fit_intercept=False, max_iter=1000; total time=  20.2s
[CV] END ........alpha=53, fit_intercept=False, max_iter=500; total time=  15.3s
[CV] END ........alpha=62, fit_intercept=True, max_iter=1000; total time=  10.3s
[CV] END ........alpha=48, fit_intercept=False, max_iter=500; total time=  10.9s
[CV] END .........alpha=16, fit_intercept=True, max_iter=500; total time=  22.6s
[CV] END ........alpha=19, fit_intercept=True, max_iter=1000; total time=  21.6s
[CV] END ........alpha=18, fit_intercept=False, max_iter=500; total time=  19.8s
[CV] END .........alpha=18, fit_intercept=True, max_iter=500; total time=  22.1s
[CV] END ........alpha=84, fit_intercept=False, max_iter=500; total time=  22.4s
[CV] END ........alpha=30, fit_intercept=False, max_iter=500; total time=  12.0s
[CV] END ........alpha=83, fit_intercept=False, max_iter=500; total time=  13.8s
[CV] END ........alpha=57, fit_intercept=True, max_iter=1000; total time=  13.5s
[CV] END .........alpha=43, fit_intercept=True, max_iter=500; total time=  12.2s
[CV] END .......alpha=71, fit_intercept=False, max_iter=1000; total time=  11.5s
[CV] END .......alpha=84, fit_intercept=False, max_iter=1000; total time=  17.9s
[CV] END ........alpha=81, fit_intercept=True, max_iter=1000; total time=  19.5s
[CV] END ........alpha=66, fit_intercept=False, max_iter=500; total time=  21.6s
[CV] END .........alpha=46, fit_intercept=True, max_iter=500; total time=  22.1s
[CV] END ........alpha=18, fit_intercept=False, max_iter=500; total time=  20.2s
[CV] END .........alpha=18, fit_intercept=True, max_iter=500; total time=  18.3s
[CV] END ........alpha=87, fit_intercept=True, max_iter=1000; total time=  12.9s
[CV] END ........alpha=32, fit_intercept=True, max_iter=1000; total time=  17.2s
[CV] END ........alpha=21, fit_intercept=False, max_iter=500; total time=  15.0s
[CV] END ........alpha=31, fit_intercept=False, max_iter=500; total time=  21.7s
[CV] END .........alpha=58, fit_intercept=True, max_iter=500; total time=  11.8s
[CV] END .........alpha=28, fit_intercept=True, max_iter=500; total time=  13.6s
[CV] END ........alpha=53, fit_intercept=False, max_iter=500; total time=  19.5s
[CV] END .........alpha=21, fit_intercept=True, max_iter=500; total time=  15.3s
[CV] END .........alpha=88, fit_intercept=True, max_iter=500; total time=  13.5s
[CV] END .........alpha=8, fit_intercept=False, max_iter=500; total time=  10.9s
[CV] END .........alpha=10, fit_intercept=True, max_iter=500; total time=   9.9s
[CV] END .........alpha=20, fit_intercept=True, max_iter=500; total time=  11.2s
[CV] END .......alpha=46, fit_intercept=False, max_iter=1000; total time=  19.0s
[CV] END .........alpha=18, fit_intercept=True, max_iter=500; total time=  21.0s
[CV] END ........alpha=84, fit_intercept=False, max_iter=500; total time=  22.0s
[CV] END ........alpha=30, fit_intercept=False, max_iter=500; total time=  23.2s
[CV] END .......alpha=61, fit_intercept=False, max_iter=1000; total time=  21.2s
[CV] END .......alpha=53, fit_intercept=False, max_iter=1000; total time=  10.2s
[CV] END ........alpha=71, fit_intercept=True, max_iter=1000; total time=  13.5s
[CV] END .........alpha=40, fit_intercept=True, max_iter=500; total time=  11.8s
[CV] END .........alpha=95, fit_intercept=True, max_iter=500; total time=  11.9s
[CV] END ........alpha=57, fit_intercept=False, max_iter=500; total time=   9.5s
[CV] END .......alpha=41, fit_intercept=False, max_iter=1000; total time=  22.4s
[CV] END .......alpha=26, fit_intercept=False, max_iter=1000; total time=  12.2s
[CV] END .........alpha=20, fit_intercept=True, max_iter=500; total time=  10.5s
[CV] END .......alpha=46, fit_intercept=False, max_iter=1000; total time=  11.0s
[CV] END .......alpha=40, fit_intercept=False, max_iter=1000; total time=  19.5s
[CV] END ........alpha=68, fit_intercept=False, max_iter=500; total time=  20.3s
[CV] END .......alpha=66, fit_intercept=False, max_iter=1000; total time=  21.5s
[CV] END ........alpha=69, fit_intercept=True, max_iter=1000; total time=  22.6s
[CV] END ........alpha=41, fit_intercept=False, max_iter=500; total time=   9.9s
[CV] END .........alpha=58, fit_intercept=True, max_iter=500; total time=  15.3s
[CV] END .........alpha=86, fit_intercept=True, max_iter=500; total time=  12.3s
[CV] END .........alpha=40, fit_intercept=True, max_iter=500; total time=  11.0s
[CV] END .........alpha=95, fit_intercept=True, max_iter=500; total time=  10.8s
[CV] END ........alpha=57, fit_intercept=False, max_iter=500; total time=   9.5s
[CV] END ........alpha=66, fit_intercept=False, max_iter=500; total time=  20.1s
[CV] END .........alpha=52, fit_intercept=True, max_iter=500; total time=  22.1s
[CV] END .......alpha=29, fit_intercept=False, max_iter=1000; total time=  16.9s
[CV] END .........alpha=7, fit_intercept=True, max_iter=1000; total time=  10.2s
[CV] END ........alpha=29, fit_intercept=True, max_iter=1000; total time=  11.6s
[CV] END ........alpha=70, fit_intercept=False, max_iter=500; total time=  20.9s
[CV] END .......alpha=35, fit_intercept=False, max_iter=1000; total time=  22.6s
[CV] END .........alpha=70, fit_intercept=True, max_iter=500; total time=  20.0s
[CV] END .......alpha=70, fit_intercept=False, max_iter=1000; total time=  12.8s
[CV] END ........alpha=46, fit_intercept=False, max_iter=500; total time=  19.7s
[CV] END .........alpha=40, fit_intercept=True, max_iter=500; total time=  12.5s
[CV] END .........alpha=95, fit_intercept=True, max_iter=500; total time=  19.7s
[CV] END ........alpha=91, fit_intercept=True, max_iter=1000; total time=  19.6s
[CV] END .........alpha=2, fit_intercept=True, max_iter=1000; total time=  21.4s
[CV] END .......alpha=29, fit_intercept=False, max_iter=1000; total time=  16.9s
[CV] END .........alpha=7, fit_intercept=True, max_iter=1000; total time=  12.4s
[CV] END .......alpha=20, fit_intercept=False, max_iter=1000; total time=  12.1s
[CV] END ........alpha=87, fit_intercept=True, max_iter=1000; total time=  11.2s
[CV] END ........alpha=99, fit_intercept=False, max_iter=500; total time=  11.1s
[CV] END .......alpha=35, fit_intercept=False, max_iter=1000; total time=  10.3s
[CV] END ........alpha=25, fit_intercept=False, max_iter=500; total time=   9.8s
[CV] END .........alpha=70, fit_intercept=True, max_iter=500; total time=  11.0s
[CV] END ........alpha=70, fit_intercept=True, max_iter=1000; total time=  11.0s
[CV] END .........alpha=91, fit_intercept=True, max_iter=500; total time=  10.9s
[CV] END .......alpha=71, fit_intercept=False, max_iter=1000; total time=  10.4s
[CV] END .........alpha=59, fit_intercept=True, max_iter=500; total time=  26.4s
[CV] END .........alpha=21, fit_intercept=True, max_iter=500; total time=  14.7s
[CV] END .........alpha=72, fit_intercept=True, max_iter=500; total time=  13.6s
[CV] END ........alpha=10, fit_intercept=True, max_iter=1000; total time=  21.5s
[CV] END .........alpha=65, fit_intercept=True, max_iter=500; total time=  20.9s
[CV] END ........alpha=35, fit_intercept=False, max_iter=500; total time=  16.9s
[CV] END .......alpha=73, fit_intercept=False, max_iter=1000; total time=  12.3s
[CV] END ........alpha=84, fit_intercept=False, max_iter=500; total time=  11.5s
[CV] END .......alpha=66, fit_intercept=False, max_iter=1000; total time=  11.1s
[CV] END ........alpha=30, fit_intercept=False, max_iter=500; total time=  21.0s
[CV] END .......alpha=48, fit_intercept=False, max_iter=1000; total time=  15.1s
[CV] END .......alpha=70, fit_intercept=False, max_iter=1000; total time=  22.5s
[CV] END .........alpha=86, fit_intercept=True, max_iter=500; total time=  14.8s
[CV] END ........alpha=34, fit_intercept=True, max_iter=1000; total time=  12.3s
[CV] END .........alpha=26, fit_intercept=True, max_iter=500; total time=  16.5s
[CV] END .......alpha=41, fit_intercept=False, max_iter=1000; total time=  21.1s
[CV] END .........alpha=46, fit_intercept=True, max_iter=500; total time=  14.2s
[CV] END .........alpha=65, fit_intercept=True, max_iter=500; total time=  11.1s
[CV] END .......alpha=46, fit_intercept=False, max_iter=1000; total time=  10.1s
[CV] END .......alpha=40, fit_intercept=False, max_iter=1000; total time=  10.6s
[CV] END ........alpha=29, fit_intercept=True, max_iter=1000; total time=  10.7s
[CV] END ........alpha=68, fit_intercept=False, max_iter=500; total time=  12.0s
[CV] END .......alpha=81, fit_intercept=False, max_iter=1000; total time=   9.9s
[CV] END ........alpha=19, fit_intercept=False, max_iter=500; total time=  11.9s
[CV] END ........alpha=21, fit_intercept=False, max_iter=500; total time=  10.6s
[CV] END .........alpha=51, fit_intercept=True, max_iter=500; total time=  13.4s
[CV] END ........alpha=70, fit_intercept=True, max_iter=1000; total time=  21.5s
[CV] END ........alpha=46, fit_intercept=False, max_iter=500; total time=  16.8s
[CV] END ........alpha=53, fit_intercept=False, max_iter=500; total time=  17.7s
[CV] END ........alpha=81, fit_intercept=True, max_iter=1000; total time=  18.9s
[CV] END .........alpha=72, fit_intercept=True, max_iter=500; total time=  18.8s
[CV] END .........alpha=2, fit_intercept=True, max_iter=1000; total time=  22.4s
[CV] END .........alpha=54, fit_intercept=True, max_iter=500; total time=  16.4s
[CV] END ........alpha=92, fit_intercept=False, max_iter=500; total time=  13.2s
[CV] END .......alpha=20, fit_intercept=False, max_iter=1000; total time=  18.4s
[CV] END .......alpha=81, fit_intercept=False, max_iter=1000; total time=  12.1s
[CV] END ........alpha=19, fit_intercept=False, max_iter=500; total time=  10.3s
[CV] END ........alpha=21, fit_intercept=False, max_iter=500; total time=  11.3s
[CV] END .........alpha=51, fit_intercept=True, max_iter=500; total time=  17.5s
[CV] END ........alpha=41, fit_intercept=False, max_iter=500; total time=  21.2s
[CV] END .........alpha=28, fit_intercept=True, max_iter=500; total time=  18.7s
[CV] END ........alpha=14, fit_intercept=False, max_iter=500; total time=  11.4s
[CV] END ........alpha=81, fit_intercept=True, max_iter=1000; total time=  10.3s
[CV] END .......alpha=72, fit_intercept=False, max_iter=1000; total time=   9.0s
[CV] END .........alpha=16, fit_intercept=True, max_iter=500; total time=  20.9s
[CV] END .........alpha=46, fit_intercept=True, max_iter=500; total time=  22.1s
[CV] END ........alpha=15, fit_intercept=True, max_iter=1000; total time=  20.5s
[CV] END ........alpha=59, fit_intercept=True, max_iter=1000; total time=  22.1s
[CV] END ........alpha=84, fit_intercept=False, max_iter=500; total time=  22.5s
[CV] END ........alpha=30, fit_intercept=False, max_iter=500; total time=  21.0s
[CV] END .......alpha=48, fit_intercept=False, max_iter=1000; total time=  21.6s
[CV] END .......alpha=53, fit_intercept=False, max_iter=1000; total time=  21.0s
[CV] END ........alpha=53, fit_intercept=False, max_iter=500; total time=  17.7s
[CV] END ........alpha=81, fit_intercept=True, max_iter=1000; total time=  10.6s
[CV] END ........alpha=57, fit_intercept=False, max_iter=500; total time=  11.9s
[CV] END ........alpha=13, fit_intercept=True, max_iter=1000; total time=  20.3s
[CV] END .........alpha=52, fit_intercept=True, max_iter=500; total time=  17.3s
[CV] END .........alpha=54, fit_intercept=True, max_iter=500; total time=  20.0s
[CV] END ........alpha=92, fit_intercept=False, max_iter=500; total time=  16.1s
[CV] END .........alpha=85, fit_intercept=True, max_iter=500; total time=  17.9s
[CV] END ........alpha=99, fit_intercept=False, max_iter=500; total time=  16.9s
[CV] END .........alpha=84, fit_intercept=True, max_iter=500; total time=  17.3s
[CV] END .........alpha=70, fit_intercept=True, max_iter=500; total time=  11.1s
[CV] END ........alpha=41, fit_intercept=False, max_iter=500; total time=  20.6s
[CV] END .......alpha=71, fit_intercept=False, max_iter=1000; total time=  18.1s
[CV] END .........alpha=40, fit_intercept=True, max_iter=500; total time=  16.3s
[CV] END .........alpha=26, fit_intercept=True, max_iter=500; total time=  20.2s
[CV] END .........alpha=16, fit_intercept=True, max_iter=500; total time=  20.5s
[CV] END .........alpha=52, fit_intercept=True, max_iter=500; total time=  22.0s
[CV] END ........alpha=15, fit_intercept=True, max_iter=1000; total time=  14.0s
[CV] END .......alpha=40, fit_intercept=False, max_iter=1000; total time=  14.9s
[CV] END .......alpha=73, fit_intercept=False, max_iter=1000; total time=  18.5s
[CV] END .......alpha=81, fit_intercept=False, max_iter=1000; total time=  19.8s
[CV] END .........alpha=84, fit_intercept=True, max_iter=500; total time=  12.0s
[CV] END ........alpha=83, fit_intercept=False, max_iter=500; total time=  14.4s
[CV] END ........alpha=70, fit_intercept=True, max_iter=1000; total time=  11.4s
[CV] END .........alpha=43, fit_intercept=True, max_iter=500; total time=  14.4s
[CV] END ........alpha=71, fit_intercept=True, max_iter=1000; total time=  16.2s
[CV] END ........alpha=24, fit_intercept=True, max_iter=1000; total time=  20.3s
[CV] END ........alpha=48, fit_intercept=False, max_iter=500; total time=  15.0s
[CV] END .........alpha=88, fit_intercept=True, max_iter=500; total time=  19.4s
[CV] END .........alpha=2, fit_intercept=True, max_iter=1000; total time=  18.2s
[CV] END .........alpha=54, fit_intercept=True, max_iter=500; total time=  13.2s
[CV] END ........alpha=75, fit_intercept=False, max_iter=500; total time=  19.2s
[CV] END .......alpha=20, fit_intercept=False, max_iter=1000; total time=  20.6s
[CV] END ........alpha=99, fit_intercept=False, max_iter=500; total time=  21.1s
[CV] END ........alpha=21, fit_intercept=False, max_iter=500; total time=  22.2s
[CV] END ........alpha=57, fit_intercept=True, max_iter=1000; total time=  22.3s
[CV] END ........alpha=46, fit_intercept=False, max_iter=500; total time=  16.8s
[CV] END ........alpha=53, fit_intercept=False, max_iter=500; total time=  20.1s
[CV] END .........alpha=26, fit_intercept=True, max_iter=500; total time=  10.5s
[CV] END .........alpha=77, fit_intercept=True, max_iter=500; total time=   9.7s
[CV] END ........alpha=98, fit_intercept=True, max_iter=1000; total time=  14.9s
[CV] END ........alpha=60, fit_intercept=True, max_iter=1000; total time=  16.8s
[CV] END .......alpha=88, fit_intercept=False, max_iter=1000; total time=  22.6s
[CV] END ........alpha=85, fit_intercept=False, max_iter=500; total time=  16.3s
[CV] END .......alpha=20, fit_intercept=False, max_iter=1000; total time=  16.3s
[CV] END ........alpha=34, fit_intercept=False, max_iter=500; total time=  13.8s
[CV] END ........alpha=19, fit_intercept=False, max_iter=500; total time=  10.7s
[CV] END .........alpha=84, fit_intercept=True, max_iter=500; total time=  11.9s
[CV] END .........alpha=51, fit_intercept=True, max_iter=500; total time=  13.0s
[CV] END ........alpha=70, fit_intercept=True, max_iter=1000; total time=  16.9s
[CV] END ........alpha=46, fit_intercept=False, max_iter=500; total time=  18.4s
[CV] END .......alpha=84, fit_intercept=False, max_iter=1000; total time=  17.4s
[CV] END .........alpha=95, fit_intercept=True, max_iter=500; total time=  13.2s
[CV] END .......alpha=72, fit_intercept=False, max_iter=1000; total time=  11.4s
[CV] END .........alpha=72, fit_intercept=True, max_iter=500; total time=  17.1s
[CV] END ........alpha=72, fit_intercept=False, max_iter=500; total time=  15.6s
[CV] END .......alpha=88, fit_intercept=False, max_iter=1000; total time=  12.2s
[CV] END ........alpha=18, fit_intercept=False, max_iter=500; total time=   9.6s
[CV] END ........alpha=85, fit_intercept=False, max_iter=500; total time=  10.6s
[CV] END ........alpha=64, fit_intercept=False, max_iter=500; total time=  16.1s
[CV] END ........alpha=87, fit_intercept=True, max_iter=1000; total time=  13.7s
[CV] END ........alpha=32, fit_intercept=True, max_iter=1000; total time=  12.0s
[CV] END .........alpha=27, fit_intercept=True, max_iter=500; total time=  21.1s
[CV] END .......alpha=48, fit_intercept=False, max_iter=1000; total time=  17.4s
[CV] END .......alpha=70, fit_intercept=False, max_iter=1000; total time=  21.6s
[CV] END .........alpha=59, fit_intercept=True, max_iter=500; total time=  12.0s
[CV] END ........alpha=24, fit_intercept=True, max_iter=1000; total time=  15.5s
[CV] END .........alpha=21, fit_intercept=True, max_iter=500; total time=  19.0s
[CV] END ........alpha=13, fit_intercept=True, max_iter=1000; total time=  23.5s
[CV] END ........alpha=19, fit_intercept=True, max_iter=1000; total time=  19.7s
[CV] END ........alpha=15, fit_intercept=True, max_iter=1000; total time=  10.0s
[CV] END ........alpha=85, fit_intercept=False, max_iter=500; total time=  10.8s
[CV] END .........alpha=18, fit_intercept=True, max_iter=500; total time=  10.3s
[CV] END .........alpha=85, fit_intercept=True, max_iter=500; total time=  10.1s
[CV] END ........alpha=84, fit_intercept=False, max_iter=500; total time=  11.0s
[CV] END ........alpha=32, fit_intercept=True, max_iter=1000; total time=  22.5s
[CV] END ........alpha=69, fit_intercept=True, max_iter=1000; total time=  24.1s
[CV] END ........alpha=98, fit_intercept=False, max_iter=500; total time=  21.9s
[CV] END ........alpha=17, fit_intercept=True, max_iter=1000; total time=  12.7s
[CV] END .........alpha=40, fit_intercept=True, max_iter=500; total time=  20.7s
[CV] END ........alpha=48, fit_intercept=False, max_iter=500; total time=  16.5s
[CV] END ........alpha=13, fit_intercept=True, max_iter=1000; total time=  20.7s
[CV] END .........alpha=46, fit_intercept=True, max_iter=500; total time=  11.2s
[CV] END .......alpha=88, fit_intercept=False, max_iter=1000; total time=  11.0s
[CV] END ........alpha=15, fit_intercept=True, max_iter=1000; total time=  13.0s
[CV] END ........alpha=35, fit_intercept=False, max_iter=500; total time=  19.7s
[CV] END .........alpha=85, fit_intercept=True, max_iter=500; total time=  21.8s
[CV] END .......alpha=66, fit_intercept=False, max_iter=1000; total time=  21.9s
[CV] END ........alpha=83, fit_intercept=False, max_iter=500; total time=  21.9s
[CV] END ........alpha=98, fit_intercept=False, max_iter=500; total time=  20.3s
[CV] END ........alpha=71, fit_intercept=True, max_iter=1000; total time=  17.5s
[CV] END ........alpha=24, fit_intercept=True, max_iter=1000; total time=  12.8s
[CV] END ........alpha=81, fit_intercept=True, max_iter=1000; total time=  11.9s
[CV] END .........alpha=77, fit_intercept=True, max_iter=500; total time=   9.7s
[CV] END ........alpha=13, fit_intercept=True, max_iter=1000; total time=  20.4s
[CV] END .........alpha=46, fit_intercept=True, max_iter=500; total time=  11.0s
[CV] END .........alpha=0, fit_intercept=False, max_iter=500; total time= 2.5min
[CV] END ........alpha=24, fit_intercept=True, max_iter=1000; total time=  21.7s
[CV] END .......alpha=72, fit_intercept=False, max_iter=1000; total time=  13.8s
[CV] END ........alpha=66, fit_intercept=False, max_iter=500; total time=  20.0s
[CV] END .........alpha=52, fit_intercept=True, max_iter=500; total time=  16.4s
[CV] END .........alpha=56, fit_intercept=True, max_iter=500; total time=  11.6s
[CV] END ........alpha=75, fit_intercept=False, max_iter=500; total time=  10.5s
[CV] END .........alpha=7, fit_intercept=True, max_iter=1000; total time=  10.4s
[CV] END ........alpha=29, fit_intercept=True, max_iter=1000; total time=  10.2s
[CV] END ........alpha=70, fit_intercept=False, max_iter=500; total time=  18.6s
[CV] END .........alpha=57, fit_intercept=True, max_iter=500; total time=  12.5s
[CV] END .........alpha=84, fit_intercept=True, max_iter=500; total time=  22.2s
[CV] END ........alpha=57, fit_intercept=True, max_iter=1000; total time=  11.8s
[CV] END .......alpha=70, fit_intercept=False, max_iter=1000; total time=  17.0s
[CV] END ........alpha=71, fit_intercept=True, max_iter=1000; total time=  20.6s
[CV] END ........alpha=5, fit_intercept=False, max_iter=1000; total time=  10.4s
[CV] END .........alpha=26, fit_intercept=True, max_iter=500; total time=  10.2s
[CV] END ........alpha=74, fit_intercept=False, max_iter=500; total time=  11.6s
[CV] END ........alpha=91, fit_intercept=True, max_iter=1000; total time=  13.9s
[CV] END .........alpha=8, fit_intercept=False, max_iter=500; total time=  11.6s
[CV] END .........alpha=10, fit_intercept=True, max_iter=500; total time=  14.2s
[CV] END .........alpha=54, fit_intercept=True, max_iter=500; total time=  17.2s
[CV] END ........alpha=92, fit_intercept=False, max_iter=500; total time=  10.5s
[CV] END ........alpha=29, fit_intercept=True, max_iter=1000; total time=  12.7s
[CV] END ........alpha=70, fit_intercept=False, max_iter=500; total time=  12.9s
[CV] END ........alpha=99, fit_intercept=False, max_iter=500; total time=  23.1s
[CV] END ........alpha=69, fit_intercept=True, max_iter=1000; total time=  24.2s
[CV] END ........alpha=98, fit_intercept=False, max_iter=500; total time=  22.1s
[CV] END ........alpha=71, fit_intercept=True, max_iter=1000; total time=  18.1s
[CV] END ........alpha=14, fit_intercept=False, max_iter=500; total time=  18.5s
[CV] END ........alpha=48, fit_intercept=False, max_iter=500; total time=  15.0s
[CV] END ........alpha=10, fit_intercept=True, max_iter=1000; total time=  15.6s
[CV] END ........alpha=72, fit_intercept=False, max_iter=500; total time=  21.4s
[CV] END .........alpha=56, fit_intercept=True, max_iter=500; total time=  20.9s
[CV] END .........alpha=7, fit_intercept=True, max_iter=1000; total time=  20.9s
[CV] END ........alpha=70, fit_intercept=False, max_iter=500; total time=  22.8s
[CV] END ........alpha=19, fit_intercept=False, max_iter=500; total time=  15.8s
[CV] END ........alpha=69, fit_intercept=True, max_iter=1000; total time=  13.3s
[CV] END .......alpha=61, fit_intercept=False, max_iter=1000; total time=  14.8s
[CV] END .........alpha=91, fit_intercept=True, max_iter=500; total time=  17.9s
[CV] END ........alpha=17, fit_intercept=True, max_iter=1000; total time=  16.3s
[CV] END ........alpha=14, fit_intercept=False, max_iter=500; total time=  21.0s
[CV] END .......alpha=72, fit_intercept=False, max_iter=1000; total time=  13.5s
[CV] END ........alpha=98, fit_intercept=True, max_iter=1000; total time=  17.0s
[CV] END ........alpha=72, fit_intercept=False, max_iter=500; total time=  10.3s
[CV] END .........alpha=0, fit_intercept=False, max_iter=500; total time= 3.0min
[CV] END .........alpha=77, fit_intercept=True, max_iter=500; total time=  10.1s
[CV] END ........alpha=13, fit_intercept=True, max_iter=1000; total time=  23.2s
[CV] END ........alpha=19, fit_intercept=True, max_iter=1000; total time=  18.9s
[CV] END .......alpha=29, fit_intercept=False, max_iter=1000; total time=  14.0s
[CV] END ........alpha=35, fit_intercept=False, max_iter=500; total time=  10.1s
[CV] END ........alpha=64, fit_intercept=False, max_iter=500; total time=  17.2s
[CV] END ........alpha=12, fit_intercept=True, max_iter=1000; total time=  11.8s
[CV] END ........alpha=32, fit_intercept=True, max_iter=1000; total time=  23.1s
[CV] END ........alpha=83, fit_intercept=False, max_iter=500; total time=  17.3s
[CV] END ........alpha=70, fit_intercept=True, max_iter=1000; total time=  23.0s
[CV] END .......alpha=71, fit_intercept=False, max_iter=1000; total time=  19.8s
[CV] END ........alpha=24, fit_intercept=True, max_iter=1000; total time=  17.1s
[CV] END .........alpha=21, fit_intercept=True, max_iter=500; total time=  19.1s
[CV] END .........alpha=72, fit_intercept=True, max_iter=500; total time=  20.2s
[CV] END .........alpha=52, fit_intercept=True, max_iter=500; total time=  22.2s
[CV] END .......alpha=29, fit_intercept=False, max_iter=1000; total time=  18.3s
[CV] END ........alpha=59, fit_intercept=True, max_iter=1000; total time=  21.1s
[CV] END ........alpha=87, fit_intercept=True, max_iter=1000; total time=  23.3s
[CV] END .......alpha=35, fit_intercept=False, max_iter=1000; total time=  22.9s
[CV] END ........alpha=31, fit_intercept=False, max_iter=500; total time=  22.4s
[CV] END .........alpha=58, fit_intercept=True, max_iter=500; total time=  14.5s
[CV] END .........alpha=86, fit_intercept=True, max_iter=500; total time=  16.3s
[CV] END ........alpha=34, fit_intercept=True, max_iter=1000; total time=  18.7s
[CV] END ........alpha=57, fit_intercept=False, max_iter=500; total time=  15.0s
[CV] END .........alpha=88, fit_intercept=True, max_iter=500; total time=  22.4s
[CV] END .......alpha=26, fit_intercept=False, max_iter=1000; total time=  13.1s
[CV] END .........alpha=65, fit_intercept=True, max_iter=500; total time=  21.0s
[CV] END .......alpha=40, fit_intercept=False, max_iter=1000; total time=  13.1s
[CV] END ........alpha=29, fit_intercept=True, max_iter=1000; total time=  14.5s
[CV] END ........alpha=12, fit_intercept=True, max_iter=1000; total time=  15.4s
[CV] END .........alpha=57, fit_intercept=True, max_iter=500; total time=  12.4s
[CV] END ........alpha=21, fit_intercept=False, max_iter=500; total time=  11.5s
[CV] END .........alpha=51, fit_intercept=True, max_iter=500; total time=  14.9s
[CV] END ........alpha=41, fit_intercept=False, max_iter=500; total time=  21.9s
[CV] END .........alpha=28, fit_intercept=True, max_iter=500; total time=  21.3s
[CV] END ........alpha=34, fit_intercept=True, max_iter=1000; total time=  20.2s
[CV] END .......alpha=72, fit_intercept=False, max_iter=1000; total time=  13.1s
[CV] END ........alpha=10, fit_intercept=True, max_iter=1000; total time=  22.8s
[CV] END ........alpha=19, fit_intercept=True, max_iter=1000; total time=  20.2s
[CV] END ........alpha=15, fit_intercept=True, max_iter=1000; total time=  10.2s
[CV] END ........alpha=85, fit_intercept=False, max_iter=500; total time=  19.6s
[CV] END .......alpha=73, fit_intercept=False, max_iter=1000; total time=  17.0s
[CV] END .......alpha=81, fit_intercept=False, max_iter=1000; total time=  19.8s
[CV] END .........alpha=84, fit_intercept=True, max_iter=500; total time=  15.4s
[CV] END .........alpha=70, fit_intercept=True, max_iter=500; total time=  22.2s
[CV] END .........alpha=43, fit_intercept=True, max_iter=500; total time=  11.4s
[CV] END .......alpha=71, fit_intercept=False, max_iter=1000; total time=  10.8s
[CV] END .......alpha=84, fit_intercept=False, max_iter=1000; total time=  10.5s
[CV] END ........alpha=14, fit_intercept=False, max_iter=500; total time=  15.8s
[CV] END .........alpha=21, fit_intercept=True, max_iter=500; total time=  10.3s
[CV] END .........alpha=36, fit_intercept=True, max_iter=500; total time=   8.7s
[CV] END .......alpha=41, fit_intercept=False, max_iter=1000; total time=  15.4s
[CV] END ........alpha=60, fit_intercept=True, max_iter=1000; total time=  21.6s
[CV] END .........alpha=56, fit_intercept=True, max_iter=500; total time=  20.6s
[CV] END .........alpha=7, fit_intercept=True, max_iter=1000; total time=  16.0s
[CV] END .........alpha=85, fit_intercept=True, max_iter=500; total time=  19.9s
[CV] END ........alpha=99, fit_intercept=False, max_iter=500; total time=  12.1s
[CV] END .........alpha=27, fit_intercept=True, max_iter=500; total time=  17.7s
[CV] END .........alpha=51, fit_intercept=True, max_iter=500; total time=  23.5s
[CV] END .........alpha=91, fit_intercept=True, max_iter=500; total time=  22.3s
[CV] END .........alpha=59, fit_intercept=True, max_iter=500; total time=  19.3s
[CV] END .........alpha=95, fit_intercept=True, max_iter=500; total time=  15.8s
[CV] END .........alpha=77, fit_intercept=True, max_iter=500; total time=  10.5s
[CV] END ........alpha=91, fit_intercept=True, max_iter=1000; total time=  15.8s
[CV] END ........alpha=72, fit_intercept=False, max_iter=500; total time=  10.8s
[CV] END .........alpha=10, fit_intercept=True, max_iter=500; total time=   9.2s
[CV] END .........alpha=65, fit_intercept=True, max_iter=500; total time=  11.2s
[CV] END .......alpha=46, fit_intercept=False, max_iter=1000; total time=   9.4s
[CV] END .......alpha=40, fit_intercept=False, max_iter=1000; total time=  10.1s
[CV] END ........alpha=64, fit_intercept=False, max_iter=500; total time=  11.1s
[CV] END ........alpha=68, fit_intercept=False, max_iter=500; total time=  11.3s
[CV] END ........alpha=34, fit_intercept=False, max_iter=500; total time=  10.4s
[CV] END .........alpha=57, fit_intercept=True, max_iter=500; total time=  16.1s
[CV] END ........alpha=25, fit_intercept=False, max_iter=500; total time=  14.2s
[CV] END .......alpha=61, fit_intercept=False, max_iter=1000; total time=  18.6s
[CV] END .........alpha=58, fit_intercept=True, max_iter=500; total time=  21.4s
[CV] END .........alpha=59, fit_intercept=True, max_iter=500; total time=  17.2s
[CV] END ........alpha=62, fit_intercept=True, max_iter=1000; total time=  18.8s
[CV] END .........alpha=77, fit_intercept=True, max_iter=500; total time=   9.2s
[CV] END ........alpha=66, fit_intercept=False, max_iter=500; total time=  16.7s
[CV] END ........alpha=72, fit_intercept=False, max_iter=500; total time=  20.6s
[CV] END .........alpha=54, fit_intercept=True, max_iter=500; total time=  17.2s
[CV] END ........alpha=85, fit_intercept=False, max_iter=500; total time=  19.2s
[CV] END .........alpha=85, fit_intercept=True, max_iter=500; total time=  21.6s
[CV] END ........alpha=32, fit_intercept=True, max_iter=1000; total time=  22.6s
[CV] END ........alpha=69, fit_intercept=True, max_iter=1000; total time=  22.7s
[CV] END ........alpha=98, fit_intercept=False, max_iter=500; total time=  19.4s
[CV] END .........alpha=28, fit_intercept=True, max_iter=500; total time=  19.4s
[CV] END ........alpha=14, fit_intercept=False, max_iter=500; total time=  20.4s
[CV] END ........alpha=57, fit_intercept=False, max_iter=500; total time=  15.1s
[CV] END ........alpha=66, fit_intercept=False, max_iter=500; total time=  13.4s
[CV] END .........alpha=8, fit_intercept=False, max_iter=500; total time=  10.1s
[CV] END .........alpha=10, fit_intercept=True, max_iter=500; total time=  17.7s
[CV] END .......alpha=29, fit_intercept=False, max_iter=1000; total time=  17.6s
[CV] END ........alpha=59, fit_intercept=True, max_iter=1000; total time=  10.6s
[CV] END .......alpha=20, fit_intercept=False, max_iter=1000; total time=  10.6s
[CV] END ........alpha=70, fit_intercept=False, max_iter=500; total time=  15.8s
[CV] END .......alpha=66, fit_intercept=False, max_iter=1000; total time=  20.2s
[CV] END ........alpha=25, fit_intercept=False, max_iter=500; total time=  11.0s
[CV] END ........alpha=31, fit_intercept=False, max_iter=500; total time=  18.7s
[CV] END .........alpha=91, fit_intercept=True, max_iter=500; total time=  18.2s
[CV] END ........alpha=17, fit_intercept=True, max_iter=1000; total time=  19.7s
[CV] END ........alpha=5, fit_intercept=False, max_iter=1000; total time=  12.6s
[CV] END ........alpha=48, fit_intercept=False, max_iter=500; total time=  10.0s
[CV] END .........alpha=36, fit_intercept=True, max_iter=500; total time=   8.7s
[CV] END ........alpha=98, fit_intercept=True, max_iter=1000; total time=  13.6s
[CV] END ........alpha=10, fit_intercept=True, max_iter=1000; total time=  20.7s
[CV] END .........alpha=20, fit_intercept=True, max_iter=500; total time=  21.1s
[CV] END ........alpha=35, fit_intercept=False, max_iter=500; total time=  17.3s
[CV] END .......alpha=73, fit_intercept=False, max_iter=1000; total time=  17.6s
[CV] END .......alpha=81, fit_intercept=False, max_iter=1000; total time=   9.7s
[CV] END .........alpha=57, fit_intercept=True, max_iter=500; total time=  13.4s
[CV] END ........alpha=25, fit_intercept=False, max_iter=500; total time=  21.3s
[CV] END ........alpha=57, fit_intercept=True, max_iter=1000; total time=  11.9s
[CV] END .........alpha=91, fit_intercept=True, max_iter=500; total time=  14.5s
[CV] END .........alpha=28, fit_intercept=True, max_iter=500; total time=  19.8s
[CV] END ........alpha=34, fit_intercept=True, max_iter=1000; total time=  21.2s
[CV] END ........alpha=74, fit_intercept=False, max_iter=500; total time=  13.1s
[CV] END .......alpha=41, fit_intercept=False, max_iter=1000; total time=  12.9s
[CV] END ........alpha=10, fit_intercept=True, max_iter=1000; total time=  10.5s
[CV] END ........alpha=19, fit_intercept=True, max_iter=1000; total time=  10.0s
[CV] END .........alpha=20, fit_intercept=True, max_iter=500; total time=  11.5s
[CV] END .......alpha=46, fit_intercept=False, max_iter=1000; total time=  11.9s
[CV] END ........alpha=92, fit_intercept=False, max_iter=500; total time=  16.0s
[CV] END .......alpha=73, fit_intercept=False, max_iter=1000; total time=   9.7s
[CV] END ........alpha=12, fit_intercept=True, max_iter=1000; total time=  13.3s
[CV] END .......alpha=66, fit_intercept=False, max_iter=1000; total time=   9.9s
[CV] END .........alpha=27, fit_intercept=True, max_iter=500; total time=  20.3s
[CV] END .........alpha=70, fit_intercept=True, max_iter=500; total time=  11.4s
[CV] END ........alpha=41, fit_intercept=False, max_iter=500; total time=  10.0s
[CV] END .........alpha=43, fit_intercept=True, max_iter=500; total time=  18.1s
[CV] END .........alpha=86, fit_intercept=True, max_iter=500; total time=  18.4s
[CV] END ........alpha=62, fit_intercept=True, max_iter=1000; total time=  21.6s
[CV] END .........alpha=36, fit_intercept=True, max_iter=500; total time=   9.2s
[CV] END ........alpha=91, fit_intercept=True, max_iter=1000; total time=  14.9s
[CV] END ........alpha=60, fit_intercept=True, max_iter=1000; total time=  21.6s
[CV] END .........alpha=56, fit_intercept=True, max_iter=500; total time=  20.9s
[CV] END ........alpha=92, fit_intercept=False, max_iter=500; total time=  20.5s
[CV] END ........alpha=68, fit_intercept=False, max_iter=500; total time=  22.8s
[CV] END ........alpha=19, fit_intercept=False, max_iter=500; total time=  19.1s
[CV] END ........alpha=83, fit_intercept=False, max_iter=500; total time=  11.5s
[CV] END ........alpha=57, fit_intercept=True, max_iter=1000; total time=  11.6s
[CV] END ........alpha=98, fit_intercept=False, max_iter=500; total time=  12.3s
[CV] END ........alpha=46, fit_intercept=False, max_iter=500; total time=  12.7s
[CV] END .........alpha=59, fit_intercept=True, max_iter=500; total time=  16.3s
[CV] END ........alpha=62, fit_intercept=True, max_iter=1000; total time=  21.6s
[CV] END .........alpha=36, fit_intercept=True, max_iter=500; total time=   9.2s
[CV] END .........alpha=72, fit_intercept=True, max_iter=500; total time=  22.9s
[CV] END .......alpha=26, fit_intercept=False, max_iter=1000; total time=  10.6s
[CV] END .......alpha=88, fit_intercept=False, max_iter=1000; total time=  16.2s
[CV] END ........alpha=75, fit_intercept=False, max_iter=500; total time=  14.1s
[CV] END ........alpha=59, fit_intercept=True, max_iter=1000; total time=  20.5s
[CV] END ........alpha=12, fit_intercept=True, max_iter=1000; total time=  22.3s
[CV] END .........alpha=27, fit_intercept=True, max_iter=500; total time=  22.7s
[CV] END .......alpha=48, fit_intercept=False, max_iter=1000; total time=  21.3s
[CV] END .......alpha=53, fit_intercept=False, max_iter=1000; total time=  15.7s
[CV] END .........alpha=86, fit_intercept=True, max_iter=500; total time=  15.9s
[CV] END ........alpha=5, fit_intercept=False, max_iter=1000; total time=  20.6s
[CV] END ........alpha=74, fit_intercept=False, max_iter=500; total time=  12.8s
[CV] END ........alpha=98, fit_intercept=True, max_iter=1000; total time=  13.6s
[CV] END .........alpha=8, fit_intercept=False, max_iter=500; total time=  15.7s
[CV] END .........alpha=0, fit_intercept=False, max_iter=500; total time= 3.1min
[CV] END .........alpha=16, fit_intercept=True, max_iter=500; total time=  22.1s
[CV] END .......alpha=26, fit_intercept=False, max_iter=1000; total time=   9.9s
[CV] END .......alpha=88, fit_intercept=False, max_iter=1000; total time=  11.7s
[CV] END ........alpha=18, fit_intercept=False, max_iter=500; total time=  18.6s
[CV] END ........alpha=59, fit_intercept=True, max_iter=1000; total time=  20.3s
[CV] END ........alpha=87, fit_intercept=True, max_iter=1000; total time=  22.7s
[CV] END .......alpha=35, fit_intercept=False, max_iter=1000; total time=  22.2s
[CV] END ........alpha=31, fit_intercept=False, max_iter=500; total time=  21.7s
[CV] END .........alpha=58, fit_intercept=True, max_iter=500; total time=  21.7s
[CV] END .......alpha=84, fit_intercept=False, max_iter=1000; total time=  15.5s
[CV] END ........alpha=62, fit_intercept=True, max_iter=1000; total time=  19.5s
[CV] END .........alpha=36, fit_intercept=True, max_iter=500; total time=   9.2s
[CV] END .......alpha=41, fit_intercept=False, max_iter=1000; total time=  17.9s
[CV] END .........alpha=2, fit_intercept=True, max_iter=1000; total time=  15.7s
[CV] END .........alpha=20, fit_intercept=True, max_iter=500; total time=  15.7s
[CV] END ........alpha=75, fit_intercept=False, max_iter=500; total time=  17.4s
[CV] END ........alpha=64, fit_intercept=False, max_iter=500; total time=  20.5s
[CV] END ........alpha=34, fit_intercept=False, max_iter=500; total time=  19.9s
[CV] END .........alpha=27, fit_intercept=True, max_iter=500; total time=  23.1s
[CV] END .......alpha=61, fit_intercept=False, max_iter=1000; total time=  22.0s
[CV] END .......alpha=53, fit_intercept=False, max_iter=1000; total time=  11.4s
[CV] END ........alpha=17, fit_intercept=True, max_iter=1000; total time=  17.8s
[CV] END ........alpha=34, fit_intercept=True, max_iter=1000; total time=  21.7s
[CV] END ........alpha=74, fit_intercept=False, max_iter=500; total time=  11.9s
[CV] END ........alpha=98, fit_intercept=True, max_iter=1000; total time=  22.6s
[CV] END .......alpha=26, fit_intercept=False, max_iter=1000; total time=  21.2s
[CV] END ........alpha=18, fit_intercept=False, max_iter=500; total time=  20.2s
[CV] END .........alpha=18, fit_intercept=True, max_iter=500; total time=  19.4s
[CV] END ........alpha=12, fit_intercept=True, max_iter=1000; total time=  22.1s
[CV] END .......alpha=35, fit_intercept=False, max_iter=1000; total time=  22.4s
[CV] END ........alpha=31, fit_intercept=False, max_iter=500; total time=  17.6s
[CV] END .......alpha=70, fit_intercept=False, max_iter=1000; total time=  17.9s
[CV] END ........alpha=17, fit_intercept=True, max_iter=1000; total time=  19.3s
[CV] END ........alpha=5, fit_intercept=False, max_iter=1000; total time=  21.0s
[CV] END ........alpha=74, fit_intercept=False, max_iter=500; total time=  12.0s
[CV] END .........alpha=88, fit_intercept=True, max_iter=500; total time=  18.8s
[CV] END .........alpha=2, fit_intercept=True, max_iter=1000; total time=  11.7s
[CV] END .........alpha=0, fit_intercept=False, max_iter=500; total time= 3.1min
[CV] END .........alpha=16, fit_intercept=True, max_iter=500; total time=  15.4s
[CV] END ........alpha=60, fit_intercept=True, max_iter=1000; total time=  13.9s
[CV] END .........alpha=0, fit_intercept=False, max_iter=500; total time= 3.1min
